<?xml version="1.0" encoding="UTF-8"?>
<!-- Generated by org.testng.reporters.JUnitXMLReporter -->
<testsuite hostname="LNDA0021" name="Command line test 9d85d9d2-f509-4db3-a461-6b9308953d4f" tests="9" failures="1" timestamp="12 Oct 2015 11:35:50 GMT" time="15.694" errors="0">
  <testcase name="Step_01_Admin_Logs_in_to_the_Application" time="6.459" classname="com.cengage.ng.test.integrationtests.smoketestsuite.TestAdminPerformsAction"/>
  <testcase name="Step_02_Admin_Logs_in_to_the_Application" time="0.968" classname="com.cengage.ng.test.integrationtests.smoketestsuite.TestAdminPerformsAction">
    <failure type="java.lang.IllegalArgumentException" message="No enum constant com.qait.mindtap.automation.getpageobjects.Locators.linkText">
      <![CDATA[java.lang.IllegalArgumentException: No enum constant com.qait.mindtap.automation.getpageobjects.Locators.linkText
	at java.lang.Enum.valueOf(Enum.java:238)
	at com.qait.mindtap.automation.getpageobjects.Locators.valueOf(Locators.java:3)
	at com.qait.mindtap.automation.getpageobjects.GetPage.getBy(GetPage.java:347)
	at com.qait.mindtap.automation.getpageobjects.GetPage.getLocator(GetPage.java:304)
	at com.qait.mindtap.automation.getpageobjects.GetPage.element(GetPage.java:137)
	at com.qait.mindtap.automation.getpageobjects.GetPage.element(GetPage.java:130)
	at com.qait.mindtap.keywords.NG_30104.AdminPerformActions.createUnpublishedMaster(AdminPerformActions.java:70)
	at com.cengage.ng.test.integrationtests.smoketestsuite.TestAdminPerformsAction.Step_02_Admin_Logs_in_to_the_Application(TestAdminPerformsAction.java:41)
... Removed 28 stack frames]]>
    </failure>
  </testcase> <!-- Step_02_Admin_Logs_in_to_the_Application -->
  <testcase name="adminRefreshMasterNeXtBook" time="0.0" classname="com.cengage.ng.test.integrationtests.smoketestsuite.TestAdminPerformsAction">
    <skipped/>
  </testcase> <!-- adminRefreshMasterNeXtBook -->
  <testcase name="adminCreatesUser" time="0.0" classname="com.cengage.ng.test.integrationtests.smoketestsuite.TestAdminPerformsAction">
    <skipped/>
  </testcase> <!-- adminCreatesUser -->
  <testcase name="adminChangesRoleForCreatedUser" time="0.0" classname="com.cengage.ng.test.integrationtests.smoketestsuite.TestAdminPerformsAction">
    <skipped/>
  </testcase> <!-- adminChangesRoleForCreatedUser -->
  <testcase name="adminDeletesCreatedUser" time="0.0" classname="com.cengage.ng.test.integrationtests.smoketestsuite.TestAdminPerformsAction">
    <skipped/>
  </testcase> <!-- adminDeletesCreatedUser -->
  <testcase name="adminCreatesLearningUnit" time="0.0" classname="com.cengage.ng.test.integrationtests.smoketestsuite.TestAdminPerformsAction">
    <skipped/>
  </testcase> <!-- adminCreatesLearningUnit -->
  <testcase name="verifySearchOperation" time="0.0" classname="com.cengage.ng.test.integrationtests.smoketestsuite.TestAdminPerformsAction">
    <skipped/>
  </testcase> <!-- verifySearchOperation -->
  <testcase name="adminLogout" time="0.0" classname="com.cengage.ng.test.integrationtests.smoketestsuite.TestAdminPerformsAction">
    <skipped/>
  </testcase> <!-- adminLogout -->
</testsuite> <!-- Command line test 9d85d9d2-f509-4db3-a461-6b9308953d4f -->
