<?xml version="1.0" encoding="UTF-8"?>
<!-- Generated by org.testng.reporters.JUnitXMLReporter -->
<testsuite hostname="LNDA0021" name="Command line test daf4beaa-f009-4b83-ab75-58841e76e4ae" tests="9" failures="0" timestamp="9 Oct 2015 12:23:35 GMT" time="6.321" errors="0">
  <testcase name="@BeforeClass start_test_session" time="0.0" classname="com.cengage.ng.test.integrationtests.smoketestsuite.TestAdminPerformsAction">
    <failure type="java.lang.NoClassDefFoundError" message="com/qait/mindtap/keywords/NG_30104/NG_30181_InstructorPageActions">
      <![CDATA[java.lang.NoClassDefFoundError: com/qait/mindtap/keywords/NG_30104/NG_30181_InstructorPageActions
	at com.qait.mindtap.automation.TestSessionInitiator._initPage(TestSessionInitiator.java:99)
	at com.qait.mindtap.automation.TestSessionInitiator.testInitiator(TestSessionInitiator.java:142)
	at com.qait.mindtap.automation.TestSessionInitiator.<init>(TestSessionInitiator.java:133)
	at com.cengage.ng.test.integrationtests.smoketestsuite.TestAdminPerformsAction.start_test_session(TestAdminPerformsAction.java:25)
Caused by: java.lang.ClassNotFoundException: com.qait.mindtap.keywords.NG_30104.NG_30181_InstructorPageActions
	at java.net.URLClassLoader.findClass(URLClassLoader.java:381)
	at java.lang.ClassLoader.loadClass(ClassLoader.java:424)
	at sun.misc.Launcher$AppClassLoader.loadClass(Launcher.java:331)
	at java.lang.ClassLoader.loadClass(ClassLoader.java:357)
	... 32 more
... Removed 28 stack frames]]>
    </failure>
  </testcase> <!-- @BeforeClass start_test_session -->
  <testcase name="@AfterMethod captureScreenShotOnFailure" time="0.0" classname="com.cengage.ng.test.integrationtests.smoketestsuite.TestAdminPerformsAction">
    <skipped/>
  </testcase> <!-- @AfterMethod captureScreenShotOnFailure -->
  <testcase name="@AfterClass stopBrowser" time="0.0" classname="com.cengage.ng.test.integrationtests.smoketestsuite.TestAdminPerformsAction">
    <failure type="java.lang.NullPointerException">
      <![CDATA[java.lang.NullPointerException
	at com.cengage.ng.test.integrationtests.smoketestsuite.TestAdminPerformsAction.stopBrowser(TestAdminPerformsAction.java:106)
... Removed 28 stack frames]]>
    </failure>
  </testcase> <!-- @AfterClass stopBrowser -->
  <testcase name="Step_01_Admin_Logs_in_to_the_Application" time="0.001" classname="com.cengage.ng.test.integrationtests.smoketestsuite.TestAdminPerformsAction">
    <skipped/>
  </testcase> <!-- Step_01_Admin_Logs_in_to_the_Application -->
  <testcase name="Step_02_Admin_Logs_in_to_the_Application" time="0.0" classname="com.cengage.ng.test.integrationtests.smoketestsuite.TestAdminPerformsAction">
    <skipped/>
  </testcase> <!-- Step_02_Admin_Logs_in_to_the_Application -->
  <testcase name="adminRefreshMasterNeXtBook" time="0.0" classname="com.cengage.ng.test.integrationtests.smoketestsuite.TestAdminPerformsAction">
    <skipped/>
  </testcase> <!-- adminRefreshMasterNeXtBook -->
  <testcase name="adminCreatesUser" time="0.0" classname="com.cengage.ng.test.integrationtests.smoketestsuite.TestAdminPerformsAction">
    <skipped/>
  </testcase> <!-- adminCreatesUser -->
  <testcase name="adminChangesRoleForCreatedUser" time="0.0" classname="com.cengage.ng.test.integrationtests.smoketestsuite.TestAdminPerformsAction">
    <skipped/>
  </testcase> <!-- adminChangesRoleForCreatedUser -->
  <testcase name="adminDeletesCreatedUser" time="0.0" classname="com.cengage.ng.test.integrationtests.smoketestsuite.TestAdminPerformsAction">
    <skipped/>
  </testcase> <!-- adminDeletesCreatedUser -->
  <testcase name="adminCreatesLearningUnit" time="0.0" classname="com.cengage.ng.test.integrationtests.smoketestsuite.TestAdminPerformsAction">
    <skipped/>
  </testcase> <!-- adminCreatesLearningUnit -->
  <testcase name="verifySearchOperation" time="0.0" classname="com.cengage.ng.test.integrationtests.smoketestsuite.TestAdminPerformsAction">
    <skipped/>
  </testcase> <!-- verifySearchOperation -->
  <testcase name="adminLogout" time="0.0" classname="com.cengage.ng.test.integrationtests.smoketestsuite.TestAdminPerformsAction">
    <skipped/>
  </testcase> <!-- adminLogout -->
</testsuite> <!-- Command line test daf4beaa-f009-4b83-ab75-58841e76e4ae -->
