<?xml version="1.0" encoding="UTF-8"?>
<!-- Generated by org.testng.reporters.JUnitXMLReporter -->
<testsuite hostname="LNDA0021" name="Command line test ae29b5c8-5181-4c9d-be48-6d6be128445e" tests="9" failures="0" timestamp="9 Oct 2015 10:36:48 GMT" time="0.04" errors="0">
  <testcase name="@BeforeClass start_test_session" time="0.0" classname="com.cengage.ng.test.integrationtests.smoketestsuite.TestAdminPerformsAction">
    <failure type="java.lang.IllegalArgumentException" message="No enum constant com.qait.mindtap.automation.getpageobjects.Tiers.STG">
      <![CDATA[java.lang.IllegalArgumentException: No enum constant com.qait.mindtap.automation.getpageobjects.Tiers.STG
	at java.lang.Enum.valueOf(Enum.java:238)
	at com.qait.mindtap.automation.getpageobjects.Tiers.valueOf(Tiers.java:11)
	at com.qait.mindtap.automation.getpageobjects.ObjectFileReader.setTier(ObjectFileReader.java:122)
	at com.qait.mindtap.automation.getpageobjects.ObjectFileReader.getTier(ObjectFileReader.java:116)
	at com.qait.mindtap.automation.utils.YamlReader.setYamlFilePath(YamlReader.java:23)
	at com.qait.mindtap.automation.TestSessionInitiator.testInitiator(TestSessionInitiator.java:140)
	at com.qait.mindtap.automation.TestSessionInitiator.<init>(TestSessionInitiator.java:133)
	at com.cengage.ng.test.integrationtests.smoketestsuite.TestAdminPerformsAction.start_test_session(TestAdminPerformsAction.java:25)
... Removed 28 stack frames]]>
    </failure>
  </testcase> <!-- @BeforeClass start_test_session -->
  <testcase name="@AfterMethod captureScreenShotOnFailure" time="0.0" classname="com.cengage.ng.test.integrationtests.smoketestsuite.TestAdminPerformsAction">
    <skipped/>
  </testcase> <!-- @AfterMethod captureScreenShotOnFailure -->
  <testcase name="@AfterClass stopBrowser" time="0.0" classname="com.cengage.ng.test.integrationtests.smoketestsuite.TestAdminPerformsAction">
    <failure type="java.lang.NullPointerException">
      <![CDATA[java.lang.NullPointerException
	at com.cengage.ng.test.integrationtests.smoketestsuite.TestAdminPerformsAction.stopBrowser(TestAdminPerformsAction.java:106)
... Removed 28 stack frames]]>
    </failure>
  </testcase> <!-- @AfterClass stopBrowser -->
  <testcase name="Step_01_Admin_Logs_in_to_the_Application" time="0.0" classname="com.cengage.ng.test.integrationtests.smoketestsuite.TestAdminPerformsAction">
    <skipped/>
  </testcase> <!-- Step_01_Admin_Logs_in_to_the_Application -->
  <testcase name="Step_02_Admin_Logs_in_to_the_Application" time="0.0" classname="com.cengage.ng.test.integrationtests.smoketestsuite.TestAdminPerformsAction">
    <skipped/>
  </testcase> <!-- Step_02_Admin_Logs_in_to_the_Application -->
  <testcase name="adminRefreshMasterNeXtBook" time="0.0" classname="com.cengage.ng.test.integrationtests.smoketestsuite.TestAdminPerformsAction">
    <skipped/>
  </testcase> <!-- adminRefreshMasterNeXtBook -->
  <testcase name="adminCreatesUser" time="0.0" classname="com.cengage.ng.test.integrationtests.smoketestsuite.TestAdminPerformsAction">
    <skipped/>
  </testcase> <!-- adminCreatesUser -->
  <testcase name="adminChangesRoleForCreatedUser" time="0.0" classname="com.cengage.ng.test.integrationtests.smoketestsuite.TestAdminPerformsAction">
    <skipped/>
  </testcase> <!-- adminChangesRoleForCreatedUser -->
  <testcase name="adminDeletesCreatedUser" time="0.0" classname="com.cengage.ng.test.integrationtests.smoketestsuite.TestAdminPerformsAction">
    <skipped/>
  </testcase> <!-- adminDeletesCreatedUser -->
  <testcase name="adminCreatesLearningUnit" time="0.0" classname="com.cengage.ng.test.integrationtests.smoketestsuite.TestAdminPerformsAction">
    <skipped/>
  </testcase> <!-- adminCreatesLearningUnit -->
  <testcase name="verifySearchOperation" time="0.0" classname="com.cengage.ng.test.integrationtests.smoketestsuite.TestAdminPerformsAction">
    <skipped/>
  </testcase> <!-- verifySearchOperation -->
  <testcase name="adminLogout" time="0.0" classname="com.cengage.ng.test.integrationtests.smoketestsuite.TestAdminPerformsAction">
    <skipped/>
  </testcase> <!-- adminLogout -->
</testsuite> <!-- Command line test ae29b5c8-5181-4c9d-be48-6d6be128445e -->
