<?xml version="1.0" encoding="UTF-8"?>
<!-- Generated by org.testng.reporters.JUnitXMLReporter -->
<testsuite hostname="LNDA0021" name="Command line test f00e107e-3f97-4013-911b-466e3bb012eb" tests="9" failures="1" timestamp="6 Oct 2015 08:03:32 GMT" time="139.696" errors="0">
  <testcase name="Step_01_Student_Logs_in_to_the_Application" time="26.937" classname="com.qait.mindtap.tests.NG_30104.NG_30181_TC06_TA_Launch_the_Course"/>
  <testcase name="Step_02_Student_Registers_Course" time="14.015" classname="com.qait.mindtap.tests.NG_30104.NG_30181_TC06_TA_Launch_the_Course"/>
  <testcase name="Step_03_Student_Launch_Course" time="15.763" classname="com.qait.mindtap.tests.NG_30104.NG_30181_TC06_TA_Launch_the_Course"/>
  <testcase name="Step_04_verify_Spalsh_Page_Dispalys_Automatically" time="4.416" classname="com.qait.mindtap.tests.NG_30104.NG_30181_TC06_TA_Launch_the_Course"/>
  <testcase name="Step_05_Verify_Weeks_CurrentWeekIcon_Displays_Along_Month_and_Date" time="62.412" classname="com.qait.mindtap.tests.NG_30104.NG_30181_TC06_TA_Launch_the_Course">
    <failure type="org.openqa.selenium.StaleElementReferenceException" message="Element not found in the cache - perhaps the page has changed since it was looked up
Command duration or timeout: 31.57 seconds
For documentation on this error, please visit: http://seleniumhq.org/exceptions/stale_element_reference.html
Build info: version: &amp;apos;2.46.0&amp;apos;, revision: &amp;apos;61506a4624b13675f24581e453592342b7485d71&amp;apos;, time: &amp;apos;2015-06-04 10:22:50&amp;apos;
System info: host: &amp;apos;LNDA0021&amp;apos;, ip: &amp;apos;10.0.9.31&amp;apos;, os.name: &amp;apos;Windows 7&amp;apos;, os.arch: &amp;apos;x86&amp;apos;, os.version: &amp;apos;6.1&amp;apos;, java.version: &amp;apos;1.8.0_51&amp;apos;
Driver info: org.openqa.selenium.firefox.FirefoxDriver
Capabilities [{applicationCacheEnabled=true, rotatable=false, handlesAlerts=true, databaseEnabled=true, version=40.0.3, platform=WINDOWS, nativeEvents=false, acceptSslCerts=true, webStorageEnabled=true, locationContextEnabled=true, browserName=firefox, takesScreenshot=true, javascriptEnabled=true, cssSelectorsEnabled=true}]
Session ID: d5fa4e5b-0529-4943-b9c2-b9e8a3782638">
      <![CDATA[org.openqa.selenium.StaleElementReferenceException: Element not found in the cache - perhaps the page has changed since it was looked up
Command duration or timeout: 31.57 seconds
For documentation on this error, please visit: http://seleniumhq.org/exceptions/stale_element_reference.html
Build info: version: '2.46.0', revision: '61506a4624b13675f24581e453592342b7485d71', time: '2015-06-04 10:22:50'
System info: host: 'LNDA0021', ip: '10.0.9.31', os.name: 'Windows 7', os.arch: 'x86', os.version: '6.1', java.version: '1.8.0_51'
Driver info: org.openqa.selenium.firefox.FirefoxDriver
Capabilities [{applicationCacheEnabled=true, rotatable=false, handlesAlerts=true, databaseEnabled=true, version=40.0.3, platform=WINDOWS, nativeEvents=false, acceptSslCerts=true, webStorageEnabled=true, locationContextEnabled=true, browserName=firefox, takesScreenshot=true, javascriptEnabled=true, cssSelectorsEnabled=true}]
Session ID: d5fa4e5b-0529-4943-b9c2-b9e8a3782638
	at org.openqa.selenium.remote.ErrorHandler.createThrowable(ErrorHandler.java:204)
	at org.openqa.selenium.remote.ErrorHandler.throwIfResponseFailed(ErrorHandler.java:156)
	at org.openqa.selenium.remote.RemoteWebDriver.execute(RemoteWebDriver.java:605)
	at org.openqa.selenium.remote.RemoteWebElement.execute(RemoteWebElement.java:269)
	at org.openqa.selenium.remote.RemoteWebElement.isDisplayed(RemoteWebElement.java:310)
	at com.qait.mindtap.automation.getpageobjects.GetPage.checkIfElementIsNotThere(GetPage.java:184)
	at com.qait.mindtap.keywords.NG_30104.WeekWidgetActions.verifyCurrentWeekIcon(WeekWidgetActions.java:71)
	at com.qait.mindtap.tests.NG_30104.NG_30181_TC06_TA_Launch_the_Course.Step_05_Verify_Weeks_CurrentWeekIcon_Displays_Along_Month_and_Date(NG_30181_TC06_TA_Launch_the_Course.java:62)
Caused by: org.openqa.selenium.StaleElementReferenceException: Element not found in the cache - perhaps the page has changed since it was looked up
For documentation on this error, please visit: http://seleniumhq.org/exceptions/stale_element_reference.html
Build info: version: '2.46.0', revision: '61506a4624b13675f24581e453592342b7485d71', time: '2015-06-04 10:22:50'
System info: host: 'LNDA0021', ip: '10.0.9.31', os.name: 'Windows 7', os.arch: 'x86', os.version: '6.1', java.version: '1.8.0_51'
Driver info: driver.version: unknown
	at <anonymous class>.fxdriver.cache.getElementAt(resource://fxdriver/modules/web-element-cache.js:8981)
	at <anonymous class>.Utils.getElementAt(file:///C:/Users/AYUSHG~1/AppData/Local/Temp/anonymous394972236030728997webdriver-profile/extensions/fxdriver@googlecode.com/components/command-processor.js:8574)
	at <anonymous class>.WebElement.isElementDisplayed(file:///C:/Users/AYUSHG~1/AppData/Local/Temp/anonymous394972236030728997webdriver-profile/extensions/fxdriver@googlecode.com/components/command-processor.js:11807)
	at <anonymous class>.DelayedCommand.prototype.executeInternal_/h(file:///C:/Users/AYUSHG~1/AppData/Local/Temp/anonymous394972236030728997webdriver-profile/extensions/fxdriver@googlecode.com/components/command-processor.js:12282)
	at <anonymous class>.fxdriver.Timer.prototype.setTimeout/<.notify(file:///C:/Users/AYUSHG~1/AppData/Local/Temp/anonymous394972236030728997webdriver-profile/extensions/fxdriver@googlecode.com/components/command-processor.js:603)
... Removed 32 stack frames]]>
    </failure>
  </testcase> <!-- Step_05_Verify_Weeks_CurrentWeekIcon_Displays_Along_Month_and_Date -->
  <testcase name="Step_06_Verify_Expand_Collapse_Functionality" time="0.0" classname="com.qait.mindtap.tests.NG_30104.NG_30181_TC06_TA_Launch_the_Course">
    <skipped/>
  </testcase> <!-- Step_06_Verify_Expand_Collapse_Functionality -->
  <testcase name="Step_07_verify_Splash_Page" time="0.0" classname="com.qait.mindtap.tests.NG_30104.NG_30181_TC06_TA_Launch_the_Course">
    <skipped/>
  </testcase> <!-- Step_07_verify_Splash_Page -->
  <testcase name="Step_08_Verify_Rolling_Week_UI" time="0.0" classname="com.qait.mindtap.tests.NG_30104.NG_30181_TC06_TA_Launch_the_Course">
    <skipped/>
  </testcase> <!-- Step_08_Verify_Rolling_Week_UI -->
  <testcase name="Step_07_user_LogOut" time="0.0" classname="com.qait.mindtap.tests.NG_30104.NG_30181_TC06_TA_Launch_the_Course">
    <skipped/>
  </testcase> <!-- Step_07_user_LogOut -->
</testsuite> <!-- Command line test f00e107e-3f97-4013-911b-466e3bb012eb -->
