<?xml version="1.0" encoding="UTF-8"?>
<!-- Generated by org.testng.reporters.JUnitXMLReporter -->
<testsuite hostname="LNDA0021" name="Command line test 2dce6ed4-5b35-4f51-a1a5-120a5570d630" tests="9" failures="1" timestamp="14 Oct 2015 11:41:57 GMT" time="63.521" errors="0">
  <testcase name="Step_05_Admin_Logs_in_to_the_Application" time="7.714" classname="com.qait.mindtap.tests.NG_30370.TC01_Instructor_Adds_Offline_Activity"/>
  <testcase name="Step_06_Admin_Search_Course" time="45.76" classname="com.qait.mindtap.tests.NG_30370.TC01_Instructor_Adds_Offline_Activity">
    <failure type="org.openqa.selenium.support.ui.UnexpectedTagNameException" message="Element should have been &amp;quot;select&amp;quot; but was &amp;quot;div&amp;quot;
Build info: version: &amp;apos;2.46.0&amp;apos;, revision: &amp;apos;61506a4624b13675f24581e453592342b7485d71&amp;apos;, time: &amp;apos;2015-06-04 10:22:50&amp;apos;
System info: host: &amp;apos;LNDA0021&amp;apos;, ip: &amp;apos;10.161.239.85&amp;apos;, os.name: &amp;apos;Windows 7&amp;apos;, os.arch: &amp;apos;x86&amp;apos;, os.version: &amp;apos;6.1&amp;apos;, java.version: &amp;apos;1.8.0_51&amp;apos;
Driver info: driver.version: unknown">
      <![CDATA[org.openqa.selenium.support.ui.UnexpectedTagNameException: Element should have been "select" but was "div"
Build info: version: '2.46.0', revision: '61506a4624b13675f24581e453592342b7485d71', time: '2015-06-04 10:22:50'
System info: host: 'LNDA0021', ip: '10.161.239.85', os.name: 'Windows 7', os.arch: 'x86', os.version: '6.1', java.version: '1.8.0_51'
Driver info: driver.version: unknown
	at org.openqa.selenium.support.ui.Select.<init>(Select.java:47)
	at com.qait.mindtap.automation.getpageobjects.BaseUi.selectProvidedText(BaseUi.java:285)
	at com.qait.mindtap.keywords.NG_30181_AdminPageActions.selectCengageNoMT_Activity(NG_30181_AdminPageActions.java:76)
	at com.qait.mindtap.tests.NG_30370.TC01_Instructor_Adds_Offline_Activity.Step_06_Admin_Search_Course(TC01_Instructor_Adds_Offline_Activity.java:75)
... Removed 28 stack frames]]>
    </failure>
  </testcase> <!-- Step_06_Admin_Search_Course -->
  <testcase name="step_07_Instructor_Logs_Again" time="0.0" classname="com.qait.mindtap.tests.NG_30370.TC01_Instructor_Adds_Offline_Activity">
    <skipped/>
  </testcase> <!-- step_07_Instructor_Logs_Again -->
  <testcase name="Step_08_Instructor_Logs_in_to_the_Application" time="0.0" classname="com.qait.mindtap.tests.NG_30370.TC01_Instructor_Adds_Offline_Activity">
    <skipped/>
  </testcase> <!-- Step_08_Instructor_Logs_in_to_the_Application -->
  <testcase name="Step_09_Instructor_Manages_Course_From_SSO" time="0.0" classname="com.qait.mindtap.tests.NG_30370.TC01_Instructor_Adds_Offline_Activity">
    <skipped/>
  </testcase> <!-- Step_09_Instructor_Manages_Course_From_SSO -->
  <testcase name="Step_10_Verify_Clicking_Add_Takes_To_RollingWeekUI" time="0.0" classname="com.qait.mindtap.tests.NG_30370.TC01_Instructor_Adds_Offline_Activity">
    <skipped/>
  </testcase> <!-- Step_10_Verify_Clicking_Add_Takes_To_RollingWeekUI -->
  <testcase name="Step_11_Instructor_Enters_Detail_In_OfflineActivity" time="0.0" classname="com.qait.mindtap.tests.NG_30370.TC01_Instructor_Adds_Offline_Activity">
    <skipped/>
  </testcase> <!-- Step_11_Instructor_Enters_Detail_In_OfflineActivity -->
  <testcase name="Step_12_Verify_Rolling_Week_UI" time="0.0" classname="com.qait.mindtap.tests.NG_30370.TC01_Instructor_Adds_Offline_Activity">
    <skipped/>
  </testcase> <!-- Step_12_Verify_Rolling_Week_UI -->
  <testcase name="Step_13_Verify_Activity_Gets_Added" time="0.0" classname="com.qait.mindtap.tests.NG_30370.TC01_Instructor_Adds_Offline_Activity">
    <skipped/>
  </testcase> <!-- Step_13_Verify_Activity_Gets_Added -->
</testsuite> <!-- Command line test 2dce6ed4-5b35-4f51-a1a5-120a5570d630 -->
