<html>
<head>
<title>TestNG:  Command line test 3ba12533-d552-4cb9-a1e0-dc79fe90ee88</title>
<link href="../testng.css" rel="stylesheet" type="text/css" />
<link href="../my-testng.css" rel="stylesheet" type="text/css" />

<style type="text/css">
.log { display: none;} 
.stack-trace { display: none;} 
</style>
<script type="text/javascript">
<!--
function flip(e) {
  current = e.style.display;
  if (current == 'block') {
    e.style.display = 'none';
    return 0;
  }
  else {
    e.style.display = 'block';
    return 1;
  }
}

function toggleBox(szDivId, elem, msg1, msg2)
{
  var res = -1;  if (document.getElementById) {
    res = flip(document.getElementById(szDivId));
  }
  else if (document.all) {
    // this is the way old msie versions work
    res = flip(document.all[szDivId]);
  }
  if(elem) {
    if(res == 0) elem.innerHTML = msg1; else elem.innerHTML = msg2;
  }

}

function toggleAllBoxes() {
  if (document.getElementsByTagName) {
    d = document.getElementsByTagName('div');
    for (i = 0; i < d.length; i++) {
      if (d[i].className == 'log') {
        flip(d[i]);
      }
    }
  }
}

// -->
</script>

</head>
<body>
<h2 align='center'>Command line test 3ba12533-d552-4cb9-a1e0-dc79fe90ee88</h2><table border='1' align="center">
<tr>
<td>Tests passed/Failed/Skipped:</td><td>1/1/7</td>
</tr><tr>
<td>Started on:</td><td>Wed Oct 14 12:04:54 IST 2015</td>
</tr>
<tr><td>Total time:</td><td>83 seconds (83475 ms)</td>
</tr><tr>
<td>Included groups:</td><td></td>
</tr><tr>
<td>Excluded groups:</td><td></td>
</tr>
</table><p/>
<small><i>(Hover the method name to see the test class name)</i></small><p/>
<table width='100%' border='1' class='invocation-failed'>
<tr><td colspan='4' align='center'><b>FAILED TESTS</b></td></tr>
<tr><td><b>Test method</b></td>
<td width="30%"><b>Exception</b></td>
<td width="10%"><b>Time (seconds)</b></td>
<td><b>Instance</b></td>
</tr>
<tr>
<td title='com.qait.mindtap.tests.NG_30370.TC01_Instructor_Adds_Offline_Activity.Step_06_Admin_Search_Course()'><b>Step_06_Admin_Search_Course</b><br>Test class: com.qait.mindtap.tests.NG_30370.TC01_Instructor_Adds_Offline_Activity<br/>
<a href="#Output-31034821" onClick='toggleBox("Output-31034821", this, "Show output", "Hide output");'>Show output</a>

<a href="#Output-31034821" onClick="toggleAllBoxes();">Show all outputs</a>
<div class='log' id="Output-31034821">
[ASSERT PASS]: element mindtap_toolbar is displayed.<br/>
[ASSERT PASS]: element admin_dashboard with text Admin Dashboard is displayed.<br/>
[ASSERT PASS]: element inputOrganizationSearch is displayed.<br/>
[ASSERT PASS]: element courseOrganization is displayed.<br/>
</div>
</td>
<td><div><pre>org.openqa.selenium.TimeoutException: Timed out after 30 seconds waiting for visibility of [[FirefoxDriver: firefox on WINDOWS (4f6f6c69-5f86-4538-ab4a-065aa1176caa)] -&gt; css selector: .endcount]
Build info: version: &apos;2.46.0&apos;, revision: &apos;61506a4624b13675f24581e453592342b7485d71&apos;, time: &apos;2015-06-04 10:22:50&apos;
System info: host: &apos;LNDA0021&apos;, ip: &apos;10.161.239.85&apos;, os.name: &apos;Windows 7&apos;, os.arch: &apos;x86&apos;, os.version: &apos;6.1&apos;, java.version: &apos;1.8.0_51&apos;
Driver info: org.openqa.selenium.firefox.FirefoxDriver
Capabilities [{applicationCacheEnabled=true, rotatable=false, handlesAlerts=true, databaseEnabled=true, version=41.0.1, platform=WINDOWS, nativeEvents=false, acceptSslCerts=true, webStorageEnabled=true, locationContextEnabled=true, browserName=firefox, takesScreenshot=true, javascriptEnabled=true, cssSelectorsEnabled=true}]
Session ID: 4f6f6c69-5f86-4538-ab4a-065aa1176caa
	at org.openqa.selenium.support.ui.WebDriverWait.timeoutException(WebDriverWait.java:80)
	at org.openqa.selenium.support.ui.FluentWait.until(FluentWait.java:229)
	at com.qait.mindtap.automation.utils.SeleniumWait.waitForElementToBeVisible(SeleniumWait.java:53)
	at com.qait.mindtap.automation.getpageobjects.GetPage.element(GetPage.java:136)
	at com.qait.mindtap.automation.getpageobjects.GetPage.isElementDisplayed(GetPage.java:196)
	at com.qait.mindtap.keywords.NG_30181_AdminPageActions.search_Course_Using_CourseName(NG_30181_AdminPageActions.java:66)
	at com.qait.mindtap.tests.NG_30370.TC01_Instructor_Adds_Offline_Activity.Step_06_Admin_Search_Course(TC01_Instructor_Adds_Offline_Activity.java:73)
... Removed 28 stack frames</pre></div><a href='#' onClick='toggleBox("stack-trace31034821", this, "Click to show all stack frames", "Click to hide stack frames")'>Click to show all stack frames</a>
<div class='stack-trace' id='stack-trace31034821'><pre>org.openqa.selenium.TimeoutException: Timed out after 30 seconds waiting for visibility of [[FirefoxDriver: firefox on WINDOWS (4f6f6c69-5f86-4538-ab4a-065aa1176caa)] -&gt; css selector: .endcount]
Build info: version: &apos;2.46.0&apos;, revision: &apos;61506a4624b13675f24581e453592342b7485d71&apos;, time: &apos;2015-06-04 10:22:50&apos;
System info: host: &apos;LNDA0021&apos;, ip: &apos;10.161.239.85&apos;, os.name: &apos;Windows 7&apos;, os.arch: &apos;x86&apos;, os.version: &apos;6.1&apos;, java.version: &apos;1.8.0_51&apos;
Driver info: org.openqa.selenium.firefox.FirefoxDriver
Capabilities [{applicationCacheEnabled=true, rotatable=false, handlesAlerts=true, databaseEnabled=true, version=41.0.1, platform=WINDOWS, nativeEvents=false, acceptSslCerts=true, webStorageEnabled=true, locationContextEnabled=true, browserName=firefox, takesScreenshot=true, javascriptEnabled=true, cssSelectorsEnabled=true}]
Session ID: 4f6f6c69-5f86-4538-ab4a-065aa1176caa
	at org.openqa.selenium.support.ui.WebDriverWait.timeoutException(WebDriverWait.java:80)
	at org.openqa.selenium.support.ui.FluentWait.until(FluentWait.java:229)
	at com.qait.mindtap.automation.utils.SeleniumWait.waitForElementToBeVisible(SeleniumWait.java:53)
	at com.qait.mindtap.automation.getpageobjects.GetPage.element(GetPage.java:136)
	at com.qait.mindtap.automation.getpageobjects.GetPage.isElementDisplayed(GetPage.java:196)
	at com.qait.mindtap.keywords.NG_30181_AdminPageActions.search_Course_Using_CourseName(NG_30181_AdminPageActions.java:66)
	at com.qait.mindtap.tests.NG_30370.TC01_Instructor_Adds_Offline_Activity.Step_06_Admin_Search_Course(TC01_Instructor_Adds_Offline_Activity.java:73)
	at sun.reflect.NativeMethodAccessorImpl.invoke0(Native Method)
	at sun.reflect.NativeMethodAccessorImpl.invoke(NativeMethodAccessorImpl.java:62)
	at sun.reflect.DelegatingMethodAccessorImpl.invoke(DelegatingMethodAccessorImpl.java:43)
	at java.lang.reflect.Method.invoke(Method.java:497)
	at org.testng.internal.MethodInvocationHelper.invokeMethod(MethodInvocationHelper.java:85)
	at org.testng.internal.Invoker.invokeMethod(Invoker.java:659)
	at org.testng.internal.Invoker.invokeTestMethod(Invoker.java:845)
	at org.testng.internal.Invoker.invokeTestMethods(Invoker.java:1153)
	at org.testng.internal.TestMethodWorker.invokeTestMethods(TestMethodWorker.java:125)
	at org.testng.internal.TestMethodWorker.run(TestMethodWorker.java:108)
	at org.testng.TestRunner.privateRun(TestRunner.java:771)
	at org.testng.TestRunner.run(TestRunner.java:621)
	at org.testng.SuiteRunner.runTest(SuiteRunner.java:357)
	at org.testng.SuiteRunner.runSequentially(SuiteRunner.java:352)
	at org.testng.SuiteRunner.privateRun(SuiteRunner.java:310)
	at org.testng.SuiteRunner.run(SuiteRunner.java:259)
	at org.testng.SuiteRunnerWorker.runSuite(SuiteRunnerWorker.java:52)
	at org.testng.SuiteRunnerWorker.run(SuiteRunnerWorker.java:86)
	at org.testng.TestNG.runSuitesSequentially(TestNG.java:1199)
	at org.testng.TestNG.runSuitesLocally(TestNG.java:1124)
	at org.testng.TestNG.run(TestNG.java:1032)
	at org.apache.maven.surefire.testng.TestNGExecutor.run(TestNGExecutor.java:91)
	at org.apache.maven.surefire.testng.TestNGDirectoryTestSuite.executeSingleClass(TestNGDirectoryTestSuite.java:128)
	at org.apache.maven.surefire.testng.TestNGDirectoryTestSuite.execute(TestNGDirectoryTestSuite.java:112)
	at org.apache.maven.surefire.testng.TestNGProvider.invoke(TestNGProvider.java:113)
	at org.apache.maven.surefire.booter.ForkedBooter.invokeProviderInSameClassLoader(ForkedBooter.java:200)
	at org.apache.maven.surefire.booter.ForkedBooter.runSuitesInProcess(ForkedBooter.java:153)
	at org.apache.maven.surefire.booter.ForkedBooter.main(ForkedBooter.java:103)
</pre></div></td>
<td>65</td>
<td>com.qait.mindtap.tests.NG_30370.TC01_Instructor_Adds_Offline_Activity@17f6480</td></tr>
</table><p>
<table width='100%' border='1' class='invocation-passed'>
<tr><td colspan='4' align='center'><b>PASSED TESTS</b></td></tr>
<tr><td><b>Test method</b></td>
<td width="30%"><b>Exception</b></td>
<td width="10%"><b>Time (seconds)</b></td>
<td><b>Instance</b></td>
</tr>
<tr>
<td title='com.qait.mindtap.tests.NG_30370.TC01_Instructor_Adds_Offline_Activity.Step_05_Admin_Logs_in_to_the_Application()'><b>Step_05_Admin_Logs_in_to_the_Application</b><br>Test class: com.qait.mindtap.tests.NG_30370.TC01_Instructor_Adds_Offline_Activity<br/>
<a href="#Output-18283624" onClick='toggleBox("Output-18283624", this, "Show output", "Hide output");'>Show output</a>

<a href="#Output-18283624" onClick="toggleAllBoxes();">Show all outputs</a>
<div class='log' id="Output-18283624">
[INFO]: log into the application using credentials 'automationadmin@qait.com / A111111'<br/>
[ASSERT PASS]: PageTitle for NG-30181-AdminPage contains: 'MindTap Admin - Manage Masters'.<br/>
[ASSERT PASS]: Verified User is on Admin Page<br/>
[ASSERT PASS]: element orgaizationTab is displayed.<br/>
</div>
</td>
<td></td>
<td>8</td>
<td>com.qait.mindtap.tests.NG_30370.TC01_Instructor_Adds_Offline_Activity@17f6480</td></tr>
</table><p>
<table width='100%' border='1' class='invocation-skipped'>
<tr><td colspan='4' align='center'><b>SKIPPED TESTS</b></td></tr>
<tr><td><b>Test method</b></td>
<td width="30%"><b>Exception</b></td>
<td width="10%"><b>Time (seconds)</b></td>
<td><b>Instance</b></td>
</tr>
<tr>
<td title='com.qait.mindtap.tests.NG_30370.TC01_Instructor_Adds_Offline_Activity.Step_08_Instructor_Logs_in_to_the_Application()'><b>Step_08_Instructor_Logs_in_to_the_Application</b><br>Test class: com.qait.mindtap.tests.NG_30370.TC01_Instructor_Adds_Offline_Activity</td>
<td><div><pre>java.lang.Throwable: Method TC01_Instructor_Adds_Offline_Activity.Step_08_Instructor_Logs_in_to_the_Application()[pri:0, instance:com.qait.mindtap.tests.NG_30370.TC01_Instructor_Adds_Offline_Activity@17f6480] depends on not successfully finished methods
... Removed 21 stack frames</pre></div><a href='#' onClick='toggleBox("stack-trace478791", this, "Click to show all stack frames", "Click to hide stack frames")'>Click to show all stack frames</a>
<div class='stack-trace' id='stack-trace478791'><pre>java.lang.Throwable: Method TC01_Instructor_Adds_Offline_Activity.Step_08_Instructor_Logs_in_to_the_Application()[pri:0, instance:com.qait.mindtap.tests.NG_30370.TC01_Instructor_Adds_Offline_Activity@17f6480] depends on not successfully finished methods
	at org.testng.internal.Invoker.invokeTestMethods(Invoker.java:1063)
	at org.testng.internal.TestMethodWorker.invokeTestMethods(TestMethodWorker.java:125)
	at org.testng.internal.TestMethodWorker.run(TestMethodWorker.java:108)
	at org.testng.TestRunner.privateRun(TestRunner.java:771)
	at org.testng.TestRunner.run(TestRunner.java:621)
	at org.testng.SuiteRunner.runTest(SuiteRunner.java:357)
	at org.testng.SuiteRunner.runSequentially(SuiteRunner.java:352)
	at org.testng.SuiteRunner.privateRun(SuiteRunner.java:310)
	at org.testng.SuiteRunner.run(SuiteRunner.java:259)
	at org.testng.SuiteRunnerWorker.runSuite(SuiteRunnerWorker.java:52)
	at org.testng.SuiteRunnerWorker.run(SuiteRunnerWorker.java:86)
	at org.testng.TestNG.runSuitesSequentially(TestNG.java:1199)
	at org.testng.TestNG.runSuitesLocally(TestNG.java:1124)
	at org.testng.TestNG.run(TestNG.java:1032)
	at org.apache.maven.surefire.testng.TestNGExecutor.run(TestNGExecutor.java:91)
	at org.apache.maven.surefire.testng.TestNGDirectoryTestSuite.executeSingleClass(TestNGDirectoryTestSuite.java:128)
	at org.apache.maven.surefire.testng.TestNGDirectoryTestSuite.execute(TestNGDirectoryTestSuite.java:112)
	at org.apache.maven.surefire.testng.TestNGProvider.invoke(TestNGProvider.java:113)
	at org.apache.maven.surefire.booter.ForkedBooter.invokeProviderInSameClassLoader(ForkedBooter.java:200)
	at org.apache.maven.surefire.booter.ForkedBooter.runSuitesInProcess(ForkedBooter.java:153)
	at org.apache.maven.surefire.booter.ForkedBooter.main(ForkedBooter.java:103)
</pre></div></td>
<td>0</td>
<td>null</td></tr>
<tr>
<td title='com.qait.mindtap.tests.NG_30370.TC01_Instructor_Adds_Offline_Activity.Step_09_Instructor_Manages_Course_From_SSO()'><b>Step_09_Instructor_Manages_Course_From_SSO</b><br>Test class: com.qait.mindtap.tests.NG_30370.TC01_Instructor_Adds_Offline_Activity</td>
<td><div><pre>java.lang.Throwable: Method TC01_Instructor_Adds_Offline_Activity.Step_09_Instructor_Manages_Course_From_SSO()[pri:0, instance:com.qait.mindtap.tests.NG_30370.TC01_Instructor_Adds_Offline_Activity@17f6480] depends on not successfully finished methods
... Removed 21 stack frames</pre></div><a href='#' onClick='toggleBox("stack-trace4535047", this, "Click to show all stack frames", "Click to hide stack frames")'>Click to show all stack frames</a>
<div class='stack-trace' id='stack-trace4535047'><pre>java.lang.Throwable: Method TC01_Instructor_Adds_Offline_Activity.Step_09_Instructor_Manages_Course_From_SSO()[pri:0, instance:com.qait.mindtap.tests.NG_30370.TC01_Instructor_Adds_Offline_Activity@17f6480] depends on not successfully finished methods
	at org.testng.internal.Invoker.invokeTestMethods(Invoker.java:1063)
	at org.testng.internal.TestMethodWorker.invokeTestMethods(TestMethodWorker.java:125)
	at org.testng.internal.TestMethodWorker.run(TestMethodWorker.java:108)
	at org.testng.TestRunner.privateRun(TestRunner.java:771)
	at org.testng.TestRunner.run(TestRunner.java:621)
	at org.testng.SuiteRunner.runTest(SuiteRunner.java:357)
	at org.testng.SuiteRunner.runSequentially(SuiteRunner.java:352)
	at org.testng.SuiteRunner.privateRun(SuiteRunner.java:310)
	at org.testng.SuiteRunner.run(SuiteRunner.java:259)
	at org.testng.SuiteRunnerWorker.runSuite(SuiteRunnerWorker.java:52)
	at org.testng.SuiteRunnerWorker.run(SuiteRunnerWorker.java:86)
	at org.testng.TestNG.runSuitesSequentially(TestNG.java:1199)
	at org.testng.TestNG.runSuitesLocally(TestNG.java:1124)
	at org.testng.TestNG.run(TestNG.java:1032)
	at org.apache.maven.surefire.testng.TestNGExecutor.run(TestNGExecutor.java:91)
	at org.apache.maven.surefire.testng.TestNGDirectoryTestSuite.executeSingleClass(TestNGDirectoryTestSuite.java:128)
	at org.apache.maven.surefire.testng.TestNGDirectoryTestSuite.execute(TestNGDirectoryTestSuite.java:112)
	at org.apache.maven.surefire.testng.TestNGProvider.invoke(TestNGProvider.java:113)
	at org.apache.maven.surefire.booter.ForkedBooter.invokeProviderInSameClassLoader(ForkedBooter.java:200)
	at org.apache.maven.surefire.booter.ForkedBooter.runSuitesInProcess(ForkedBooter.java:153)
	at org.apache.maven.surefire.booter.ForkedBooter.main(ForkedBooter.java:103)
</pre></div></td>
<td>0</td>
<td>null</td></tr>
<tr>
<td title='com.qait.mindtap.tests.NG_30370.TC01_Instructor_Adds_Offline_Activity.Step_10_Verify_Clicking_Add_Takes_To_RollingWeekUI()'><b>Step_10_Verify_Clicking_Add_Takes_To_RollingWeekUI</b><br>Test class: com.qait.mindtap.tests.NG_30370.TC01_Instructor_Adds_Offline_Activity</td>
<td><div><pre>java.lang.Throwable: Method TC01_Instructor_Adds_Offline_Activity.Step_10_Verify_Clicking_Add_Takes_To_RollingWeekUI()[pri:0, instance:com.qait.mindtap.tests.NG_30370.TC01_Instructor_Adds_Offline_Activity@17f6480] depends on not successfully finished methods
... Removed 21 stack frames</pre></div><a href='#' onClick='toggleBox("stack-trace30183933", this, "Click to show all stack frames", "Click to hide stack frames")'>Click to show all stack frames</a>
<div class='stack-trace' id='stack-trace30183933'><pre>java.lang.Throwable: Method TC01_Instructor_Adds_Offline_Activity.Step_10_Verify_Clicking_Add_Takes_To_RollingWeekUI()[pri:0, instance:com.qait.mindtap.tests.NG_30370.TC01_Instructor_Adds_Offline_Activity@17f6480] depends on not successfully finished methods
	at org.testng.internal.Invoker.invokeTestMethods(Invoker.java:1063)
	at org.testng.internal.TestMethodWorker.invokeTestMethods(TestMethodWorker.java:125)
	at org.testng.internal.TestMethodWorker.run(TestMethodWorker.java:108)
	at org.testng.TestRunner.privateRun(TestRunner.java:771)
	at org.testng.TestRunner.run(TestRunner.java:621)
	at org.testng.SuiteRunner.runTest(SuiteRunner.java:357)
	at org.testng.SuiteRunner.runSequentially(SuiteRunner.java:352)
	at org.testng.SuiteRunner.privateRun(SuiteRunner.java:310)
	at org.testng.SuiteRunner.run(SuiteRunner.java:259)
	at org.testng.SuiteRunnerWorker.runSuite(SuiteRunnerWorker.java:52)
	at org.testng.SuiteRunnerWorker.run(SuiteRunnerWorker.java:86)
	at org.testng.TestNG.runSuitesSequentially(TestNG.java:1199)
	at org.testng.TestNG.runSuitesLocally(TestNG.java:1124)
	at org.testng.TestNG.run(TestNG.java:1032)
	at org.apache.maven.surefire.testng.TestNGExecutor.run(TestNGExecutor.java:91)
	at org.apache.maven.surefire.testng.TestNGDirectoryTestSuite.executeSingleClass(TestNGDirectoryTestSuite.java:128)
	at org.apache.maven.surefire.testng.TestNGDirectoryTestSuite.execute(TestNGDirectoryTestSuite.java:112)
	at org.apache.maven.surefire.testng.TestNGProvider.invoke(TestNGProvider.java:113)
	at org.apache.maven.surefire.booter.ForkedBooter.invokeProviderInSameClassLoader(ForkedBooter.java:200)
	at org.apache.maven.surefire.booter.ForkedBooter.runSuitesInProcess(ForkedBooter.java:153)
	at org.apache.maven.surefire.booter.ForkedBooter.main(ForkedBooter.java:103)
</pre></div></td>
<td>0</td>
<td>null</td></tr>
<tr>
<td title='com.qait.mindtap.tests.NG_30370.TC01_Instructor_Adds_Offline_Activity.Step_11_Instructor_Enters_Detail_In_OfflineActivity()'><b>Step_11_Instructor_Enters_Detail_In_OfflineActivity</b><br>Test class: com.qait.mindtap.tests.NG_30370.TC01_Instructor_Adds_Offline_Activity</td>
<td><div><pre>java.lang.Throwable: Method TC01_Instructor_Adds_Offline_Activity.Step_11_Instructor_Enters_Detail_In_OfflineActivity()[pri:0, instance:com.qait.mindtap.tests.NG_30370.TC01_Instructor_Adds_Offline_Activity@17f6480] depends on not successfully finished methods
... Removed 21 stack frames</pre></div><a href='#' onClick='toggleBox("stack-trace15439965", this, "Click to show all stack frames", "Click to hide stack frames")'>Click to show all stack frames</a>
<div class='stack-trace' id='stack-trace15439965'><pre>java.lang.Throwable: Method TC01_Instructor_Adds_Offline_Activity.Step_11_Instructor_Enters_Detail_In_OfflineActivity()[pri:0, instance:com.qait.mindtap.tests.NG_30370.TC01_Instructor_Adds_Offline_Activity@17f6480] depends on not successfully finished methods
	at org.testng.internal.Invoker.invokeTestMethods(Invoker.java:1063)
	at org.testng.internal.TestMethodWorker.invokeTestMethods(TestMethodWorker.java:125)
	at org.testng.internal.TestMethodWorker.run(TestMethodWorker.java:108)
	at org.testng.TestRunner.privateRun(TestRunner.java:771)
	at org.testng.TestRunner.run(TestRunner.java:621)
	at org.testng.SuiteRunner.runTest(SuiteRunner.java:357)
	at org.testng.SuiteRunner.runSequentially(SuiteRunner.java:352)
	at org.testng.SuiteRunner.privateRun(SuiteRunner.java:310)
	at org.testng.SuiteRunner.run(SuiteRunner.java:259)
	at org.testng.SuiteRunnerWorker.runSuite(SuiteRunnerWorker.java:52)
	at org.testng.SuiteRunnerWorker.run(SuiteRunnerWorker.java:86)
	at org.testng.TestNG.runSuitesSequentially(TestNG.java:1199)
	at org.testng.TestNG.runSuitesLocally(TestNG.java:1124)
	at org.testng.TestNG.run(TestNG.java:1032)
	at org.apache.maven.surefire.testng.TestNGExecutor.run(TestNGExecutor.java:91)
	at org.apache.maven.surefire.testng.TestNGDirectoryTestSuite.executeSingleClass(TestNGDirectoryTestSuite.java:128)
	at org.apache.maven.surefire.testng.TestNGDirectoryTestSuite.execute(TestNGDirectoryTestSuite.java:112)
	at org.apache.maven.surefire.testng.TestNGProvider.invoke(TestNGProvider.java:113)
	at org.apache.maven.surefire.booter.ForkedBooter.invokeProviderInSameClassLoader(ForkedBooter.java:200)
	at org.apache.maven.surefire.booter.ForkedBooter.runSuitesInProcess(ForkedBooter.java:153)
	at org.apache.maven.surefire.booter.ForkedBooter.main(ForkedBooter.java:103)
</pre></div></td>
<td>0</td>
<td>null</td></tr>
<tr>
<td title='com.qait.mindtap.tests.NG_30370.TC01_Instructor_Adds_Offline_Activity.Step_12_Verify_Rolling_Week_UI()'><b>Step_12_Verify_Rolling_Week_UI</b><br>Test class: com.qait.mindtap.tests.NG_30370.TC01_Instructor_Adds_Offline_Activity</td>
<td><div><pre>java.lang.Throwable: Method TC01_Instructor_Adds_Offline_Activity.Step_12_Verify_Rolling_Week_UI()[pri:0, instance:com.qait.mindtap.tests.NG_30370.TC01_Instructor_Adds_Offline_Activity@17f6480] depends on not successfully finished methods
... Removed 21 stack frames</pre></div><a href='#' onClick='toggleBox("stack-trace9602993", this, "Click to show all stack frames", "Click to hide stack frames")'>Click to show all stack frames</a>
<div class='stack-trace' id='stack-trace9602993'><pre>java.lang.Throwable: Method TC01_Instructor_Adds_Offline_Activity.Step_12_Verify_Rolling_Week_UI()[pri:0, instance:com.qait.mindtap.tests.NG_30370.TC01_Instructor_Adds_Offline_Activity@17f6480] depends on not successfully finished methods
	at org.testng.internal.Invoker.invokeTestMethods(Invoker.java:1063)
	at org.testng.internal.TestMethodWorker.invokeTestMethods(TestMethodWorker.java:125)
	at org.testng.internal.TestMethodWorker.run(TestMethodWorker.java:108)
	at org.testng.TestRunner.privateRun(TestRunner.java:771)
	at org.testng.TestRunner.run(TestRunner.java:621)
	at org.testng.SuiteRunner.runTest(SuiteRunner.java:357)
	at org.testng.SuiteRunner.runSequentially(SuiteRunner.java:352)
	at org.testng.SuiteRunner.privateRun(SuiteRunner.java:310)
	at org.testng.SuiteRunner.run(SuiteRunner.java:259)
	at org.testng.SuiteRunnerWorker.runSuite(SuiteRunnerWorker.java:52)
	at org.testng.SuiteRunnerWorker.run(SuiteRunnerWorker.java:86)
	at org.testng.TestNG.runSuitesSequentially(TestNG.java:1199)
	at org.testng.TestNG.runSuitesLocally(TestNG.java:1124)
	at org.testng.TestNG.run(TestNG.java:1032)
	at org.apache.maven.surefire.testng.TestNGExecutor.run(TestNGExecutor.java:91)
	at org.apache.maven.surefire.testng.TestNGDirectoryTestSuite.executeSingleClass(TestNGDirectoryTestSuite.java:128)
	at org.apache.maven.surefire.testng.TestNGDirectoryTestSuite.execute(TestNGDirectoryTestSuite.java:112)
	at org.apache.maven.surefire.testng.TestNGProvider.invoke(TestNGProvider.java:113)
	at org.apache.maven.surefire.booter.ForkedBooter.invokeProviderInSameClassLoader(ForkedBooter.java:200)
	at org.apache.maven.surefire.booter.ForkedBooter.runSuitesInProcess(ForkedBooter.java:153)
	at org.apache.maven.surefire.booter.ForkedBooter.main(ForkedBooter.java:103)
</pre></div></td>
<td>0</td>
<td>null</td></tr>
<tr>
<td title='com.qait.mindtap.tests.NG_30370.TC01_Instructor_Adds_Offline_Activity.Step_13_Verify_Activity_Gets_Added()'><b>Step_13_Verify_Activity_Gets_Added</b><br>Test class: com.qait.mindtap.tests.NG_30370.TC01_Instructor_Adds_Offline_Activity</td>
<td><div><pre>java.lang.Throwable: Method TC01_Instructor_Adds_Offline_Activity.Step_13_Verify_Activity_Gets_Added()[pri:0, instance:com.qait.mindtap.tests.NG_30370.TC01_Instructor_Adds_Offline_Activity@17f6480] depends on not successfully finished methods
... Removed 21 stack frames</pre></div><a href='#' onClick='toggleBox("stack-trace22039791", this, "Click to show all stack frames", "Click to hide stack frames")'>Click to show all stack frames</a>
<div class='stack-trace' id='stack-trace22039791'><pre>java.lang.Throwable: Method TC01_Instructor_Adds_Offline_Activity.Step_13_Verify_Activity_Gets_Added()[pri:0, instance:com.qait.mindtap.tests.NG_30370.TC01_Instructor_Adds_Offline_Activity@17f6480] depends on not successfully finished methods
	at org.testng.internal.Invoker.invokeTestMethods(Invoker.java:1063)
	at org.testng.internal.TestMethodWorker.invokeTestMethods(TestMethodWorker.java:125)
	at org.testng.internal.TestMethodWorker.run(TestMethodWorker.java:108)
	at org.testng.TestRunner.privateRun(TestRunner.java:771)
	at org.testng.TestRunner.run(TestRunner.java:621)
	at org.testng.SuiteRunner.runTest(SuiteRunner.java:357)
	at org.testng.SuiteRunner.runSequentially(SuiteRunner.java:352)
	at org.testng.SuiteRunner.privateRun(SuiteRunner.java:310)
	at org.testng.SuiteRunner.run(SuiteRunner.java:259)
	at org.testng.SuiteRunnerWorker.runSuite(SuiteRunnerWorker.java:52)
	at org.testng.SuiteRunnerWorker.run(SuiteRunnerWorker.java:86)
	at org.testng.TestNG.runSuitesSequentially(TestNG.java:1199)
	at org.testng.TestNG.runSuitesLocally(TestNG.java:1124)
	at org.testng.TestNG.run(TestNG.java:1032)
	at org.apache.maven.surefire.testng.TestNGExecutor.run(TestNGExecutor.java:91)
	at org.apache.maven.surefire.testng.TestNGDirectoryTestSuite.executeSingleClass(TestNGDirectoryTestSuite.java:128)
	at org.apache.maven.surefire.testng.TestNGDirectoryTestSuite.execute(TestNGDirectoryTestSuite.java:112)
	at org.apache.maven.surefire.testng.TestNGProvider.invoke(TestNGProvider.java:113)
	at org.apache.maven.surefire.booter.ForkedBooter.invokeProviderInSameClassLoader(ForkedBooter.java:200)
	at org.apache.maven.surefire.booter.ForkedBooter.runSuitesInProcess(ForkedBooter.java:153)
	at org.apache.maven.surefire.booter.ForkedBooter.main(ForkedBooter.java:103)
</pre></div></td>
<td>0</td>
<td>null</td></tr>
<tr>
<td title='com.qait.mindtap.tests.NG_30370.TC01_Instructor_Adds_Offline_Activity.step_07_Instructor_Logs_Again()'><b>step_07_Instructor_Logs_Again</b><br>Test class: com.qait.mindtap.tests.NG_30370.TC01_Instructor_Adds_Offline_Activity</td>
<td><div><pre>java.lang.Throwable: Method TC01_Instructor_Adds_Offline_Activity.step_07_Instructor_Logs_Again(java.lang.String)[pri:0, instance:com.qait.mindtap.tests.NG_30370.TC01_Instructor_Adds_Offline_Activity@17f6480] depends on not successfully finished methods
... Removed 21 stack frames</pre></div><a href='#' onClick='toggleBox("stack-trace11383347", this, "Click to show all stack frames", "Click to hide stack frames")'>Click to show all stack frames</a>
<div class='stack-trace' id='stack-trace11383347'><pre>java.lang.Throwable: Method TC01_Instructor_Adds_Offline_Activity.step_07_Instructor_Logs_Again(java.lang.String)[pri:0, instance:com.qait.mindtap.tests.NG_30370.TC01_Instructor_Adds_Offline_Activity@17f6480] depends on not successfully finished methods
	at org.testng.internal.Invoker.invokeTestMethods(Invoker.java:1063)
	at org.testng.internal.TestMethodWorker.invokeTestMethods(TestMethodWorker.java:125)
	at org.testng.internal.TestMethodWorker.run(TestMethodWorker.java:108)
	at org.testng.TestRunner.privateRun(TestRunner.java:771)
	at org.testng.TestRunner.run(TestRunner.java:621)
	at org.testng.SuiteRunner.runTest(SuiteRunner.java:357)
	at org.testng.SuiteRunner.runSequentially(SuiteRunner.java:352)
	at org.testng.SuiteRunner.privateRun(SuiteRunner.java:310)
	at org.testng.SuiteRunner.run(SuiteRunner.java:259)
	at org.testng.SuiteRunnerWorker.runSuite(SuiteRunnerWorker.java:52)
	at org.testng.SuiteRunnerWorker.run(SuiteRunnerWorker.java:86)
	at org.testng.TestNG.runSuitesSequentially(TestNG.java:1199)
	at org.testng.TestNG.runSuitesLocally(TestNG.java:1124)
	at org.testng.TestNG.run(TestNG.java:1032)
	at org.apache.maven.surefire.testng.TestNGExecutor.run(TestNGExecutor.java:91)
	at org.apache.maven.surefire.testng.TestNGDirectoryTestSuite.executeSingleClass(TestNGDirectoryTestSuite.java:128)
	at org.apache.maven.surefire.testng.TestNGDirectoryTestSuite.execute(TestNGDirectoryTestSuite.java:112)
	at org.apache.maven.surefire.testng.TestNGProvider.invoke(TestNGProvider.java:113)
	at org.apache.maven.surefire.booter.ForkedBooter.invokeProviderInSameClassLoader(ForkedBooter.java:200)
	at org.apache.maven.surefire.booter.ForkedBooter.runSuitesInProcess(ForkedBooter.java:153)
	at org.apache.maven.surefire.booter.ForkedBooter.main(ForkedBooter.java:103)
</pre></div></td>
<td>0</td>
<td>null</td></tr>
</table><p>
</body>
</html>