-------------------------------------------------------------------------------
Test set: com.qait.mindtap.tests.NG_30104.NG_30181_TC03_Instructor_Deletes_Course
-------------------------------------------------------------------------------
Tests run: 8, Failures: 1, Errors: 0, Skipped: 5, Time elapsed: 105.848 sec <<< FAILURE! - in com.qait.mindtap.tests.NG_30104.NG_30181_TC03_Instructor_Deletes_Course
Step_03_Instructor_Drops_Student(com.qait.mindtap.tests.NG_30104.NG_30181_TC03_Instructor_Deletes_Course)  Time elapsed: 55.796 sec  <<< FAILURE!
org.openqa.selenium.StaleElementReferenceException: Element not found in the cache - perhaps the page has changed since it was looked up
For documentation on this error, please visit: http://seleniumhq.org/exceptions/stale_element_reference.html
Build info: version: '2.46.0', revision: '87c69e2', time: '2015-06-04 16:16:47'
System info: host: 'mindtaptest06', ip: '10.161.126.78', os.name: 'Windows 8', os.arch: 'amd64', os.version: '6.2', java.version: '1.7.0_17'
Driver info: driver.version: unknown
Command duration or timeout: 31.37 seconds
For documentation on this error, please visit: http://seleniumhq.org/exceptions/stale_element_reference.html
Build info: version: '2.46.0', revision: '61506a4624b13675f24581e453592342b7485d71', time: '2015-06-04 10:22:50'
System info: host: 'LNDA0021', ip: '10.161.236.230', os.name: 'Windows 7', os.arch: 'x86', os.version: '6.1', java.version: '1.8.0_51'
Driver info: org.openqa.selenium.remote.RemoteWebDriver
Capabilities [{applicationCacheEnabled=true, rotatable=false, databaseEnabled=true, handlesAlerts=true, version=39.0, platform=WINDOWS, nativeEvents=false, acceptSslCerts=true, webdriver.remote.sessionid=9415196a-0ee7-4b99-97a7-740b617d965b, locationContextEnabled=true, webStorageEnabled=true, browserName=firefox, takesScreenshot=true, javascriptEnabled=true, cssSelectorsEnabled=true}]
Session ID: 9415196a-0ee7-4b99-97a7-740b617d965b
	at sun.reflect.NativeConstructorAccessorImpl.newInstance0(Native Method)
	at sun.reflect.NativeConstructorAccessorImpl.newInstance(NativeConstructorAccessorImpl.java:62)
	at sun.reflect.DelegatingConstructorAccessorImpl.newInstance(DelegatingConstructorAccessorImpl.java:45)
	at java.lang.reflect.Constructor.newInstance(Constructor.java:422)
	at org.openqa.selenium.remote.ErrorHandler.createThrowable(ErrorHandler.java:204)
	at org.openqa.selenium.remote.ErrorHandler.throwIfResponseFailed(ErrorHandler.java:156)
	at org.openqa.selenium.remote.RemoteWebDriver.execute(RemoteWebDriver.java:605)
	at org.openqa.selenium.remote.RemoteWebDriver$RemoteTargetLocator.frame(RemoteWebDriver.java:895)
	at com.qait.mindtap.automation.getpageobjects.BaseUi.switchToFrame(BaseUi.java:190)
	at com.qait.mindtap.keywords.NG_30104.PerformanceWidget.dropsStudent(PerformanceWidget.java:27)
	at com.qait.mindtap.tests.NG_30104.NG_30181_TC03_Instructor_Deletes_Course.Step_03_Instructor_Drops_Student(NG_30181_TC03_Instructor_Deletes_Course.java:47)
Caused by: org.openqa.selenium.StaleElementReferenceException: Element not found in the cache - perhaps the page has changed since it was looked up
For documentation on this error, please visit: http://seleniumhq.org/exceptions/stale_element_reference.html
Build info: version: '2.46.0', revision: '87c69e2', time: '2015-06-04 16:16:47'
System info: host: 'mindtaptest06', ip: '10.161.126.78', os.name: 'Windows 8', os.arch: 'amd64', os.version: '6.2', java.version: '1.7.0_17'
Driver info: driver.version: unknown
For documentation on this error, please visit: http://seleniumhq.org/exceptions/stale_element_reference.html
Build info: version: '2.46.0', revision: '61506a4624b13675f24581e453592342b7485d71', time: '2015-06-04 10:22:50'
System info: host: 'LNDA0021', ip: '10.161.236.230', os.name: 'Windows 7', os.arch: 'x86', os.version: '6.1', java.version: '1.8.0_51'
Driver info: driver.version: unknown
	at <anonymous class>.fxdriver.cache.getElementAt(resource://fxdriver/modules/web-element-cache.js:8981)
	at <anonymous class>.Utils.getElementAt(file:///C:/Users/qaadmin/AppData/Local/Temp/anonymous3281149858340217335webdriver-profile/extensions/fxdriver@googlecode.com/components/driver-component.js:8574)
	at <anonymous class>.FirefoxDriver.prototype.switchToFrame(file:///C:/Users/qaadmin/AppData/Local/Temp/anonymous3281149858340217335webdriver-profile/extensions/fxdriver@googlecode.com/components/driver-component.js:10356)
	at <anonymous class>.DelayedCommand.prototype.executeInternal_/h(file:///C:/Users/qaadmin/AppData/Local/Temp/anonymous3281149858340217335webdriver-profile/extensions/fxdriver@googlecode.com/components/command-processor.js:12282)
	at <anonymous class>.fxdriver.Timer.prototype.setTimeout/<.notify(file:///C:/Users/qaadmin/AppData/Local/Temp/anonymous3281149858340217335webdriver-profile/extensions/fxdriver@googlecode.com/components/command-processor.js:603)

