-------------------------------------------------------------------------------
Test set: com.cengage.ng.test.integrationtests.smoketestsuite.TestAdminPerformsAction
-------------------------------------------------------------------------------
Tests run: 9, Failures: 1, Errors: 0, Skipped: 6, Time elapsed: 89.746 sec <<< FAILURE! - in com.cengage.ng.test.integrationtests.smoketestsuite.TestAdminPerformsAction
adminRefreshMasterNeXtBook(com.cengage.ng.test.integrationtests.smoketestsuite.TestAdminPerformsAction)  Time elapsed: 67.059 sec  <<< FAILURE!
java.lang.NullPointerException: null
	at org.openqa.selenium.support.ui.ExpectedConditions.elementIfVisible(ExpectedConditions.java:302)
	at org.openqa.selenium.support.ui.ExpectedConditions.access$100(ExpectedConditions.java:41)
	at org.openqa.selenium.support.ui.ExpectedConditions$10.apply(ExpectedConditions.java:288)
	at org.openqa.selenium.support.ui.ExpectedConditions$10.apply(ExpectedConditions.java:285)
	at org.openqa.selenium.support.ui.FluentWait.until(FluentWait.java:209)
	at com.qait.mindtap.automation.utils.SeleniumWait.waitForElementToBeVisible(SeleniumWait.java:53)
	at com.qait.mindtap.automation.getpageobjects.GetPage.isElementDisplayed(GetPage.java:274)
	at com.qait.mindtap.keywords.NG_30104.AdminPerformActions.clickBookModifyOption(AdminPerformActions.java:135)
	at com.cengage.ng.test.integrationtests.smoketestsuite.TestAdminPerformsAction.adminRefreshMasterNeXtBook(TestAdminPerformsAction.java:49)

