<!DOCTYPE html PUBLIC "-//W3C//DTD XHTML 1.1//EN" "http://www.w3.org/TR/xhtml11/DTD/xhtml11.dtd">
<html xmlns="http://www.w3.org/1999/xhtml"><head><title>TestNG Report</title><style type="text/css">table {margin-bottom:10px;border-collapse:collapse;empty-cells:show}th,td {border:1px solid #009;padding:.25em .5em}th {vertical-align:bottom}td {vertical-align:top}table a {font-weight:bold}.stripe td {background-color: #E6EBF9}.num {text-align:right}.passedodd td {background-color: #3F3}.passedeven td {background-color: #0A0}.skippedodd td {background-color: #DDD}.skippedeven td {background-color: #CCC}.failedodd td,.attn {background-color: #F33}.failedeven td,.stripe .attn {background-color: #D00}.stacktrace {white-space:pre;font-family:monospace}.totop {font-size:85%;text-align:center;border-bottom:2px solid #000}</style></head><body><table><tr><th>Test</th><th># Passed</th><th># Skipped</th><th># Failed</th><th>Time (ms)</th><th>Included Groups</th><th>Excluded Groups</th></tr><tr><th colspan="7">com.qait.mindtap.tests.NG_30104.NG_30181_TC03_Instructor_Deletes_Course</th></tr><tr><td><a href="#t0">Command line test 7cf9114f-d52b-41a0-bf9b-af3134d4e474</a></td><td class="num">2</td><td class="num attn">5</td><td class="num attn">1</td><td class="num">105,346</td><td></td><td></td></tr></table><table><thead><tr><th>Class</th><th>Method</th><th>Start</th><th>Time (ms)</th></tr></thead><tbody><tr><th colspan="4">com.qait.mindtap.tests.NG_30104.NG_30181_TC03_Instructor_Deletes_Course</th></tr></tbody><tbody id="t0"><tr><th colspan="4">Command line test 7cf9114f-d52b-41a0-bf9b-af3134d4e474 &#8212; failed</th></tr><tr class="failedeven"><td rowspan="1">com.qait.mindtap.tests.NG_30104.NG_30181_TC03_Instructor_Deletes_Course</td><td><a href="#m0">Step_03_Instructor_Drops_Student</a></td><td rowspan="1">1444130165371</td><td rowspan="1">55776</td></tr><tr><th colspan="4">Command line test 7cf9114f-d52b-41a0-bf9b-af3134d4e474 &#8212; skipped</th></tr><tr class="skippedeven"><td rowspan="5">com.qait.mindtap.tests.NG_30104.NG_30181_TC03_Instructor_Deletes_Course</td><td><a href="#m1">Step_04_user_LogOut</a></td><td rowspan="1">1444130221167</td><td rowspan="1">0</td></tr><tr class="skippedeven"><td><a href="#m2">Step_05_Instructor_Logs_in_to_the_Application_Again</a></td><td rowspan="1">1444130221167</td><td rowspan="1">0</td></tr><tr class="skippedeven"><td><a href="#m3">Step_06_Instructor_Manage_Course</a></td><td rowspan="1">1444130221167</td><td rowspan="1">0</td></tr><tr class="skippedeven"><td><a href="#m4">Step_07_Instructor_Delete_Course</a></td><td rowspan="1">1444130221167</td><td rowspan="1">0</td></tr><tr class="skippedeven"><td><a href="#m5">Step_07_Instructor_SignOut</a></td><td rowspan="1">1444130221167</td><td rowspan="1">0</td></tr><tr><th colspan="4">Command line test 7cf9114f-d52b-41a0-bf9b-af3134d4e474 &#8212; passed</th></tr><tr class="passedeven"><td rowspan="2">com.qait.mindtap.tests.NG_30104.NG_30181_TC03_Instructor_Deletes_Course</td><td><a href="#m6">Step_01_Instructor_Logs_in_to_the_Application</a></td><td rowspan="1">1444130123562</td><td rowspan="1">14444</td></tr><tr class="passedeven"><td><a href="#m7">Step_02_Instructor_Manage_Course</a></td><td rowspan="1">1444130138016</td><td rowspan="1">27355</td></tr></tbody></table><h2>Command line test 7cf9114f-d52b-41a0-bf9b-af3134d4e474</h2><h3 id="m0">com.qait.mindtap.tests.NG_30104.NG_30181_TC03_Instructor_Deletes_Course#Step_03_Instructor_Drops_Student</h3><table class="result"><tr><th>Exception</th></tr><tr><td><div class="stacktrace">org.openqa.selenium.StaleElementReferenceException: Element not found in the cache - perhaps the page has changed since it was looked up
For documentation on this error, please visit: http://seleniumhq.org/exceptions/stale_element_reference.html
Build info: version: &apos;2.46.0&apos;, revision: &apos;87c69e2&apos;, time: &apos;2015-06-04 16:16:47&apos;
System info: host: &apos;mindtaptest06&apos;, ip: &apos;10.161.126.78&apos;, os.name: &apos;Windows 8&apos;, os.arch: &apos;amd64&apos;, os.version: &apos;6.2&apos;, java.version: &apos;1.7.0_17&apos;
Driver info: driver.version: unknown
Command duration or timeout: 31.37 seconds
For documentation on this error, please visit: http://seleniumhq.org/exceptions/stale_element_reference.html
Build info: version: &apos;2.46.0&apos;, revision: &apos;61506a4624b13675f24581e453592342b7485d71&apos;, time: &apos;2015-06-04 10:22:50&apos;
System info: host: &apos;LNDA0021&apos;, ip: &apos;10.161.236.230&apos;, os.name: &apos;Windows 7&apos;, os.arch: &apos;x86&apos;, os.version: &apos;6.1&apos;, java.version: &apos;1.8.0_51&apos;
Driver info: org.openqa.selenium.remote.RemoteWebDriver
Capabilities [{applicationCacheEnabled=true, rotatable=false, databaseEnabled=true, handlesAlerts=true, version=39.0, platform=WINDOWS, nativeEvents=false, acceptSslCerts=true, webdriver.remote.sessionid=9415196a-0ee7-4b99-97a7-740b617d965b, locationContextEnabled=true, webStorageEnabled=true, browserName=firefox, takesScreenshot=true, javascriptEnabled=true, cssSelectorsEnabled=true}]
Session ID: 9415196a-0ee7-4b99-97a7-740b617d965b
	at org.openqa.selenium.remote.ErrorHandler.createThrowable(ErrorHandler.java:204)
	at org.openqa.selenium.remote.ErrorHandler.throwIfResponseFailed(ErrorHandler.java:156)
	at org.openqa.selenium.remote.RemoteWebDriver.execute(RemoteWebDriver.java:605)
	at org.openqa.selenium.remote.RemoteWebDriver$RemoteTargetLocator.frame(RemoteWebDriver.java:895)
	at com.qait.mindtap.automation.getpageobjects.BaseUi.switchToFrame(BaseUi.java:190)
	at com.qait.mindtap.keywords.NG_30104.PerformanceWidget.dropsStudent(PerformanceWidget.java:27)
	at com.qait.mindtap.tests.NG_30104.NG_30181_TC03_Instructor_Deletes_Course.Step_03_Instructor_Drops_Student(NG_30181_TC03_Instructor_Deletes_Course.java:47)
Caused by: org.openqa.selenium.StaleElementReferenceException: Element not found in the cache - perhaps the page has changed since it was looked up
For documentation on this error, please visit: http://seleniumhq.org/exceptions/stale_element_reference.html
Build info: version: &apos;2.46.0&apos;, revision: &apos;87c69e2&apos;, time: &apos;2015-06-04 16:16:47&apos;
System info: host: &apos;mindtaptest06&apos;, ip: &apos;10.161.126.78&apos;, os.name: &apos;Windows 8&apos;, os.arch: &apos;amd64&apos;, os.version: &apos;6.2&apos;, java.version: &apos;1.7.0_17&apos;
Driver info: driver.version: unknown
For documentation on this error, please visit: http://seleniumhq.org/exceptions/stale_element_reference.html
Build info: version: &apos;2.46.0&apos;, revision: &apos;61506a4624b13675f24581e453592342b7485d71&apos;, time: &apos;2015-06-04 10:22:50&apos;
System info: host: &apos;LNDA0021&apos;, ip: &apos;10.161.236.230&apos;, os.name: &apos;Windows 7&apos;, os.arch: &apos;x86&apos;, os.version: &apos;6.1&apos;, java.version: &apos;1.8.0_51&apos;
Driver info: driver.version: unknown
	at &lt;anonymous class&gt;.fxdriver.cache.getElementAt(resource://fxdriver/modules/web-element-cache.js:8981)
	at &lt;anonymous class&gt;.Utils.getElementAt(file:///C:/Users/qaadmin/AppData/Local/Temp/anonymous3281149858340217335webdriver-profile/extensions/fxdriver@googlecode.com/components/driver-component.js:8574)
	at &lt;anonymous class&gt;.FirefoxDriver.prototype.switchToFrame(file:///C:/Users/qaadmin/AppData/Local/Temp/anonymous3281149858340217335webdriver-profile/extensions/fxdriver@googlecode.com/components/driver-component.js:10356)
	at &lt;anonymous class&gt;.DelayedCommand.prototype.executeInternal_/h(file:///C:/Users/qaadmin/AppData/Local/Temp/anonymous3281149858340217335webdriver-profile/extensions/fxdriver@googlecode.com/components/command-processor.js:12282)
	at &lt;anonymous class&gt;.fxdriver.Timer.prototype.setTimeout/&lt;.notify(file:///C:/Users/qaadmin/AppData/Local/Temp/anonymous3281149858340217335webdriver-profile/extensions/fxdriver@googlecode.com/components/command-processor.js:603)
... Removed 32 stack frames</div></td></tr></table><p class="totop"><a href="#summary">back to summary</a></p><h3 id="m1">com.qait.mindtap.tests.NG_30104.NG_30181_TC03_Instructor_Deletes_Course#Step_04_user_LogOut</h3><table class="result"><tr><th>Exception</th></tr><tr><td><div class="stacktrace">java.lang.Throwable: Method NG_30181_TC03_Instructor_Deletes_Course.Step_04_user_LogOut()[pri:0, instance:com.qait.mindtap.tests.NG_30104.NG_30181_TC03_Instructor_Deletes_Course@1be98f5] depends on not successfully finished methods
... Removed 21 stack frames</div></td></tr></table><p class="totop"><a href="#summary">back to summary</a></p><h3 id="m2">com.qait.mindtap.tests.NG_30104.NG_30181_TC03_Instructor_Deletes_Course#Step_05_Instructor_Logs_in_to_the_Application_Again</h3><table class="result"><tr><th>Exception</th></tr><tr><td><div class="stacktrace">java.lang.Throwable: Method NG_30181_TC03_Instructor_Deletes_Course.Step_05_Instructor_Logs_in_to_the_Application_Again()[pri:0, instance:com.qait.mindtap.tests.NG_30104.NG_30181_TC03_Instructor_Deletes_Course@1be98f5] depends on not successfully finished methods
... Removed 21 stack frames</div></td></tr></table><p class="totop"><a href="#summary">back to summary</a></p><h3 id="m3">com.qait.mindtap.tests.NG_30104.NG_30181_TC03_Instructor_Deletes_Course#Step_06_Instructor_Manage_Course</h3><table class="result"><tr><th>Exception</th></tr><tr><td><div class="stacktrace">java.lang.Throwable: Method NG_30181_TC03_Instructor_Deletes_Course.Step_06_Instructor_Manage_Course()[pri:0, instance:com.qait.mindtap.tests.NG_30104.NG_30181_TC03_Instructor_Deletes_Course@1be98f5] depends on not successfully finished methods
... Removed 21 stack frames</div></td></tr></table><p class="totop"><a href="#summary">back to summary</a></p><h3 id="m4">com.qait.mindtap.tests.NG_30104.NG_30181_TC03_Instructor_Deletes_Course#Step_07_Instructor_Delete_Course</h3><table class="result"><tr><th>Exception</th></tr><tr><td><div class="stacktrace">java.lang.Throwable: Method NG_30181_TC03_Instructor_Deletes_Course.Step_07_Instructor_Delete_Course()[pri:0, instance:com.qait.mindtap.tests.NG_30104.NG_30181_TC03_Instructor_Deletes_Course@1be98f5] depends on not successfully finished methods
... Removed 21 stack frames</div></td></tr></table><p class="totop"><a href="#summary">back to summary</a></p><h3 id="m5">com.qait.mindtap.tests.NG_30104.NG_30181_TC03_Instructor_Deletes_Course#Step_07_Instructor_SignOut</h3><table class="result"><tr><th>Exception</th></tr><tr><td><div class="stacktrace">java.lang.Throwable: Method NG_30181_TC03_Instructor_Deletes_Course.Step_07_Instructor_SignOut()[pri:0, instance:com.qait.mindtap.tests.NG_30104.NG_30181_TC03_Instructor_Deletes_Course@1be98f5] depends on not successfully finished methods
... Removed 21 stack frames</div></td></tr></table><p class="totop"><a href="#summary">back to summary</a></p><h3 id="m6">com.qait.mindtap.tests.NG_30104.NG_30181_TC03_Instructor_Deletes_Course#Step_01_Instructor_Logs_in_to_the_Application</h3><table class="result"><tr><th>Messages</th></tr><tr><td><div class="messages">[ASSERT PASS]: PageTitle for NG-30181-LoginPage contains: &apos;Cengage Learning - Login&apos;.<br/>[INFO]: log into the application using credentials &apos;kajal.inst@qaittest.com / A111111&apos;<br/>[ASSERT PASS]: PageTitle for NG-30181-InstructorPage contains: &apos;Instructor SSO - Instructor Resource Center&apos;.</div></td></tr></table><p class="totop"><a href="#summary">back to summary</a></p><h3 id="m7">com.qait.mindtap.tests.NG_30104.NG_30181_TC03_Instructor_Deletes_Course#Step_02_Instructor_Manage_Course</h3><table class="result"><tr><th>Messages</th></tr><tr><td><div class="messages">[ASSERT PASS]: element pageTitle with text Instructor Resource Center is displayed.<br/>[ASSERT PASS]: element courseOperation with text Manage Course is displayed.<br/>[ASSERT PASS]: element courseLink with text Mayank Test Book-Automated is displayed.</div></td></tr></table><p class="totop"><a href="#summary">back to summary</a></p></body></html>