<?xml version="1.0" encoding="UTF-8"?>
<testsuite name="com.qait.mindtap.tests.NG_30370.TC01_Instructor_Adds_Offline_Activity" time="85.811" tests="9" errors="0" skipped="7" failures="1">
  <properties>
    <property name="java.runtime.name" value="Java(TM) SE Runtime Environment"/>
    <property name="sun.boot.library.path" value="C:\Program Files\Java\jdk1.8.0_51\jre\bin"/>
    <property name="java.vm.version" value="25.51-b03"/>
    <property name="java.vm.vendor" value="Oracle Corporation"/>
    <property name="java.vendor.url" value="http://java.oracle.com/"/>
    <property name="path.separator" value=";"/>
    <property name="guice.disable.misplaced.annotation.check" value="true"/>
    <property name="java.vm.name" value="Java HotSpot(TM) Client VM"/>
    <property name="file.encoding.pkg" value="sun.io"/>
    <property name="user.script" value=""/>
    <property name="user.country" value="US"/>
    <property name="sun.java.launcher" value="SUN_STANDARD"/>
    <property name="sun.os.patch.level" value="Service Pack 1"/>
    <property name="test" value="com.qait.mindtap.tests.NG_30370.TC01_Instructor_Adds_Offline_Activity"/>
    <property name="java.vm.specification.name" value="Java Virtual Machine Specification"/>
    <property name="user.dir" value="C:\Users\ayushgaur\Desktop\New folder (2)\MT_Automation_V8"/>
    <property name="java.runtime.version" value="1.8.0_51-b16"/>
    <property name="java.awt.graphicsenv" value="sun.awt.Win32GraphicsEnvironment"/>
    <property name="java.endorsed.dirs" value="C:\Program Files\Java\jdk1.8.0_51\jre\lib\endorsed"/>
    <property name="os.arch" value="x86"/>
    <property name="java.io.tmpdir" value="C:\Users\AYUSHG~1\AppData\Local\Temp\"/>
    <property name="line.separator" value="&#10;"/>
    <property name="java.vm.specification.vendor" value="Oracle Corporation"/>
    <property name="user.variant" value=""/>
    <property name="os.name" value="Windows 7"/>
    <property name="maven.ext.class.path" value="C:\Program Files\NetBeans 8.0\java\maven-nblib\netbeans-eventspy.jar"/>
    <property name="classworlds.conf" value="C:\Program Files\NetBeans 8.0\java\maven\bin\m2.conf"/>
    <property name="sun.jnu.encoding" value="Cp1252"/>
    <property name="java.library.path" value="C:\Program Files\Java\jdk1.8.0_51\bin;C:\Windows\Sun\Java\bin;C:\Windows\system32;C:\Windows;C:\ProgramData\Oracle\Java\javapath;C:\Program Files\nodejs;C:\Users\ayushgaur\AppData\Roaming\npm;C:\Program Files\Java\jre1.8.0_51\bin;C:\Program Files\apache-maven-3.1.1\bin\\;C:\Program Files\Java\jdk1.8.0_51\bin;C:\Program Files\Java\jdk1.8.0_51\lib;C:\Web Driver;C:\Program Files\Skype\Phone\;C:\Ruby22\bin;C:\Users\ayushgaur\AppData\Roaming\npm;."/>
    <property name="java.specification.name" value="Java Platform API Specification"/>
    <property name="java.class.version" value="52.0"/>
    <property name="sun.management.compiler" value="HotSpot Client Compiler"/>
    <property name="os.version" value="6.1"/>
    <property name="user.home" value="C:\Users\ayushgaur"/>
    <property name="user.timezone" value="Asia/Calcutta"/>
    <property name="java.awt.printerjob" value="sun.awt.windows.WPrinterJob"/>
    <property name="java.specification.version" value="1.8"/>
    <property name="file.encoding" value="UTF-8"/>
    <property name="user.name" value="ayushgaur"/>
    <property name="java.class.path" value="C:\Program Files\NetBeans 8.0\java\maven\boot\plexus-classworlds-2.4.jar"/>
    <property name="java.vm.specification.version" value="1.8"/>
    <property name="sun.arch.data.model" value="32"/>
    <property name="java.home" value="C:\Program Files\Java\jdk1.8.0_51\jre"/>
    <property name="sun.java.command" value="org.codehaus.plexus.classworlds.launcher.Launcher -Dtest=com.qait.mindtap.tests.NG_30370.TC01_Instructor_Adds_Offline_Activity -Dmaven.ext.class.path=C:\Program Files\NetBeans 8.0\java\maven-nblib\netbeans-eventspy.jar -Dfile.encoding=UTF-8 surefire:test"/>
    <property name="java.specification.vendor" value="Oracle Corporation"/>
    <property name="user.language" value="en"/>
    <property name="awt.toolkit" value="sun.awt.windows.WToolkit"/>
    <property name="java.vm.info" value="mixed mode, sharing"/>
    <property name="java.version" value="1.8.0_51"/>
    <property name="java.ext.dirs" value="C:\Program Files\Java\jdk1.8.0_51\jre\lib\ext;C:\Windows\Sun\Java\lib\ext"/>
    <property name="sun.boot.class.path" value="C:\Program Files\Java\jdk1.8.0_51\jre\lib\resources.jar;C:\Program Files\Java\jdk1.8.0_51\jre\lib\rt.jar;C:\Program Files\Java\jdk1.8.0_51\jre\lib\sunrsasign.jar;C:\Program Files\Java\jdk1.8.0_51\jre\lib\jsse.jar;C:\Program Files\Java\jdk1.8.0_51\jre\lib\jce.jar;C:\Program Files\Java\jdk1.8.0_51\jre\lib\charsets.jar;C:\Program Files\Java\jdk1.8.0_51\jre\lib\jfr.jar;C:\Program Files\Java\jdk1.8.0_51\jre\classes"/>
    <property name="java.vendor" value="Oracle Corporation"/>
    <property name="maven.home" value="C:\Program Files\NetBeans 8.0\java\maven"/>
    <property name="file.separator" value="\"/>
    <property name="java.vendor.url.bug" value="http://bugreport.sun.com/bugreport/"/>
    <property name="sun.cpu.endian" value="little"/>
    <property name="sun.io.unicode.encoding" value="UnicodeLittle"/>
    <property name="sun.desktop" value="windows"/>
    <property name="sun.cpu.isalist" value="pentium_pro+mmx pentium_pro pentium+mmx pentium i486 i386 i86"/>
  </properties>
  <testcase name="Step_05_Admin_Logs_in_to_the_Application" classname="com.qait.mindtap.tests.NG_30370.TC01_Instructor_Adds_Offline_Activity" time="9.716"/>
  <testcase name="Step_06_Admin_Search_Course" classname="com.qait.mindtap.tests.NG_30370.TC01_Instructor_Adds_Offline_Activity" time="76.095">
    <failure message="Timed out after 30 seconds waiting for visibility of [[FirefoxDriver: firefox on WINDOWS (80298a2a-cb1b-4bb7-9dcc-e79730e99649)] -&gt; xpath: //div[contains(text(),&apos;Cengage.non-mt-activity&apos;)]]&#10;Build info: version: &apos;2.46.0&apos;, revision: &apos;61506a4624b13675f24581e453592342b7485d71&apos;, time: &apos;2015-06-04 10:22:50&apos;&#10;System info: host: &apos;LNDA0021&apos;, ip: &apos;10.0.9.31&apos;, os.name: &apos;Windows 7&apos;, os.arch: &apos;x86&apos;, os.version: &apos;6.1&apos;, java.version: &apos;1.8.0_51&apos;&#10;Driver info: org.openqa.selenium.firefox.FirefoxDriver&#10;Capabilities [{applicationCacheEnabled=true, rotatable=false, handlesAlerts=true, databaseEnabled=true, version=41.0.1, platform=WINDOWS, nativeEvents=false, acceptSslCerts=true, webStorageEnabled=true, locationContextEnabled=true, browserName=firefox, takesScreenshot=true, javascriptEnabled=true, cssSelectorsEnabled=true}]&#10;Session ID: 80298a2a-cb1b-4bb7-9dcc-e79730e99649" type="org.openqa.selenium.TimeoutException">org.openqa.selenium.TimeoutException: Timed out after 30 seconds waiting for visibility of [[FirefoxDriver: firefox on WINDOWS (80298a2a-cb1b-4bb7-9dcc-e79730e99649)] -> xpath: //div[contains(text(),'Cengage.non-mt-activity')]]
Build info: version: '2.46.0', revision: '61506a4624b13675f24581e453592342b7485d71', time: '2015-06-04 10:22:50'
System info: host: 'LNDA0021', ip: '10.0.9.31', os.name: 'Windows 7', os.arch: 'x86', os.version: '6.1', java.version: '1.8.0_51'
Driver info: org.openqa.selenium.firefox.FirefoxDriver
Capabilities [{applicationCacheEnabled=true, rotatable=false, handlesAlerts=true, databaseEnabled=true, version=41.0.1, platform=WINDOWS, nativeEvents=false, acceptSslCerts=true, webStorageEnabled=true, locationContextEnabled=true, browserName=firefox, takesScreenshot=true, javascriptEnabled=true, cssSelectorsEnabled=true}]
Session ID: 80298a2a-cb1b-4bb7-9dcc-e79730e99649
	at org.openqa.selenium.support.ui.WebDriverWait.timeoutException(WebDriverWait.java:80)
	at org.openqa.selenium.support.ui.FluentWait.until(FluentWait.java:229)
	at com.qait.mindtap.automation.utils.SeleniumWait.waitForElementToBeVisible(SeleniumWait.java:53)
	at com.qait.mindtap.automation.getpageobjects.GetPage.element(GetPage.java:136)
	at com.qait.mindtap.automation.getpageobjects.GetPage.element(GetPage.java:130)
	at com.qait.mindtap.automation.getpageobjects.GetPage.isElementDisplayed(GetPage.java:274)
	at com.qait.mindtap.keywords.NG_30181_AdminPageActions.selectCengageNoMT_Activity(NG_30181_AdminPageActions.java:79)
	at com.qait.mindtap.tests.NG_30370.TC01_Instructor_Adds_Offline_Activity.Step_06_Admin_Search_Course(TC01_Instructor_Adds_Offline_Activity.java:75)
</failure>
    <system-out><![CDATA[[ASSERT PASS]: element mindtap_toolbar is displayed.
[ASSERT PASS]: element admin_dashboard with text Admin Dashboard is displayed.
[ASSERT PASS]: element inputOrganizationSearch is displayed.
[ASSERT PASS]: element courseOrganization is displayed.
[ASSERT PASS]: element courseProvisioned is displayed.
[ASSERT PASS]: element courseCollege with text Stewart_Precalculus: Mathematics for Calculus_7e_MTQ is displayed.
[ASSERT PASS]: element provisionAppsIcon is displayed.
[ASSERT PASS]: element appRegistryHeading is displayed.
[ASSERT PASS]: element appRegistryHeading is displayed.
]]></system-out>
  </testcase>
  <testcase name="step_07_Instructor_Logs_Again" classname="com.qait.mindtap.tests.NG_30370.TC01_Instructor_Adds_Offline_Activity" time="0">
    <skipped/>
  </testcase>
  <testcase name="Step_08_Instructor_Logs_in_to_the_Application" classname="com.qait.mindtap.tests.NG_30370.TC01_Instructor_Adds_Offline_Activity" time="0">
    <skipped/>
  </testcase>
  <testcase name="Step_09_Instructor_Manages_Course_From_SSO" classname="com.qait.mindtap.tests.NG_30370.TC01_Instructor_Adds_Offline_Activity" time="0">
    <skipped/>
  </testcase>
  <testcase name="Step_10_Verify_Clicking_Add_Takes_To_RollingWeekUI" classname="com.qait.mindtap.tests.NG_30370.TC01_Instructor_Adds_Offline_Activity" time="0">
    <skipped/>
  </testcase>
  <testcase name="Step_11_Instructor_Enters_Detail_In_OfflineActivity" classname="com.qait.mindtap.tests.NG_30370.TC01_Instructor_Adds_Offline_Activity" time="0">
    <skipped/>
  </testcase>
  <testcase name="Step_12_Verify_Rolling_Week_UI" classname="com.qait.mindtap.tests.NG_30370.TC01_Instructor_Adds_Offline_Activity" time="0">
    <skipped/>
  </testcase>
  <testcase name="Step_13_Verify_Activity_Gets_Added" classname="com.qait.mindtap.tests.NG_30370.TC01_Instructor_Adds_Offline_Activity" time="0">
    <skipped/>
  </testcase>
</testsuite>