<html>
<head>
<title>TestNG:  Command line test 2e40e99a-4325-455c-b3b0-7bf0dc000f98</title>
<link href="../testng.css" rel="stylesheet" type="text/css" />
<link href="../my-testng.css" rel="stylesheet" type="text/css" />

<style type="text/css">
.log { display: none;} 
.stack-trace { display: none;} 
</style>
<script type="text/javascript">
<!--
function flip(e) {
  current = e.style.display;
  if (current == 'block') {
    e.style.display = 'none';
    return 0;
  }
  else {
    e.style.display = 'block';
    return 1;
  }
}

function toggleBox(szDivId, elem, msg1, msg2)
{
  var res = -1;  if (document.getElementById) {
    res = flip(document.getElementById(szDivId));
  }
  else if (document.all) {
    // this is the way old msie versions work
    res = flip(document.all[szDivId]);
  }
  if(elem) {
    if(res == 0) elem.innerHTML = msg1; else elem.innerHTML = msg2;
  }

}

function toggleAllBoxes() {
  if (document.getElementsByTagName) {
    d = document.getElementsByTagName('div');
    for (i = 0; i < d.length; i++) {
      if (d[i].className == 'log') {
        flip(d[i]);
      }
    }
  }
}

// -->
</script>

</head>
<body>
<h2 align='center'>Command line test 2e40e99a-4325-455c-b3b0-7bf0dc000f98</h2><table border='1' align="center">
<tr>
<td>Tests passed/Failed/Skipped:</td><td>2/1/4</td>
</tr><tr>
<td>Started on:</td><td>Tue Oct 06 15:06:02 IST 2015</td>
</tr>
<tr><td>Total time:</td><td>125 seconds (125249 ms)</td>
</tr><tr>
<td>Included groups:</td><td></td>
</tr><tr>
<td>Excluded groups:</td><td></td>
</tr>
</table><p/>
<small><i>(Hover the method name to see the test class name)</i></small><p/>
<table width='100%' border='1' class='invocation-failed'>
<tr><td colspan='4' align='center'><b>FAILED TESTS</b></td></tr>
<tr><td><b>Test method</b></td>
<td width="30%"><b>Exception</b></td>
<td width="10%"><b>Time (seconds)</b></td>
<td><b>Instance</b></td>
</tr>
<tr>
<td title='com.qait.mindtap.tests.NG_30104.NG_30181_TC03_Instructor_Deletes_Course.Step_03_Instructor_Drops_Student()'><b>Step_03_Instructor_Drops_Student</b><br>Test class: com.qait.mindtap.tests.NG_30104.NG_30181_TC03_Instructor_Deletes_Course</td>
<td><div><pre>org.openqa.selenium.NoSuchFrameException: No frame element found by name or id performanceWidgetFrame
Build info: version: &apos;2.46.0&apos;, revision: &apos;61506a4624b13675f24581e453592342b7485d71&apos;, time: &apos;2015-06-04 10:22:50&apos;
System info: host: &apos;LNDA0021&apos;, ip: &apos;10.0.9.31&apos;, os.name: &apos;Windows 7&apos;, os.arch: &apos;x86&apos;, os.version: &apos;6.1&apos;, java.version: &apos;1.8.0_51&apos;
Driver info: driver.version: unknown
	at org.openqa.selenium.remote.RemoteWebDriver$RemoteTargetLocator.frame(RemoteWebDriver.java:888)
	at com.qait.mindtap.automation.getpageobjects.BaseUi.switchToFrame(BaseUi.java:198)
	at com.qait.mindtap.keywords.NG_30104.PerformanceWidget.dropsStudent(PerformanceWidget.java:26)
	at com.qait.mindtap.tests.NG_30104.NG_30181_TC03_Instructor_Deletes_Course.Step_03_Instructor_Drops_Student(NG_30181_TC03_Instructor_Deletes_Course.java:47)
... Removed 28 stack frames</pre></div><a href='#' onClick='toggleBox("stack-trace281418", this, "Click to show all stack frames", "Click to hide stack frames")'>Click to show all stack frames</a>
<div class='stack-trace' id='stack-trace281418'><pre>org.openqa.selenium.NoSuchFrameException: No frame element found by name or id performanceWidgetFrame
Build info: version: &apos;2.46.0&apos;, revision: &apos;61506a4624b13675f24581e453592342b7485d71&apos;, time: &apos;2015-06-04 10:22:50&apos;
System info: host: &apos;LNDA0021&apos;, ip: &apos;10.0.9.31&apos;, os.name: &apos;Windows 7&apos;, os.arch: &apos;x86&apos;, os.version: &apos;6.1&apos;, java.version: &apos;1.8.0_51&apos;
Driver info: driver.version: unknown
	at org.openqa.selenium.remote.RemoteWebDriver$RemoteTargetLocator.frame(RemoteWebDriver.java:888)
	at com.qait.mindtap.automation.getpageobjects.BaseUi.switchToFrame(BaseUi.java:198)
	at com.qait.mindtap.keywords.NG_30104.PerformanceWidget.dropsStudent(PerformanceWidget.java:26)
	at com.qait.mindtap.tests.NG_30104.NG_30181_TC03_Instructor_Deletes_Course.Step_03_Instructor_Drops_Student(NG_30181_TC03_Instructor_Deletes_Course.java:47)
	at sun.reflect.NativeMethodAccessorImpl.invoke0(Native Method)
	at sun.reflect.NativeMethodAccessorImpl.invoke(NativeMethodAccessorImpl.java:62)
	at sun.reflect.DelegatingMethodAccessorImpl.invoke(DelegatingMethodAccessorImpl.java:43)
	at java.lang.reflect.Method.invoke(Method.java:497)
	at org.testng.internal.MethodInvocationHelper.invokeMethod(MethodInvocationHelper.java:85)
	at org.testng.internal.Invoker.invokeMethod(Invoker.java:659)
	at org.testng.internal.Invoker.invokeTestMethod(Invoker.java:845)
	at org.testng.internal.Invoker.invokeTestMethods(Invoker.java:1153)
	at org.testng.internal.TestMethodWorker.invokeTestMethods(TestMethodWorker.java:125)
	at org.testng.internal.TestMethodWorker.run(TestMethodWorker.java:108)
	at org.testng.TestRunner.privateRun(TestRunner.java:771)
	at org.testng.TestRunner.run(TestRunner.java:621)
	at org.testng.SuiteRunner.runTest(SuiteRunner.java:357)
	at org.testng.SuiteRunner.runSequentially(SuiteRunner.java:352)
	at org.testng.SuiteRunner.privateRun(SuiteRunner.java:310)
	at org.testng.SuiteRunner.run(SuiteRunner.java:259)
	at org.testng.SuiteRunnerWorker.runSuite(SuiteRunnerWorker.java:52)
	at org.testng.SuiteRunnerWorker.run(SuiteRunnerWorker.java:86)
	at org.testng.TestNG.runSuitesSequentially(TestNG.java:1199)
	at org.testng.TestNG.runSuitesLocally(TestNG.java:1124)
	at org.testng.TestNG.run(TestNG.java:1032)
	at org.apache.maven.surefire.testng.TestNGExecutor.run(TestNGExecutor.java:91)
	at org.apache.maven.surefire.testng.TestNGDirectoryTestSuite.executeSingleClass(TestNGDirectoryTestSuite.java:128)
	at org.apache.maven.surefire.testng.TestNGDirectoryTestSuite.execute(TestNGDirectoryTestSuite.java:112)
	at org.apache.maven.surefire.testng.TestNGProvider.invoke(TestNGProvider.java:113)
	at org.apache.maven.surefire.booter.ForkedBooter.invokeProviderInSameClassLoader(ForkedBooter.java:200)
	at org.apache.maven.surefire.booter.ForkedBooter.runSuitesInProcess(ForkedBooter.java:153)
	at org.apache.maven.surefire.booter.ForkedBooter.main(ForkedBooter.java:103)
</pre></div></td>
<td>63</td>
<td>com.qait.mindtap.tests.NG_30104.NG_30181_TC03_Instructor_Deletes_Course@1be98f5</td></tr>
</table><p>
<table width='100%' border='1' class='invocation-passed'>
<tr><td colspan='4' align='center'><b>PASSED TESTS</b></td></tr>
<tr><td><b>Test method</b></td>
<td width="30%"><b>Exception</b></td>
<td width="10%"><b>Time (seconds)</b></td>
<td><b>Instance</b></td>
</tr>
<tr>
<td title='com.qait.mindtap.tests.NG_30104.NG_30181_TC03_Instructor_Deletes_Course.Step_01_Instructor_Logs_in_to_the_Application()'><b>Step_01_Instructor_Logs_in_to_the_Application</b><br>Test class: com.qait.mindtap.tests.NG_30104.NG_30181_TC03_Instructor_Deletes_Course<br/>
<a href="#Output-19181331" onClick='toggleBox("Output-19181331", this, "Show output", "Hide output");'>Show output</a>

<a href="#Output-19181331" onClick="toggleAllBoxes();">Show all outputs</a>
<div class='log' id="Output-19181331">
[ASSERT PASS]: PageTitle for NG-30181-LoginPage contains: 'Cengage Learning - Login'.<br/>
[INFO]: log into the application using credentials 'kajal.inst@qaittest.com / A111111'<br/>
[ASSERT PASS]: PageTitle for NG-30181-InstructorPage contains: 'Instructor SSO - Instructor Resource Center'.<br/>
</div>
</td>
<td></td>
<td>29</td>
<td>com.qait.mindtap.tests.NG_30104.NG_30181_TC03_Instructor_Deletes_Course@1be98f5</td></tr>
<tr>
<td title='com.qait.mindtap.tests.NG_30104.NG_30181_TC03_Instructor_Deletes_Course.Step_02_Instructor_Manage_Course()'><b>Step_02_Instructor_Manage_Course</b><br>Test class: com.qait.mindtap.tests.NG_30104.NG_30181_TC03_Instructor_Deletes_Course<br/>
<a href="#Output-10802071" onClick='toggleBox("Output-10802071", this, "Show output", "Hide output");'>Show output</a>

<a href="#Output-10802071" onClick="toggleAllBoxes();">Show all outputs</a>
<div class='log' id="Output-10802071">
[ASSERT PASS]: element pageTitle with text Instructor Resource Center is displayed.<br/>
[ASSERT PASS]: element courseOperation with text Manage Course is displayed.<br/>
[ASSERT PASS]: element courseLink with text Mayank Test Book-Automated is displayed.<br/>
</div>
</td>
<td></td>
<td>16</td>
<td>com.qait.mindtap.tests.NG_30104.NG_30181_TC03_Instructor_Deletes_Course@1be98f5</td></tr>
</table><p>
<table width='100%' border='1' class='invocation-skipped'>
<tr><td colspan='4' align='center'><b>SKIPPED TESTS</b></td></tr>
<tr><td><b>Test method</b></td>
<td width="30%"><b>Exception</b></td>
<td width="10%"><b>Time (seconds)</b></td>
<td><b>Instance</b></td>
</tr>
<tr>
<td title='com.qait.mindtap.tests.NG_30104.NG_30181_TC03_Instructor_Deletes_Course.Step_04_Instructor_Logs_in_to_the_Application_Again()'><b>Step_04_Instructor_Logs_in_to_the_Application_Again</b><br>Test class: com.qait.mindtap.tests.NG_30104.NG_30181_TC03_Instructor_Deletes_Course</td>
<td><div><pre>java.lang.Throwable: Method NG_30181_TC03_Instructor_Deletes_Course.Step_04_Instructor_Logs_in_to_the_Application_Again()[pri:0, instance:com.qait.mindtap.tests.NG_30104.NG_30181_TC03_Instructor_Deletes_Course@1be98f5] depends on not successfully finished methods
... Removed 21 stack frames</pre></div><a href='#' onClick='toggleBox("stack-trace14382200", this, "Click to show all stack frames", "Click to hide stack frames")'>Click to show all stack frames</a>
<div class='stack-trace' id='stack-trace14382200'><pre>java.lang.Throwable: Method NG_30181_TC03_Instructor_Deletes_Course.Step_04_Instructor_Logs_in_to_the_Application_Again()[pri:0, instance:com.qait.mindtap.tests.NG_30104.NG_30181_TC03_Instructor_Deletes_Course@1be98f5] depends on not successfully finished methods
	at org.testng.internal.Invoker.invokeTestMethods(Invoker.java:1063)
	at org.testng.internal.TestMethodWorker.invokeTestMethods(TestMethodWorker.java:125)
	at org.testng.internal.TestMethodWorker.run(TestMethodWorker.java:108)
	at org.testng.TestRunner.privateRun(TestRunner.java:771)
	at org.testng.TestRunner.run(TestRunner.java:621)
	at org.testng.SuiteRunner.runTest(SuiteRunner.java:357)
	at org.testng.SuiteRunner.runSequentially(SuiteRunner.java:352)
	at org.testng.SuiteRunner.privateRun(SuiteRunner.java:310)
	at org.testng.SuiteRunner.run(SuiteRunner.java:259)
	at org.testng.SuiteRunnerWorker.runSuite(SuiteRunnerWorker.java:52)
	at org.testng.SuiteRunnerWorker.run(SuiteRunnerWorker.java:86)
	at org.testng.TestNG.runSuitesSequentially(TestNG.java:1199)
	at org.testng.TestNG.runSuitesLocally(TestNG.java:1124)
	at org.testng.TestNG.run(TestNG.java:1032)
	at org.apache.maven.surefire.testng.TestNGExecutor.run(TestNGExecutor.java:91)
	at org.apache.maven.surefire.testng.TestNGDirectoryTestSuite.executeSingleClass(TestNGDirectoryTestSuite.java:128)
	at org.apache.maven.surefire.testng.TestNGDirectoryTestSuite.execute(TestNGDirectoryTestSuite.java:112)
	at org.apache.maven.surefire.testng.TestNGProvider.invoke(TestNGProvider.java:113)
	at org.apache.maven.surefire.booter.ForkedBooter.invokeProviderInSameClassLoader(ForkedBooter.java:200)
	at org.apache.maven.surefire.booter.ForkedBooter.runSuitesInProcess(ForkedBooter.java:153)
	at org.apache.maven.surefire.booter.ForkedBooter.main(ForkedBooter.java:103)
</pre></div></td>
<td>0</td>
<td>null</td></tr>
<tr>
<td title='com.qait.mindtap.tests.NG_30104.NG_30181_TC03_Instructor_Deletes_Course.Step_05_Instructor_Manage_Course()'><b>Step_05_Instructor_Manage_Course</b><br>Test class: com.qait.mindtap.tests.NG_30104.NG_30181_TC03_Instructor_Deletes_Course</td>
<td><div><pre>java.lang.Throwable: Method NG_30181_TC03_Instructor_Deletes_Course.Step_05_Instructor_Manage_Course()[pri:0, instance:com.qait.mindtap.tests.NG_30104.NG_30181_TC03_Instructor_Deletes_Course@1be98f5] depends on not successfully finished methods
... Removed 21 stack frames</pre></div><a href='#' onClick='toggleBox("stack-trace15101061", this, "Click to show all stack frames", "Click to hide stack frames")'>Click to show all stack frames</a>
<div class='stack-trace' id='stack-trace15101061'><pre>java.lang.Throwable: Method NG_30181_TC03_Instructor_Deletes_Course.Step_05_Instructor_Manage_Course()[pri:0, instance:com.qait.mindtap.tests.NG_30104.NG_30181_TC03_Instructor_Deletes_Course@1be98f5] depends on not successfully finished methods
	at org.testng.internal.Invoker.invokeTestMethods(Invoker.java:1063)
	at org.testng.internal.TestMethodWorker.invokeTestMethods(TestMethodWorker.java:125)
	at org.testng.internal.TestMethodWorker.run(TestMethodWorker.java:108)
	at org.testng.TestRunner.privateRun(TestRunner.java:771)
	at org.testng.TestRunner.run(TestRunner.java:621)
	at org.testng.SuiteRunner.runTest(SuiteRunner.java:357)
	at org.testng.SuiteRunner.runSequentially(SuiteRunner.java:352)
	at org.testng.SuiteRunner.privateRun(SuiteRunner.java:310)
	at org.testng.SuiteRunner.run(SuiteRunner.java:259)
	at org.testng.SuiteRunnerWorker.runSuite(SuiteRunnerWorker.java:52)
	at org.testng.SuiteRunnerWorker.run(SuiteRunnerWorker.java:86)
	at org.testng.TestNG.runSuitesSequentially(TestNG.java:1199)
	at org.testng.TestNG.runSuitesLocally(TestNG.java:1124)
	at org.testng.TestNG.run(TestNG.java:1032)
	at org.apache.maven.surefire.testng.TestNGExecutor.run(TestNGExecutor.java:91)
	at org.apache.maven.surefire.testng.TestNGDirectoryTestSuite.executeSingleClass(TestNGDirectoryTestSuite.java:128)
	at org.apache.maven.surefire.testng.TestNGDirectoryTestSuite.execute(TestNGDirectoryTestSuite.java:112)
	at org.apache.maven.surefire.testng.TestNGProvider.invoke(TestNGProvider.java:113)
	at org.apache.maven.surefire.booter.ForkedBooter.invokeProviderInSameClassLoader(ForkedBooter.java:200)
	at org.apache.maven.surefire.booter.ForkedBooter.runSuitesInProcess(ForkedBooter.java:153)
	at org.apache.maven.surefire.booter.ForkedBooter.main(ForkedBooter.java:103)
</pre></div></td>
<td>0</td>
<td>null</td></tr>
<tr>
<td title='com.qait.mindtap.tests.NG_30104.NG_30181_TC03_Instructor_Deletes_Course.Step_06_Instructor_Delete_Course()'><b>Step_06_Instructor_Delete_Course</b><br>Test class: com.qait.mindtap.tests.NG_30104.NG_30181_TC03_Instructor_Deletes_Course</td>
<td><div><pre>java.lang.Throwable: Method NG_30181_TC03_Instructor_Deletes_Course.Step_06_Instructor_Delete_Course()[pri:0, instance:com.qait.mindtap.tests.NG_30104.NG_30181_TC03_Instructor_Deletes_Course@1be98f5] depends on not successfully finished methods
... Removed 21 stack frames</pre></div><a href='#' onClick='toggleBox("stack-trace9715336", this, "Click to show all stack frames", "Click to hide stack frames")'>Click to show all stack frames</a>
<div class='stack-trace' id='stack-trace9715336'><pre>java.lang.Throwable: Method NG_30181_TC03_Instructor_Deletes_Course.Step_06_Instructor_Delete_Course()[pri:0, instance:com.qait.mindtap.tests.NG_30104.NG_30181_TC03_Instructor_Deletes_Course@1be98f5] depends on not successfully finished methods
	at org.testng.internal.Invoker.invokeTestMethods(Invoker.java:1063)
	at org.testng.internal.TestMethodWorker.invokeTestMethods(TestMethodWorker.java:125)
	at org.testng.internal.TestMethodWorker.run(TestMethodWorker.java:108)
	at org.testng.TestRunner.privateRun(TestRunner.java:771)
	at org.testng.TestRunner.run(TestRunner.java:621)
	at org.testng.SuiteRunner.runTest(SuiteRunner.java:357)
	at org.testng.SuiteRunner.runSequentially(SuiteRunner.java:352)
	at org.testng.SuiteRunner.privateRun(SuiteRunner.java:310)
	at org.testng.SuiteRunner.run(SuiteRunner.java:259)
	at org.testng.SuiteRunnerWorker.runSuite(SuiteRunnerWorker.java:52)
	at org.testng.SuiteRunnerWorker.run(SuiteRunnerWorker.java:86)
	at org.testng.TestNG.runSuitesSequentially(TestNG.java:1199)
	at org.testng.TestNG.runSuitesLocally(TestNG.java:1124)
	at org.testng.TestNG.run(TestNG.java:1032)
	at org.apache.maven.surefire.testng.TestNGExecutor.run(TestNGExecutor.java:91)
	at org.apache.maven.surefire.testng.TestNGDirectoryTestSuite.executeSingleClass(TestNGDirectoryTestSuite.java:128)
	at org.apache.maven.surefire.testng.TestNGDirectoryTestSuite.execute(TestNGDirectoryTestSuite.java:112)
	at org.apache.maven.surefire.testng.TestNGProvider.invoke(TestNGProvider.java:113)
	at org.apache.maven.surefire.booter.ForkedBooter.invokeProviderInSameClassLoader(ForkedBooter.java:200)
	at org.apache.maven.surefire.booter.ForkedBooter.runSuitesInProcess(ForkedBooter.java:153)
	at org.apache.maven.surefire.booter.ForkedBooter.main(ForkedBooter.java:103)
</pre></div></td>
<td>0</td>
<td>null</td></tr>
<tr>
<td title='com.qait.mindtap.tests.NG_30104.NG_30181_TC03_Instructor_Deletes_Course.Step_07_Instructor_SignOut()'><b>Step_07_Instructor_SignOut</b><br>Test class: com.qait.mindtap.tests.NG_30104.NG_30181_TC03_Instructor_Deletes_Course</td>
<td><div><pre>java.lang.Throwable: Method NG_30181_TC03_Instructor_Deletes_Course.Step_07_Instructor_SignOut()[pri:0, instance:com.qait.mindtap.tests.NG_30104.NG_30181_TC03_Instructor_Deletes_Course@1be98f5] depends on not successfully finished methods
... Removed 21 stack frames</pre></div><a href='#' onClick='toggleBox("stack-trace309504", this, "Click to show all stack frames", "Click to hide stack frames")'>Click to show all stack frames</a>
<div class='stack-trace' id='stack-trace309504'><pre>java.lang.Throwable: Method NG_30181_TC03_Instructor_Deletes_Course.Step_07_Instructor_SignOut()[pri:0, instance:com.qait.mindtap.tests.NG_30104.NG_30181_TC03_Instructor_Deletes_Course@1be98f5] depends on not successfully finished methods
	at org.testng.internal.Invoker.invokeTestMethods(Invoker.java:1063)
	at org.testng.internal.TestMethodWorker.invokeTestMethods(TestMethodWorker.java:125)
	at org.testng.internal.TestMethodWorker.run(TestMethodWorker.java:108)
	at org.testng.TestRunner.privateRun(TestRunner.java:771)
	at org.testng.TestRunner.run(TestRunner.java:621)
	at org.testng.SuiteRunner.runTest(SuiteRunner.java:357)
	at org.testng.SuiteRunner.runSequentially(SuiteRunner.java:352)
	at org.testng.SuiteRunner.privateRun(SuiteRunner.java:310)
	at org.testng.SuiteRunner.run(SuiteRunner.java:259)
	at org.testng.SuiteRunnerWorker.runSuite(SuiteRunnerWorker.java:52)
	at org.testng.SuiteRunnerWorker.run(SuiteRunnerWorker.java:86)
	at org.testng.TestNG.runSuitesSequentially(TestNG.java:1199)
	at org.testng.TestNG.runSuitesLocally(TestNG.java:1124)
	at org.testng.TestNG.run(TestNG.java:1032)
	at org.apache.maven.surefire.testng.TestNGExecutor.run(TestNGExecutor.java:91)
	at org.apache.maven.surefire.testng.TestNGDirectoryTestSuite.executeSingleClass(TestNGDirectoryTestSuite.java:128)
	at org.apache.maven.surefire.testng.TestNGDirectoryTestSuite.execute(TestNGDirectoryTestSuite.java:112)
	at org.apache.maven.surefire.testng.TestNGProvider.invoke(TestNGProvider.java:113)
	at org.apache.maven.surefire.booter.ForkedBooter.invokeProviderInSameClassLoader(ForkedBooter.java:200)
	at org.apache.maven.surefire.booter.ForkedBooter.runSuitesInProcess(ForkedBooter.java:153)
	at org.apache.maven.surefire.booter.ForkedBooter.main(ForkedBooter.java:103)
</pre></div></td>
<td>0</td>
<td>null</td></tr>
</table><p>
</body>
</html>