<?xml version="1.0" encoding="UTF-8"?>
<!-- Generated by org.testng.reporters.JUnitXMLReporter -->
<testsuite hostname="LNDA0021" name="Command line test 81701679-cfa6-4cf9-9d08-ede13f0a84e8" tests="7" failures="1" timestamp="6 Oct 2015 10:13:37 GMT" time="106.736" errors="0">
  <testcase name="Step_01_Instructor_Logs_in_to_the_Application" time="25.284" classname="com.qait.mindtap.tests.NG_30104.NG_30181_TC03_Instructor_Deletes_Course"/>
  <testcase name="Step_02_Instructor_Manage_Course" time="11.845" classname="com.qait.mindtap.tests.NG_30104.NG_30181_TC03_Instructor_Deletes_Course"/>
  <testcase name="Step_03_Instructor_Drops_Student" time="62.854" classname="com.qait.mindtap.tests.NG_30104.NG_30181_TC03_Instructor_Deletes_Course">
    <failure type="org.openqa.selenium.StaleElementReferenceException" message="Element not found in the cache - perhaps the page has changed since it was looked up
Command duration or timeout: 30.11 seconds
For documentation on this error, please visit: http://seleniumhq.org/exceptions/stale_element_reference.html
Build info: version: &amp;apos;2.46.0&amp;apos;, revision: &amp;apos;61506a4624b13675f24581e453592342b7485d71&amp;apos;, time: &amp;apos;2015-06-04 10:22:50&amp;apos;
System info: host: &amp;apos;LNDA0021&amp;apos;, ip: &amp;apos;10.0.9.31&amp;apos;, os.name: &amp;apos;Windows 7&amp;apos;, os.arch: &amp;apos;x86&amp;apos;, os.version: &amp;apos;6.1&amp;apos;, java.version: &amp;apos;1.8.0_51&amp;apos;
Driver info: org.openqa.selenium.firefox.FirefoxDriver
Capabilities [{applicationCacheEnabled=true, rotatable=false, handlesAlerts=true, databaseEnabled=true, version=40.0.3, platform=WINDOWS, nativeEvents=false, acceptSslCerts=true, webStorageEnabled=true, locationContextEnabled=true, browserName=firefox, takesScreenshot=true, javascriptEnabled=true, cssSelectorsEnabled=true}]
Session ID: fb77e44a-62dc-4bd3-b0e7-235f6f7a2a70">
      <![CDATA[org.openqa.selenium.StaleElementReferenceException: Element not found in the cache - perhaps the page has changed since it was looked up
Command duration or timeout: 30.11 seconds
For documentation on this error, please visit: http://seleniumhq.org/exceptions/stale_element_reference.html
Build info: version: '2.46.0', revision: '61506a4624b13675f24581e453592342b7485d71', time: '2015-06-04 10:22:50'
System info: host: 'LNDA0021', ip: '10.0.9.31', os.name: 'Windows 7', os.arch: 'x86', os.version: '6.1', java.version: '1.8.0_51'
Driver info: org.openqa.selenium.firefox.FirefoxDriver
Capabilities [{applicationCacheEnabled=true, rotatable=false, handlesAlerts=true, databaseEnabled=true, version=40.0.3, platform=WINDOWS, nativeEvents=false, acceptSslCerts=true, webStorageEnabled=true, locationContextEnabled=true, browserName=firefox, takesScreenshot=true, javascriptEnabled=true, cssSelectorsEnabled=true}]
Session ID: fb77e44a-62dc-4bd3-b0e7-235f6f7a2a70
	at org.openqa.selenium.remote.ErrorHandler.createThrowable(ErrorHandler.java:204)
	at org.openqa.selenium.remote.ErrorHandler.throwIfResponseFailed(ErrorHandler.java:156)
	at org.openqa.selenium.remote.RemoteWebDriver.execute(RemoteWebDriver.java:605)
	at org.openqa.selenium.remote.RemoteWebElement.execute(RemoteWebElement.java:269)
	at org.openqa.selenium.remote.RemoteWebElement.click(RemoteWebElement.java:80)
	at com.qait.mindtap.keywords.NG_30104.PerformanceWidget.dropsStudent(PerformanceWidget.java:30)
	at com.qait.mindtap.tests.NG_30104.NG_30181_TC03_Instructor_Deletes_Course.Step_03_Instructor_Drops_Student(NG_30181_TC03_Instructor_Deletes_Course.java:47)
Caused by: org.openqa.selenium.StaleElementReferenceException: Element not found in the cache - perhaps the page has changed since it was looked up
For documentation on this error, please visit: http://seleniumhq.org/exceptions/stale_element_reference.html
Build info: version: '2.46.0', revision: '61506a4624b13675f24581e453592342b7485d71', time: '2015-06-04 10:22:50'
System info: host: 'LNDA0021', ip: '10.0.9.31', os.name: 'Windows 7', os.arch: 'x86', os.version: '6.1', java.version: '1.8.0_51'
Driver info: driver.version: unknown
	at <anonymous class>.fxdriver.cache.getElementAt(resource://fxdriver/modules/web-element-cache.js:8981)
	at <anonymous class>.Utils.getElementAt(file:///C:/Users/AYUSHG~1/AppData/Local/Temp/anonymous2834420075614046379webdriver-profile/extensions/fxdriver@googlecode.com/components/command-processor.js:8574)
	at <anonymous class>.fxdriver.preconditions.visible(file:///C:/Users/AYUSHG~1/AppData/Local/Temp/anonymous2834420075614046379webdriver-profile/extensions/fxdriver@googlecode.com/components/command-processor.js:9613)
	at <anonymous class>.DelayedCommand.prototype.checkPreconditions_(file:///C:/Users/AYUSHG~1/AppData/Local/Temp/anonymous2834420075614046379webdriver-profile/extensions/fxdriver@googlecode.com/components/command-processor.js:12265)
	at <anonymous class>.DelayedCommand.prototype.executeInternal_/h(file:///C:/Users/AYUSHG~1/AppData/Local/Temp/anonymous2834420075614046379webdriver-profile/extensions/fxdriver@googlecode.com/components/command-processor.js:12282)
	at <anonymous class>.fxdriver.Timer.prototype.setTimeout/<.notify(file:///C:/Users/AYUSHG~1/AppData/Local/Temp/anonymous2834420075614046379webdriver-profile/extensions/fxdriver@googlecode.com/components/command-processor.js:603)
... Removed 32 stack frames]]>
    </failure>
  </testcase> <!-- Step_03_Instructor_Drops_Student -->
  <testcase name="Step_04_Instructor_Logs_in_to_the_Application_Again" time="0.0" classname="com.qait.mindtap.tests.NG_30104.NG_30181_TC03_Instructor_Deletes_Course">
    <skipped/>
  </testcase> <!-- Step_04_Instructor_Logs_in_to_the_Application_Again -->
  <testcase name="Step_05_Instructor_Manage_Course" time="0.0" classname="com.qait.mindtap.tests.NG_30104.NG_30181_TC03_Instructor_Deletes_Course">
    <skipped/>
  </testcase> <!-- Step_05_Instructor_Manage_Course -->
  <testcase name="Step_06_Instructor_Delete_Course" time="0.001" classname="com.qait.mindtap.tests.NG_30104.NG_30181_TC03_Instructor_Deletes_Course">
    <skipped/>
  </testcase> <!-- Step_06_Instructor_Delete_Course -->
  <testcase name="Step_07_Instructor_SignOut" time="0.0" classname="com.qait.mindtap.tests.NG_30104.NG_30181_TC03_Instructor_Deletes_Course">
    <skipped/>
  </testcase> <!-- Step_07_Instructor_SignOut -->
</testsuite> <!-- Command line test 81701679-cfa6-4cf9-9d08-ede13f0a84e8 -->
