<?xml version="1.0" encoding="UTF-8"?>
<!-- Generated by org.testng.reporters.JUnitXMLReporter -->
<testsuite hostname="LNDA0021" name="Command line test 2e40e99a-4325-455c-b3b0-7bf0dc000f98" tests="7" failures="1" timestamp="6 Oct 2015 09:38:07 GMT" time="125.249" errors="0">
  <testcase name="Step_01_Instructor_Logs_in_to_the_Application" time="29.556" classname="com.qait.mindtap.tests.NG_30104.NG_30181_TC03_Instructor_Deletes_Course"/>
  <testcase name="Step_02_Instructor_Manage_Course" time="16.871" classname="com.qait.mindtap.tests.NG_30104.NG_30181_TC03_Instructor_Deletes_Course"/>
  <testcase name="Step_03_Instructor_Drops_Student" time="63.449" classname="com.qait.mindtap.tests.NG_30104.NG_30181_TC03_Instructor_Deletes_Course">
    <failure type="org.openqa.selenium.NoSuchFrameException" message="No frame element found by name or id performanceWidgetFrame
Build info: version: &amp;apos;2.46.0&amp;apos;, revision: &amp;apos;61506a4624b13675f24581e453592342b7485d71&amp;apos;, time: &amp;apos;2015-06-04 10:22:50&amp;apos;
System info: host: &amp;apos;LNDA0021&amp;apos;, ip: &amp;apos;10.0.9.31&amp;apos;, os.name: &amp;apos;Windows 7&amp;apos;, os.arch: &amp;apos;x86&amp;apos;, os.version: &amp;apos;6.1&amp;apos;, java.version: &amp;apos;1.8.0_51&amp;apos;
Driver info: driver.version: unknown">
      <![CDATA[org.openqa.selenium.NoSuchFrameException: No frame element found by name or id performanceWidgetFrame
Build info: version: '2.46.0', revision: '61506a4624b13675f24581e453592342b7485d71', time: '2015-06-04 10:22:50'
System info: host: 'LNDA0021', ip: '10.0.9.31', os.name: 'Windows 7', os.arch: 'x86', os.version: '6.1', java.version: '1.8.0_51'
Driver info: driver.version: unknown
	at org.openqa.selenium.remote.RemoteWebDriver$RemoteTargetLocator.frame(RemoteWebDriver.java:888)
	at com.qait.mindtap.automation.getpageobjects.BaseUi.switchToFrame(BaseUi.java:198)
	at com.qait.mindtap.keywords.NG_30104.PerformanceWidget.dropsStudent(PerformanceWidget.java:26)
	at com.qait.mindtap.tests.NG_30104.NG_30181_TC03_Instructor_Deletes_Course.Step_03_Instructor_Drops_Student(NG_30181_TC03_Instructor_Deletes_Course.java:47)
... Removed 28 stack frames]]>
    </failure>
  </testcase> <!-- Step_03_Instructor_Drops_Student -->
  <testcase name="Step_04_Instructor_Logs_in_to_the_Application_Again" time="0.0" classname="com.qait.mindtap.tests.NG_30104.NG_30181_TC03_Instructor_Deletes_Course">
    <skipped/>
  </testcase> <!-- Step_04_Instructor_Logs_in_to_the_Application_Again -->
  <testcase name="Step_05_Instructor_Manage_Course" time="0.0" classname="com.qait.mindtap.tests.NG_30104.NG_30181_TC03_Instructor_Deletes_Course">
    <skipped/>
  </testcase> <!-- Step_05_Instructor_Manage_Course -->
  <testcase name="Step_06_Instructor_Delete_Course" time="0.0" classname="com.qait.mindtap.tests.NG_30104.NG_30181_TC03_Instructor_Deletes_Course">
    <skipped/>
  </testcase> <!-- Step_06_Instructor_Delete_Course -->
  <testcase name="Step_07_Instructor_SignOut" time="0.0" classname="com.qait.mindtap.tests.NG_30104.NG_30181_TC03_Instructor_Deletes_Course">
    <skipped/>
  </testcase> <!-- Step_07_Instructor_SignOut -->
</testsuite> <!-- Command line test 2e40e99a-4325-455c-b3b0-7bf0dc000f98 -->
