<html>
<head>
<title>TestNG:  Command line test 681820e3-d563-40cd-90b7-25ea364c14e8</title>
<link href="../testng.css" rel="stylesheet" type="text/css" />
<link href="../my-testng.css" rel="stylesheet" type="text/css" />

<style type="text/css">
.log { display: none;} 
.stack-trace { display: none;} 
</style>
<script type="text/javascript">
<!--
function flip(e) {
  current = e.style.display;
  if (current == 'block') {
    e.style.display = 'none';
    return 0;
  }
  else {
    e.style.display = 'block';
    return 1;
  }
}

function toggleBox(szDivId, elem, msg1, msg2)
{
  var res = -1;  if (document.getElementById) {
    res = flip(document.getElementById(szDivId));
  }
  else if (document.all) {
    // this is the way old msie versions work
    res = flip(document.all[szDivId]);
  }
  if(elem) {
    if(res == 0) elem.innerHTML = msg1; else elem.innerHTML = msg2;
  }

}

function toggleAllBoxes() {
  if (document.getElementsByTagName) {
    d = document.getElementsByTagName('div');
    for (i = 0; i < d.length; i++) {
      if (d[i].className == 'log') {
        flip(d[i]);
      }
    }
  }
}

// -->
</script>

</head>
<body>
<h2 align='center'>Command line test 681820e3-d563-40cd-90b7-25ea364c14e8</h2><table border='1' align="center">
<tr>
<td>Tests passed/Failed/Skipped:</td><td>0/0/8</td>
</tr><tr>
<td>Started on:</td><td>Tue Oct 06 16:40:52 IST 2015</td>
</tr>
<tr><td>Total time:</td><td>14 seconds (14153 ms)</td>
</tr><tr>
<td>Included groups:</td><td></td>
</tr><tr>
<td>Excluded groups:</td><td></td>
</tr>
</table><p/>
<small><i>(Hover the method name to see the test class name)</i></small><p/>
<table width='100%' border='1' class='invocation-failed'>
<tr><td colspan='4' align='center'><b>FAILED CONFIGURATIONS</b></td></tr>
<tr><td><b>Test method</b></td>
<td width="30%"><b>Exception</b></td>
<td width="10%"><b>Time (seconds)</b></td>
<td><b>Instance</b></td>
</tr>
<tr>
<td title='com.qait.mindtap.tests.NG_30104.NG_30181_TC03_Instructor_Deletes_Course.start_test_session()'><b>start_test_session</b><br>Test class: com.qait.mindtap.tests.NG_30104.NG_30181_TC03_Instructor_Deletes_Course<br>Parameters: null<br/>
<a href="#Output-21298278" onClick='toggleBox("Output-21298278", this, "Show output", "Hide output");'>Show output</a>

<a href="#Output-21298278" onClick="toggleAllBoxes();">Show all outputs</a>
<div class='log' id="Output-21298278">
[INFO]: The test Browser is FIREFOX !!!<br/>
[INFO]:  The application url is :- http://s-login.cengage.com/<br/>
</div>
</td>
<td><div><pre>org.openqa.selenium.WebDriverException: Error communicating with the remote browser. It may have died.
Build info: version: &apos;2.46.0&apos;, revision: &apos;87c69e2&apos;, time: &apos;2015-06-04 16:16:47&apos;
System info: host: &apos;mindtaptest15&apos;, ip: &apos;10.161.126.91&apos;, os.name: &apos;Windows 8&apos;, os.arch: &apos;amd64&apos;, os.version: &apos;6.2&apos;, java.version: &apos;1.7.0_17&apos;
Driver info: driver.version: EventFiringWebDriver
Command duration or timeout: 6.66 seconds
Build info: version: &apos;2.46.0&apos;, revision: &apos;61506a4624b13675f24581e453592342b7485d71&apos;, time: &apos;2015-06-04 10:22:50&apos;
System info: host: &apos;LNDA0021&apos;, ip: &apos;10.161.236.230&apos;, os.name: &apos;Windows 7&apos;, os.arch: &apos;x86&apos;, os.version: &apos;6.1&apos;, java.version: &apos;1.8.0_51&apos;
Driver info: org.openqa.selenium.remote.RemoteWebDriver
Capabilities [{applicationCacheEnabled=true, rotatable=false, databaseEnabled=true, handlesAlerts=true, version=38.0.5, platform=WINDOWS, nativeEvents=false, acceptSslCerts=true, webdriver.remote.sessionid=55cb042f-52d6-40ab-a65a-14a216f4b688, locationContextEnabled=true, webStorageEnabled=true, browserName=firefox, takesScreenshot=true, javascriptEnabled=true, cssSelectorsEnabled=true}]
Session ID: 55cb042f-52d6-40ab-a65a-14a216f4b688
	at org.openqa.selenium.remote.ErrorHandler.createThrowable(ErrorHandler.java:204)
	at org.openqa.selenium.remote.ErrorHandler.throwIfResponseFailed(ErrorHandler.java:156)
	at org.openqa.selenium.remote.RemoteWebDriver.execute(RemoteWebDriver.java:605)
	at org.openqa.selenium.remote.RemoteWebDriver.get(RemoteWebDriver.java:306)
	at com.qait.mindtap.automation.TestSessionInitiator.launchApplication(TestSessionInitiator.java:166)
	at com.qait.mindtap.tests.NG_30104.NG_30181_TC03_Instructor_Deletes_Course.start_test_session(NG_30181_TC03_Instructor_Deletes_Course.java:27)
Caused by: org.openqa.selenium.remote.UnreachableBrowserException: Error communicating with the remote browser. It may have died.
Build info: version: &apos;2.46.0&apos;, revision: &apos;87c69e2&apos;, time: &apos;2015-06-04 16:16:47&apos;
System info: host: &apos;mindtaptest15&apos;, ip: &apos;10.161.126.91&apos;, os.name: &apos;Windows 8&apos;, os.arch: &apos;amd64&apos;, os.version: &apos;6.2&apos;, java.version: &apos;1.7.0_17&apos;
Driver info: driver.version: EventFiringWebDriver
Build info: version: &apos;2.46.0&apos;, revision: &apos;61506a4624b13675f24581e453592342b7485d71&apos;, time: &apos;2015-06-04 10:22:50&apos;
System info: host: &apos;LNDA0021&apos;, ip: &apos;10.161.236.230&apos;, os.name: &apos;Windows 7&apos;, os.arch: &apos;x86&apos;, os.version: &apos;6.1&apos;, java.version: &apos;1.8.0_51&apos;
Driver info: driver.version: unknown
... Removed 32 stack frames</pre></div><a href='#' onClick='toggleBox("stack-trace21298278", this, "Click to show all stack frames", "Click to hide stack frames")'>Click to show all stack frames</a>
<div class='stack-trace' id='stack-trace21298278'><pre>org.openqa.selenium.WebDriverException: Error communicating with the remote browser. It may have died.
Build info: version: &apos;2.46.0&apos;, revision: &apos;87c69e2&apos;, time: &apos;2015-06-04 16:16:47&apos;
System info: host: &apos;mindtaptest15&apos;, ip: &apos;10.161.126.91&apos;, os.name: &apos;Windows 8&apos;, os.arch: &apos;amd64&apos;, os.version: &apos;6.2&apos;, java.version: &apos;1.7.0_17&apos;
Driver info: driver.version: EventFiringWebDriver
Command duration or timeout: 6.66 seconds
Build info: version: &apos;2.46.0&apos;, revision: &apos;61506a4624b13675f24581e453592342b7485d71&apos;, time: &apos;2015-06-04 10:22:50&apos;
System info: host: &apos;LNDA0021&apos;, ip: &apos;10.161.236.230&apos;, os.name: &apos;Windows 7&apos;, os.arch: &apos;x86&apos;, os.version: &apos;6.1&apos;, java.version: &apos;1.8.0_51&apos;
Driver info: org.openqa.selenium.remote.RemoteWebDriver
Capabilities [{applicationCacheEnabled=true, rotatable=false, databaseEnabled=true, handlesAlerts=true, version=38.0.5, platform=WINDOWS, nativeEvents=false, acceptSslCerts=true, webdriver.remote.sessionid=55cb042f-52d6-40ab-a65a-14a216f4b688, locationContextEnabled=true, webStorageEnabled=true, browserName=firefox, takesScreenshot=true, javascriptEnabled=true, cssSelectorsEnabled=true}]
Session ID: 55cb042f-52d6-40ab-a65a-14a216f4b688
	at sun.reflect.NativeConstructorAccessorImpl.newInstance0(Native Method)
	at sun.reflect.NativeConstructorAccessorImpl.newInstance(NativeConstructorAccessorImpl.java:62)
	at sun.reflect.DelegatingConstructorAccessorImpl.newInstance(DelegatingConstructorAccessorImpl.java:45)
	at java.lang.reflect.Constructor.newInstance(Constructor.java:422)
	at org.openqa.selenium.remote.ErrorHandler.createThrowable(ErrorHandler.java:204)
	at org.openqa.selenium.remote.ErrorHandler.throwIfResponseFailed(ErrorHandler.java:156)
	at org.openqa.selenium.remote.RemoteWebDriver.execute(RemoteWebDriver.java:605)
	at org.openqa.selenium.remote.RemoteWebDriver.get(RemoteWebDriver.java:306)
	at com.qait.mindtap.automation.TestSessionInitiator.launchApplication(TestSessionInitiator.java:166)
	at com.qait.mindtap.tests.NG_30104.NG_30181_TC03_Instructor_Deletes_Course.start_test_session(NG_30181_TC03_Instructor_Deletes_Course.java:27)
	at sun.reflect.NativeMethodAccessorImpl.invoke0(Native Method)
	at sun.reflect.NativeMethodAccessorImpl.invoke(NativeMethodAccessorImpl.java:62)
	at sun.reflect.DelegatingMethodAccessorImpl.invoke(DelegatingMethodAccessorImpl.java:43)
	at java.lang.reflect.Method.invoke(Method.java:497)
	at org.testng.internal.MethodInvocationHelper.invokeMethod(MethodInvocationHelper.java:85)
	at org.testng.internal.Invoker.invokeConfigurationMethod(Invoker.java:517)
	at org.testng.internal.Invoker.invokeConfigurations(Invoker.java:213)
	at org.testng.internal.Invoker.invokeConfigurations(Invoker.java:140)
	at org.testng.internal.TestMethodWorker.invokeBeforeClassMethods(TestMethodWorker.java:170)
	at org.testng.internal.TestMethodWorker.run(TestMethodWorker.java:104)
	at org.testng.TestRunner.privateRun(TestRunner.java:771)
	at org.testng.TestRunner.run(TestRunner.java:621)
	at org.testng.SuiteRunner.runTest(SuiteRunner.java:357)
	at org.testng.SuiteRunner.runSequentially(SuiteRunner.java:352)
	at org.testng.SuiteRunner.privateRun(SuiteRunner.java:310)
	at org.testng.SuiteRunner.run(SuiteRunner.java:259)
	at org.testng.SuiteRunnerWorker.runSuite(SuiteRunnerWorker.java:52)
	at org.testng.SuiteRunnerWorker.run(SuiteRunnerWorker.java:86)
	at org.testng.TestNG.runSuitesSequentially(TestNG.java:1199)
	at org.testng.TestNG.runSuitesLocally(TestNG.java:1124)
	at org.testng.TestNG.run(TestNG.java:1032)
	at org.apache.maven.surefire.testng.TestNGExecutor.run(TestNGExecutor.java:91)
	at org.apache.maven.surefire.testng.TestNGDirectoryTestSuite.executeSingleClass(TestNGDirectoryTestSuite.java:128)
	at org.apache.maven.surefire.testng.TestNGDirectoryTestSuite.execute(TestNGDirectoryTestSuite.java:112)
	at org.apache.maven.surefire.testng.TestNGProvider.invoke(TestNGProvider.java:113)
	at org.apache.maven.surefire.booter.ForkedBooter.invokeProviderInSameClassLoader(ForkedBooter.java:200)
	at org.apache.maven.surefire.booter.ForkedBooter.runSuitesInProcess(ForkedBooter.java:153)
	at org.apache.maven.surefire.booter.ForkedBooter.main(ForkedBooter.java:103)
Caused by: org.openqa.selenium.remote.UnreachableBrowserException: Error communicating with the remote browser. It may have died.
Build info: version: &apos;2.46.0&apos;, revision: &apos;87c69e2&apos;, time: &apos;2015-06-04 16:16:47&apos;
System info: host: &apos;mindtaptest15&apos;, ip: &apos;10.161.126.91&apos;, os.name: &apos;Windows 8&apos;, os.arch: &apos;amd64&apos;, os.version: &apos;6.2&apos;, java.version: &apos;1.7.0_17&apos;
Driver info: driver.version: EventFiringWebDriver
Build info: version: &apos;2.46.0&apos;, revision: &apos;61506a4624b13675f24581e453592342b7485d71&apos;, time: &apos;2015-06-04 10:22:50&apos;
System info: host: &apos;LNDA0021&apos;, ip: &apos;10.161.236.230&apos;, os.name: &apos;Windows 7&apos;, os.arch: &apos;x86&apos;, os.version: &apos;6.1&apos;, java.version: &apos;1.8.0_51&apos;
Driver info: driver.version: unknown
</pre></div></td>
<td>0</td>
<td>com.qait.mindtap.tests.NG_30104.NG_30181_TC03_Instructor_Deletes_Course@1be98f5</td></tr>
</table><p>
<table width='100%' border='1' class='invocation-skipped'>
<tr><td colspan='4' align='center'><b>SKIPPED CONFIGURATIONS</b></td></tr>
<tr><td><b>Test method</b></td>
<td width="30%"><b>Exception</b></td>
<td width="10%"><b>Time (seconds)</b></td>
<td><b>Instance</b></td>
</tr>
<tr>
<td title='com.qait.mindtap.tests.NG_30104.NG_30181_TC03_Instructor_Deletes_Course.takeScreenshotonFailure()'><b>takeScreenshotonFailure</b><br>Test class: com.qait.mindtap.tests.NG_30104.NG_30181_TC03_Instructor_Deletes_Course</td>
<td></td>
<td>0</td>
<td>com.qait.mindtap.tests.NG_30104.NG_30181_TC03_Instructor_Deletes_Course@1be98f5</td></tr>
</table><p>
<table width='100%' border='1' class='invocation-skipped'>
<tr><td colspan='4' align='center'><b>SKIPPED TESTS</b></td></tr>
<tr><td><b>Test method</b></td>
<td width="30%"><b>Exception</b></td>
<td width="10%"><b>Time (seconds)</b></td>
<td><b>Instance</b></td>
</tr>
<tr>
<td title='com.qait.mindtap.tests.NG_30104.NG_30181_TC03_Instructor_Deletes_Course.Step_01_Instructor_Logs_in_to_the_Application()'><b>Step_01_Instructor_Logs_in_to_the_Application</b><br>Test class: com.qait.mindtap.tests.NG_30104.NG_30181_TC03_Instructor_Deletes_Course</td>
<td></td>
<td>0</td>
<td>com.qait.mindtap.tests.NG_30104.NG_30181_TC03_Instructor_Deletes_Course@1be98f5</td></tr>
<tr>
<td title='com.qait.mindtap.tests.NG_30104.NG_30181_TC03_Instructor_Deletes_Course.Step_02_Instructor_Manage_Course()'><b>Step_02_Instructor_Manage_Course</b><br>Test class: com.qait.mindtap.tests.NG_30104.NG_30181_TC03_Instructor_Deletes_Course</td>
<td><div><pre>java.lang.Throwable: Method NG_30181_TC03_Instructor_Deletes_Course.Step_02_Instructor_Manage_Course()[pri:0, instance:com.qait.mindtap.tests.NG_30104.NG_30181_TC03_Instructor_Deletes_Course@1be98f5] depends on not successfully finished methods
... Removed 21 stack frames</pre></div><a href='#' onClick='toggleBox("stack-trace635511", this, "Click to show all stack frames", "Click to hide stack frames")'>Click to show all stack frames</a>
<div class='stack-trace' id='stack-trace635511'><pre>java.lang.Throwable: Method NG_30181_TC03_Instructor_Deletes_Course.Step_02_Instructor_Manage_Course()[pri:0, instance:com.qait.mindtap.tests.NG_30104.NG_30181_TC03_Instructor_Deletes_Course@1be98f5] depends on not successfully finished methods
	at org.testng.internal.Invoker.invokeTestMethods(Invoker.java:1063)
	at org.testng.internal.TestMethodWorker.invokeTestMethods(TestMethodWorker.java:125)
	at org.testng.internal.TestMethodWorker.run(TestMethodWorker.java:108)
	at org.testng.TestRunner.privateRun(TestRunner.java:771)
	at org.testng.TestRunner.run(TestRunner.java:621)
	at org.testng.SuiteRunner.runTest(SuiteRunner.java:357)
	at org.testng.SuiteRunner.runSequentially(SuiteRunner.java:352)
	at org.testng.SuiteRunner.privateRun(SuiteRunner.java:310)
	at org.testng.SuiteRunner.run(SuiteRunner.java:259)
	at org.testng.SuiteRunnerWorker.runSuite(SuiteRunnerWorker.java:52)
	at org.testng.SuiteRunnerWorker.run(SuiteRunnerWorker.java:86)
	at org.testng.TestNG.runSuitesSequentially(TestNG.java:1199)
	at org.testng.TestNG.runSuitesLocally(TestNG.java:1124)
	at org.testng.TestNG.run(TestNG.java:1032)
	at org.apache.maven.surefire.testng.TestNGExecutor.run(TestNGExecutor.java:91)
	at org.apache.maven.surefire.testng.TestNGDirectoryTestSuite.executeSingleClass(TestNGDirectoryTestSuite.java:128)
	at org.apache.maven.surefire.testng.TestNGDirectoryTestSuite.execute(TestNGDirectoryTestSuite.java:112)
	at org.apache.maven.surefire.testng.TestNGProvider.invoke(TestNGProvider.java:113)
	at org.apache.maven.surefire.booter.ForkedBooter.invokeProviderInSameClassLoader(ForkedBooter.java:200)
	at org.apache.maven.surefire.booter.ForkedBooter.runSuitesInProcess(ForkedBooter.java:153)
	at org.apache.maven.surefire.booter.ForkedBooter.main(ForkedBooter.java:103)
</pre></div></td>
<td>0</td>
<td>null</td></tr>
<tr>
<td title='com.qait.mindtap.tests.NG_30104.NG_30181_TC03_Instructor_Deletes_Course.Step_03_Instructor_Drops_Student()'><b>Step_03_Instructor_Drops_Student</b><br>Test class: com.qait.mindtap.tests.NG_30104.NG_30181_TC03_Instructor_Deletes_Course</td>
<td><div><pre>java.lang.Throwable: Method NG_30181_TC03_Instructor_Deletes_Course.Step_03_Instructor_Drops_Student()[pri:0, instance:com.qait.mindtap.tests.NG_30104.NG_30181_TC03_Instructor_Deletes_Course@1be98f5] depends on not successfully finished methods
... Removed 21 stack frames</pre></div><a href='#' onClick='toggleBox("stack-trace30494068", this, "Click to show all stack frames", "Click to hide stack frames")'>Click to show all stack frames</a>
<div class='stack-trace' id='stack-trace30494068'><pre>java.lang.Throwable: Method NG_30181_TC03_Instructor_Deletes_Course.Step_03_Instructor_Drops_Student()[pri:0, instance:com.qait.mindtap.tests.NG_30104.NG_30181_TC03_Instructor_Deletes_Course@1be98f5] depends on not successfully finished methods
	at org.testng.internal.Invoker.invokeTestMethods(Invoker.java:1063)
	at org.testng.internal.TestMethodWorker.invokeTestMethods(TestMethodWorker.java:125)
	at org.testng.internal.TestMethodWorker.run(TestMethodWorker.java:108)
	at org.testng.TestRunner.privateRun(TestRunner.java:771)
	at org.testng.TestRunner.run(TestRunner.java:621)
	at org.testng.SuiteRunner.runTest(SuiteRunner.java:357)
	at org.testng.SuiteRunner.runSequentially(SuiteRunner.java:352)
	at org.testng.SuiteRunner.privateRun(SuiteRunner.java:310)
	at org.testng.SuiteRunner.run(SuiteRunner.java:259)
	at org.testng.SuiteRunnerWorker.runSuite(SuiteRunnerWorker.java:52)
	at org.testng.SuiteRunnerWorker.run(SuiteRunnerWorker.java:86)
	at org.testng.TestNG.runSuitesSequentially(TestNG.java:1199)
	at org.testng.TestNG.runSuitesLocally(TestNG.java:1124)
	at org.testng.TestNG.run(TestNG.java:1032)
	at org.apache.maven.surefire.testng.TestNGExecutor.run(TestNGExecutor.java:91)
	at org.apache.maven.surefire.testng.TestNGDirectoryTestSuite.executeSingleClass(TestNGDirectoryTestSuite.java:128)
	at org.apache.maven.surefire.testng.TestNGDirectoryTestSuite.execute(TestNGDirectoryTestSuite.java:112)
	at org.apache.maven.surefire.testng.TestNGProvider.invoke(TestNGProvider.java:113)
	at org.apache.maven.surefire.booter.ForkedBooter.invokeProviderInSameClassLoader(ForkedBooter.java:200)
	at org.apache.maven.surefire.booter.ForkedBooter.runSuitesInProcess(ForkedBooter.java:153)
	at org.apache.maven.surefire.booter.ForkedBooter.main(ForkedBooter.java:103)
</pre></div></td>
<td>0</td>
<td>null</td></tr>
<tr>
<td title='com.qait.mindtap.tests.NG_30104.NG_30181_TC03_Instructor_Deletes_Course.Step_04_user_LogOut()'><b>Step_04_user_LogOut</b><br>Test class: com.qait.mindtap.tests.NG_30104.NG_30181_TC03_Instructor_Deletes_Course</td>
<td><div><pre>java.lang.Throwable: Method NG_30181_TC03_Instructor_Deletes_Course.Step_04_user_LogOut()[pri:0, instance:com.qait.mindtap.tests.NG_30104.NG_30181_TC03_Instructor_Deletes_Course@1be98f5] depends on not successfully finished methods
... Removed 21 stack frames</pre></div><a href='#' onClick='toggleBox("stack-trace4082001", this, "Click to show all stack frames", "Click to hide stack frames")'>Click to show all stack frames</a>
<div class='stack-trace' id='stack-trace4082001'><pre>java.lang.Throwable: Method NG_30181_TC03_Instructor_Deletes_Course.Step_04_user_LogOut()[pri:0, instance:com.qait.mindtap.tests.NG_30104.NG_30181_TC03_Instructor_Deletes_Course@1be98f5] depends on not successfully finished methods
	at org.testng.internal.Invoker.invokeTestMethods(Invoker.java:1063)
	at org.testng.internal.TestMethodWorker.invokeTestMethods(TestMethodWorker.java:125)
	at org.testng.internal.TestMethodWorker.run(TestMethodWorker.java:108)
	at org.testng.TestRunner.privateRun(TestRunner.java:771)
	at org.testng.TestRunner.run(TestRunner.java:621)
	at org.testng.SuiteRunner.runTest(SuiteRunner.java:357)
	at org.testng.SuiteRunner.runSequentially(SuiteRunner.java:352)
	at org.testng.SuiteRunner.privateRun(SuiteRunner.java:310)
	at org.testng.SuiteRunner.run(SuiteRunner.java:259)
	at org.testng.SuiteRunnerWorker.runSuite(SuiteRunnerWorker.java:52)
	at org.testng.SuiteRunnerWorker.run(SuiteRunnerWorker.java:86)
	at org.testng.TestNG.runSuitesSequentially(TestNG.java:1199)
	at org.testng.TestNG.runSuitesLocally(TestNG.java:1124)
	at org.testng.TestNG.run(TestNG.java:1032)
	at org.apache.maven.surefire.testng.TestNGExecutor.run(TestNGExecutor.java:91)
	at org.apache.maven.surefire.testng.TestNGDirectoryTestSuite.executeSingleClass(TestNGDirectoryTestSuite.java:128)
	at org.apache.maven.surefire.testng.TestNGDirectoryTestSuite.execute(TestNGDirectoryTestSuite.java:112)
	at org.apache.maven.surefire.testng.TestNGProvider.invoke(TestNGProvider.java:113)
	at org.apache.maven.surefire.booter.ForkedBooter.invokeProviderInSameClassLoader(ForkedBooter.java:200)
	at org.apache.maven.surefire.booter.ForkedBooter.runSuitesInProcess(ForkedBooter.java:153)
	at org.apache.maven.surefire.booter.ForkedBooter.main(ForkedBooter.java:103)
</pre></div></td>
<td>0</td>
<td>null</td></tr>
<tr>
<td title='com.qait.mindtap.tests.NG_30104.NG_30181_TC03_Instructor_Deletes_Course.Step_05_Instructor_Logs_in_to_the_Application_Again()'><b>Step_05_Instructor_Logs_in_to_the_Application_Again</b><br>Test class: com.qait.mindtap.tests.NG_30104.NG_30181_TC03_Instructor_Deletes_Course</td>
<td><div><pre>java.lang.Throwable: Method NG_30181_TC03_Instructor_Deletes_Course.Step_05_Instructor_Logs_in_to_the_Application_Again()[pri:0, instance:com.qait.mindtap.tests.NG_30104.NG_30181_TC03_Instructor_Deletes_Course@1be98f5] depends on not successfully finished methods
... Removed 21 stack frames</pre></div><a href='#' onClick='toggleBox("stack-trace6734961", this, "Click to show all stack frames", "Click to hide stack frames")'>Click to show all stack frames</a>
<div class='stack-trace' id='stack-trace6734961'><pre>java.lang.Throwable: Method NG_30181_TC03_Instructor_Deletes_Course.Step_05_Instructor_Logs_in_to_the_Application_Again()[pri:0, instance:com.qait.mindtap.tests.NG_30104.NG_30181_TC03_Instructor_Deletes_Course@1be98f5] depends on not successfully finished methods
	at org.testng.internal.Invoker.invokeTestMethods(Invoker.java:1063)
	at org.testng.internal.TestMethodWorker.invokeTestMethods(TestMethodWorker.java:125)
	at org.testng.internal.TestMethodWorker.run(TestMethodWorker.java:108)
	at org.testng.TestRunner.privateRun(TestRunner.java:771)
	at org.testng.TestRunner.run(TestRunner.java:621)
	at org.testng.SuiteRunner.runTest(SuiteRunner.java:357)
	at org.testng.SuiteRunner.runSequentially(SuiteRunner.java:352)
	at org.testng.SuiteRunner.privateRun(SuiteRunner.java:310)
	at org.testng.SuiteRunner.run(SuiteRunner.java:259)
	at org.testng.SuiteRunnerWorker.runSuite(SuiteRunnerWorker.java:52)
	at org.testng.SuiteRunnerWorker.run(SuiteRunnerWorker.java:86)
	at org.testng.TestNG.runSuitesSequentially(TestNG.java:1199)
	at org.testng.TestNG.runSuitesLocally(TestNG.java:1124)
	at org.testng.TestNG.run(TestNG.java:1032)
	at org.apache.maven.surefire.testng.TestNGExecutor.run(TestNGExecutor.java:91)
	at org.apache.maven.surefire.testng.TestNGDirectoryTestSuite.executeSingleClass(TestNGDirectoryTestSuite.java:128)
	at org.apache.maven.surefire.testng.TestNGDirectoryTestSuite.execute(TestNGDirectoryTestSuite.java:112)
	at org.apache.maven.surefire.testng.TestNGProvider.invoke(TestNGProvider.java:113)
	at org.apache.maven.surefire.booter.ForkedBooter.invokeProviderInSameClassLoader(ForkedBooter.java:200)
	at org.apache.maven.surefire.booter.ForkedBooter.runSuitesInProcess(ForkedBooter.java:153)
	at org.apache.maven.surefire.booter.ForkedBooter.main(ForkedBooter.java:103)
</pre></div></td>
<td>0</td>
<td>null</td></tr>
<tr>
<td title='com.qait.mindtap.tests.NG_30104.NG_30181_TC03_Instructor_Deletes_Course.Step_06_Instructor_Manage_Course()'><b>Step_06_Instructor_Manage_Course</b><br>Test class: com.qait.mindtap.tests.NG_30104.NG_30181_TC03_Instructor_Deletes_Course</td>
<td><div><pre>java.lang.Throwable: Method NG_30181_TC03_Instructor_Deletes_Course.Step_06_Instructor_Manage_Course()[pri:0, instance:com.qait.mindtap.tests.NG_30104.NG_30181_TC03_Instructor_Deletes_Course@1be98f5] depends on not successfully finished methods
... Removed 21 stack frames</pre></div><a href='#' onClick='toggleBox("stack-trace18308096", this, "Click to show all stack frames", "Click to hide stack frames")'>Click to show all stack frames</a>
<div class='stack-trace' id='stack-trace18308096'><pre>java.lang.Throwable: Method NG_30181_TC03_Instructor_Deletes_Course.Step_06_Instructor_Manage_Course()[pri:0, instance:com.qait.mindtap.tests.NG_30104.NG_30181_TC03_Instructor_Deletes_Course@1be98f5] depends on not successfully finished methods
	at org.testng.internal.Invoker.invokeTestMethods(Invoker.java:1063)
	at org.testng.internal.TestMethodWorker.invokeTestMethods(TestMethodWorker.java:125)
	at org.testng.internal.TestMethodWorker.run(TestMethodWorker.java:108)
	at org.testng.TestRunner.privateRun(TestRunner.java:771)
	at org.testng.TestRunner.run(TestRunner.java:621)
	at org.testng.SuiteRunner.runTest(SuiteRunner.java:357)
	at org.testng.SuiteRunner.runSequentially(SuiteRunner.java:352)
	at org.testng.SuiteRunner.privateRun(SuiteRunner.java:310)
	at org.testng.SuiteRunner.run(SuiteRunner.java:259)
	at org.testng.SuiteRunnerWorker.runSuite(SuiteRunnerWorker.java:52)
	at org.testng.SuiteRunnerWorker.run(SuiteRunnerWorker.java:86)
	at org.testng.TestNG.runSuitesSequentially(TestNG.java:1199)
	at org.testng.TestNG.runSuitesLocally(TestNG.java:1124)
	at org.testng.TestNG.run(TestNG.java:1032)
	at org.apache.maven.surefire.testng.TestNGExecutor.run(TestNGExecutor.java:91)
	at org.apache.maven.surefire.testng.TestNGDirectoryTestSuite.executeSingleClass(TestNGDirectoryTestSuite.java:128)
	at org.apache.maven.surefire.testng.TestNGDirectoryTestSuite.execute(TestNGDirectoryTestSuite.java:112)
	at org.apache.maven.surefire.testng.TestNGProvider.invoke(TestNGProvider.java:113)
	at org.apache.maven.surefire.booter.ForkedBooter.invokeProviderInSameClassLoader(ForkedBooter.java:200)
	at org.apache.maven.surefire.booter.ForkedBooter.runSuitesInProcess(ForkedBooter.java:153)
	at org.apache.maven.surefire.booter.ForkedBooter.main(ForkedBooter.java:103)
</pre></div></td>
<td>0</td>
<td>null</td></tr>
<tr>
<td title='com.qait.mindtap.tests.NG_30104.NG_30181_TC03_Instructor_Deletes_Course.Step_07_Instructor_Delete_Course()'><b>Step_07_Instructor_Delete_Course</b><br>Test class: com.qait.mindtap.tests.NG_30104.NG_30181_TC03_Instructor_Deletes_Course</td>
<td><div><pre>java.lang.Throwable: Method NG_30181_TC03_Instructor_Deletes_Course.Step_07_Instructor_Delete_Course()[pri:0, instance:com.qait.mindtap.tests.NG_30104.NG_30181_TC03_Instructor_Deletes_Course@1be98f5] depends on not successfully finished methods
... Removed 21 stack frames</pre></div><a href='#' onClick='toggleBox("stack-trace12066555", this, "Click to show all stack frames", "Click to hide stack frames")'>Click to show all stack frames</a>
<div class='stack-trace' id='stack-trace12066555'><pre>java.lang.Throwable: Method NG_30181_TC03_Instructor_Deletes_Course.Step_07_Instructor_Delete_Course()[pri:0, instance:com.qait.mindtap.tests.NG_30104.NG_30181_TC03_Instructor_Deletes_Course@1be98f5] depends on not successfully finished methods
	at org.testng.internal.Invoker.invokeTestMethods(Invoker.java:1063)
	at org.testng.internal.TestMethodWorker.invokeTestMethods(TestMethodWorker.java:125)
	at org.testng.internal.TestMethodWorker.run(TestMethodWorker.java:108)
	at org.testng.TestRunner.privateRun(TestRunner.java:771)
	at org.testng.TestRunner.run(TestRunner.java:621)
	at org.testng.SuiteRunner.runTest(SuiteRunner.java:357)
	at org.testng.SuiteRunner.runSequentially(SuiteRunner.java:352)
	at org.testng.SuiteRunner.privateRun(SuiteRunner.java:310)
	at org.testng.SuiteRunner.run(SuiteRunner.java:259)
	at org.testng.SuiteRunnerWorker.runSuite(SuiteRunnerWorker.java:52)
	at org.testng.SuiteRunnerWorker.run(SuiteRunnerWorker.java:86)
	at org.testng.TestNG.runSuitesSequentially(TestNG.java:1199)
	at org.testng.TestNG.runSuitesLocally(TestNG.java:1124)
	at org.testng.TestNG.run(TestNG.java:1032)
	at org.apache.maven.surefire.testng.TestNGExecutor.run(TestNGExecutor.java:91)
	at org.apache.maven.surefire.testng.TestNGDirectoryTestSuite.executeSingleClass(TestNGDirectoryTestSuite.java:128)
	at org.apache.maven.surefire.testng.TestNGDirectoryTestSuite.execute(TestNGDirectoryTestSuite.java:112)
	at org.apache.maven.surefire.testng.TestNGProvider.invoke(TestNGProvider.java:113)
	at org.apache.maven.surefire.booter.ForkedBooter.invokeProviderInSameClassLoader(ForkedBooter.java:200)
	at org.apache.maven.surefire.booter.ForkedBooter.runSuitesInProcess(ForkedBooter.java:153)
	at org.apache.maven.surefire.booter.ForkedBooter.main(ForkedBooter.java:103)
</pre></div></td>
<td>0</td>
<td>null</td></tr>
<tr>
<td title='com.qait.mindtap.tests.NG_30104.NG_30181_TC03_Instructor_Deletes_Course.Step_07_Instructor_SignOut()'><b>Step_07_Instructor_SignOut</b><br>Test class: com.qait.mindtap.tests.NG_30104.NG_30181_TC03_Instructor_Deletes_Course</td>
<td><div><pre>java.lang.Throwable: Method NG_30181_TC03_Instructor_Deletes_Course.Step_07_Instructor_SignOut()[pri:0, instance:com.qait.mindtap.tests.NG_30104.NG_30181_TC03_Instructor_Deletes_Course@1be98f5] depends on not successfully finished methods
... Removed 21 stack frames</pre></div><a href='#' onClick='toggleBox("stack-trace15252668", this, "Click to show all stack frames", "Click to hide stack frames")'>Click to show all stack frames</a>
<div class='stack-trace' id='stack-trace15252668'><pre>java.lang.Throwable: Method NG_30181_TC03_Instructor_Deletes_Course.Step_07_Instructor_SignOut()[pri:0, instance:com.qait.mindtap.tests.NG_30104.NG_30181_TC03_Instructor_Deletes_Course@1be98f5] depends on not successfully finished methods
	at org.testng.internal.Invoker.invokeTestMethods(Invoker.java:1063)
	at org.testng.internal.TestMethodWorker.invokeTestMethods(TestMethodWorker.java:125)
	at org.testng.internal.TestMethodWorker.run(TestMethodWorker.java:108)
	at org.testng.TestRunner.privateRun(TestRunner.java:771)
	at org.testng.TestRunner.run(TestRunner.java:621)
	at org.testng.SuiteRunner.runTest(SuiteRunner.java:357)
	at org.testng.SuiteRunner.runSequentially(SuiteRunner.java:352)
	at org.testng.SuiteRunner.privateRun(SuiteRunner.java:310)
	at org.testng.SuiteRunner.run(SuiteRunner.java:259)
	at org.testng.SuiteRunnerWorker.runSuite(SuiteRunnerWorker.java:52)
	at org.testng.SuiteRunnerWorker.run(SuiteRunnerWorker.java:86)
	at org.testng.TestNG.runSuitesSequentially(TestNG.java:1199)
	at org.testng.TestNG.runSuitesLocally(TestNG.java:1124)
	at org.testng.TestNG.run(TestNG.java:1032)
	at org.apache.maven.surefire.testng.TestNGExecutor.run(TestNGExecutor.java:91)
	at org.apache.maven.surefire.testng.TestNGDirectoryTestSuite.executeSingleClass(TestNGDirectoryTestSuite.java:128)
	at org.apache.maven.surefire.testng.TestNGDirectoryTestSuite.execute(TestNGDirectoryTestSuite.java:112)
	at org.apache.maven.surefire.testng.TestNGProvider.invoke(TestNGProvider.java:113)
	at org.apache.maven.surefire.booter.ForkedBooter.invokeProviderInSameClassLoader(ForkedBooter.java:200)
	at org.apache.maven.surefire.booter.ForkedBooter.runSuitesInProcess(ForkedBooter.java:153)
	at org.apache.maven.surefire.booter.ForkedBooter.main(ForkedBooter.java:103)
</pre></div></td>
<td>0</td>
<td>null</td></tr>
</table><p>
</body>
</html>