<?xml version="1.0" encoding="UTF-8"?>
<!-- Generated by org.testng.reporters.JUnitXMLReporter -->
<testsuite hostname="LNDA0021" name="Command line test 1c86f75c-0f30-4d3b-b641-54929a3ee0c9" tests="9" failures="1" timestamp="13 Oct 2015 07:10:36 GMT" time="85.297" errors="0">
  <testcase name="Step_01_Instructor_Logs_in_to_the_Application" time="9.142" classname="com.qait.mindtap.tests.NG_30181.TC04_Instructor_Launch_the_Course"/>
  <testcase name="Step_02_Instructor_Manages_Course_From_SSO" time="10.37" classname="com.qait.mindtap.tests.NG_30181.TC04_Instructor_Launch_the_Course"/>
  <testcase name="Step_03_Instructor_Enrols_TA_IN_Course" time="19.223" classname="com.qait.mindtap.tests.NG_30181.TC04_Instructor_Launch_the_Course"/>
  <testcase name="Step_04_verify_Spalsh_Page_Dispalys_Automatically" time="7.458" classname="com.qait.mindtap.tests.NG_30181.TC04_Instructor_Launch_the_Course"/>
  <testcase name="Step_05_Verify_Weeks_CurrentWeekIcon_Displays_Along_Month_and_Date" time="22.006" classname="com.qait.mindtap.tests.NG_30181.TC04_Instructor_Launch_the_Course"/>
  <testcase name="Step_06_Verify_Expand_Collapse_Functionality" time="5.039" classname="com.qait.mindtap.tests.NG_30181.TC04_Instructor_Launch_the_Course">
    <failure type="org.openqa.selenium.WebDriverException" message="unknown error: Element is not clickable at point (805, 135). Other element would receive the click: &amp;lt;paper-icon-button class=&amp;quot;toggle style-scope cl-rolling-week x-scope paper-icon-button-0 expanded&amp;quot; role=&amp;quot;button&amp;quot; tabindex=&amp;quot;0&amp;quot; aria-disabled=&amp;quot;false&amp;quot;&amp;gt;...&amp;lt;/paper-icon-button&amp;gt;
  (Session info: chrome=45.0.2454.101)
  (Driver info: chromedriver=2.9.248315,platform=Windows NT 6.2 x86_64) (WARNING: The server did not provide any stacktrace information)
Command duration or timeout: 46 milliseconds
Build info: version: &amp;apos;2.46.0&amp;apos;, revision: &amp;apos;87c69e2&amp;apos;, time: &amp;apos;2015-06-04 16:16:47&amp;apos;
System info: host: &amp;apos;mindtaptest06&amp;apos;, ip: &amp;apos;10.161.126.78&amp;apos;, os.name: &amp;apos;Windows 8&amp;apos;, os.arch: &amp;apos;amd64&amp;apos;, os.version: &amp;apos;6.2&amp;apos;, java.version: &amp;apos;1.7.0_17&amp;apos;
Session ID: 1baa46fca13242806496e5eb0016c93f
Driver info: org.openqa.selenium.chrome.ChromeDriver
Capabilities [{platform=WIN8, acceptSslCerts=true, javascriptEnabled=true, browserName=chrome, chrome={userDataDir=C:\Users\qaadmin\AppData\Local\Temp\scoped_dir1872_9648}, rotatable=false, locationContextEnabled=true, version=45.0.2454.101, takesHeapSnapshot=true, cssSelectorsEnabled=true, databaseEnabled=false, handlesAlerts=true, browserConnectionEnabled=false, webStorageEnabled=true, nativeEvents=true, applicationCacheEnabled=false, takesScreenshot=true}]
Command duration or timeout: 2.87 seconds
Build info: version: &amp;apos;2.46.0&amp;apos;, revision: &amp;apos;61506a4624b13675f24581e453592342b7485d71&amp;apos;, time: &amp;apos;2015-06-04 10:22:50&amp;apos;
System info: host: &amp;apos;LNDA0021&amp;apos;, ip: &amp;apos;10.161.239.74&amp;apos;, os.name: &amp;apos;Windows 7&amp;apos;, os.arch: &amp;apos;x86&amp;apos;, os.version: &amp;apos;6.1&amp;apos;, java.version: &amp;apos;1.8.0_51&amp;apos;
Driver info: org.openqa.selenium.remote.RemoteWebDriver
Capabilities [{applicationCacheEnabled=false, rotatable=false, chrome={userDataDir=C:\Users\qaadmin\AppData\Local\Temp\scoped_dir1872_9648}, takesHeapSnapshot=true, databaseEnabled=false, handlesAlerts=true, version=45.0.2454.101, platform=WIN8, browserConnectionEnabled=false, nativeEvents=true, acceptSslCerts=true, webdriver.remote.sessionid=8d6fd202-6672-49f7-8858-a4a3c2b62aff, locationContextEnabled=true, webStorageEnabled=true, browserName=chrome, takesScreenshot=true, javascriptEnabled=true, cssSelectorsEnabled=true}]
Session ID: 8d6fd202-6672-49f7-8858-a4a3c2b62aff">
      <![CDATA[org.openqa.selenium.WebDriverException: unknown error: Element is not clickable at point (805, 135). Other element would receive the click: <paper-icon-button class="toggle style-scope cl-rolling-week x-scope paper-icon-button-0 expanded" role="button" tabindex="0" aria-disabled="false">...</paper-icon-button>
  (Session info: chrome=45.0.2454.101)
  (Driver info: chromedriver=2.9.248315,platform=Windows NT 6.2 x86_64) (WARNING: The server did not provide any stacktrace information)
Command duration or timeout: 46 milliseconds
Build info: version: '2.46.0', revision: '87c69e2', time: '2015-06-04 16:16:47'
System info: host: 'mindtaptest06', ip: '10.161.126.78', os.name: 'Windows 8', os.arch: 'amd64', os.version: '6.2', java.version: '1.7.0_17'
Session ID: 1baa46fca13242806496e5eb0016c93f
Driver info: org.openqa.selenium.chrome.ChromeDriver
Capabilities [{platform=WIN8, acceptSslCerts=true, javascriptEnabled=true, browserName=chrome, chrome={userDataDir=C:\Users\qaadmin\AppData\Local\Temp\scoped_dir1872_9648}, rotatable=false, locationContextEnabled=true, version=45.0.2454.101, takesHeapSnapshot=true, cssSelectorsEnabled=true, databaseEnabled=false, handlesAlerts=true, browserConnectionEnabled=false, webStorageEnabled=true, nativeEvents=true, applicationCacheEnabled=false, takesScreenshot=true}]
Command duration or timeout: 2.87 seconds
Build info: version: '2.46.0', revision: '61506a4624b13675f24581e453592342b7485d71', time: '2015-06-04 10:22:50'
System info: host: 'LNDA0021', ip: '10.161.239.74', os.name: 'Windows 7', os.arch: 'x86', os.version: '6.1', java.version: '1.8.0_51'
Driver info: org.openqa.selenium.remote.RemoteWebDriver
Capabilities [{applicationCacheEnabled=false, rotatable=false, chrome={userDataDir=C:\Users\qaadmin\AppData\Local\Temp\scoped_dir1872_9648}, takesHeapSnapshot=true, databaseEnabled=false, handlesAlerts=true, version=45.0.2454.101, platform=WIN8, browserConnectionEnabled=false, nativeEvents=true, acceptSslCerts=true, webdriver.remote.sessionid=8d6fd202-6672-49f7-8858-a4a3c2b62aff, locationContextEnabled=true, webStorageEnabled=true, browserName=chrome, takesScreenshot=true, javascriptEnabled=true, cssSelectorsEnabled=true}]
Session ID: 8d6fd202-6672-49f7-8858-a4a3c2b62aff
	at org.openqa.selenium.remote.ErrorHandler.createThrowable(ErrorHandler.java:204)
	at org.openqa.selenium.remote.ErrorHandler.throwIfResponseFailed(ErrorHandler.java:156)
	at org.openqa.selenium.remote.RemoteWebDriver.execute(RemoteWebDriver.java:605)
	at org.openqa.selenium.remote.RemoteWebElement.execute(RemoteWebElement.java:269)
	at org.openqa.selenium.remote.RemoteWebElement.click(RemoteWebElement.java:80)
	at com.qait.mindtap.keywords.WeekWidgetActions.functionalityExpandCollapse(WeekWidgetActions.java:65)
	at com.qait.mindtap.tests.NG_30181.TC04_Instructor_Launch_the_Course.Step_06_Verify_Expand_Collapse_Functionality(TC04_Instructor_Launch_the_Course.java:68)
Caused by: org.openqa.selenium.remote.ScreenshotException: Screen shot has been taken
Build info: version: '2.46.0', revision: '61506a4624b13675f24581e453592342b7485d71', time: '2015-06-04 10:22:50'
System info: host: 'LNDA0021', ip: '10.161.239.74', os.name: 'Windows 7', os.arch: 'x86', os.version: '6.1', java.version: '1.8.0_51'
Driver info: driver.version: RemoteWebDriver
	at org.openqa.selenium.remote.ErrorHandler.throwIfResponseFailed(ErrorHandler.java:136)
	... 33 more
Caused by: org.openqa.selenium.WebDriverException: unknown error: Element is not clickable at point (805, 135). Other element would receive the click: <paper-icon-button class="toggle style-scope cl-rolling-week x-scope paper-icon-button-0 expanded" role="button" tabindex="0" aria-disabled="false">...</paper-icon-button>
  (Session info: chrome=45.0.2454.101)
  (Driver info: chromedriver=2.9.248315,platform=Windows NT 6.2 x86_64) (WARNING: The server did not provide any stacktrace information)
Command duration or timeout: 46 milliseconds
Build info: version: '2.46.0', revision: '87c69e2', time: '2015-06-04 16:16:47'
System info: host: 'mindtaptest06', ip: '10.161.126.78', os.name: 'Windows 8', os.arch: 'amd64', os.version: '6.2', java.version: '1.7.0_17'
Session ID: 1baa46fca13242806496e5eb0016c93f
Driver info: org.openqa.selenium.chrome.ChromeDriver
Capabilities [{platform=WIN8, acceptSslCerts=true, javascriptEnabled=true, browserName=chrome, chrome={userDataDir=C:\Users\qaadmin\AppData\Local\Temp\scoped_dir1872_9648}, rotatable=false, locationContextEnabled=true, version=45.0.2454.101, takesHeapSnapshot=true, cssSelectorsEnabled=true, databaseEnabled=false, handlesAlerts=true, browserConnectionEnabled=false, webStorageEnabled=true, nativeEvents=true, applicationCacheEnabled=false, takesScreenshot=true}]
Build info: version: '2.46.0', revision: '61506a4624b13675f24581e453592342b7485d71', time: '2015-06-04 10:22:50'
System info: host: 'LNDA0021', ip: '10.161.239.74', os.name: 'Windows 7', os.arch: 'x86', os.version: '6.1', java.version: '1.8.0_51'
Driver info: driver.version: RemoteWebDriver
	at org.openqa.selenium.remote.ErrorHandler.createThrowable(ErrorHandler.java:204)
	at org.openqa.selenium.remote.ErrorHandler.throwIfResponseFailed(ErrorHandler.java:156)
	at org.openqa.selenium.remote.RemoteWebDriver.execute(RemoteWebDriver.java:605)
	at org.openqa.selenium.remote.RemoteWebElement.execute(RemoteWebElement.java:269)
	at org.openqa.selenium.remote.RemoteWebElement.click(RemoteWebElement.java:80)
	at org.openqa.selenium.support.events.EventFiringWebDriver$EventFiringWebElement$1.invoke(EventFiringWebDriver.java:332)
	at com.sun.proxy.$Proxy2.click(Unknown Source)
	at org.openqa.selenium.support.events.EventFiringWebDriver$EventFiringWebElement.click(EventFiringWebDriver.java:345)
	at org.openqa.selenium.remote.server.KnownElements$1.invoke(KnownElements.java:64)
	at com.sun.proxy.$Proxy3.click(Unknown Source)
	at org.openqa.selenium.remote.server.handler.ClickElement.call(ClickElement.java:30)
	at org.openqa.selenium.remote.server.handler.ClickElement.call(ClickElement.java:1)
	at java.util.concurrent.FutureTask$Sync.innerRun(Unknown Source)
	at java.util.concurrent.FutureTask.run(Unknown Source)
	at org.openqa.selenium.remote.server.DefaultSession$1.run(DefaultSession.java:176)
	at java.util.concurrent.ThreadPoolExecutor.runWorker(Unknown Source)
	at java.util.concurrent.ThreadPoolExecutor$Worker.run(Unknown Source)
	at java.lang.Thread.run(Unknown Source)
... Removed 42 stack frames]]>
    </failure>
  </testcase> <!-- Step_06_Verify_Expand_Collapse_Functionality -->
  <testcase name="Step_07_verify_Splash_Page" time="0.0" classname="com.qait.mindtap.tests.NG_30181.TC04_Instructor_Launch_the_Course">
    <skipped/>
  </testcase> <!-- Step_07_verify_Splash_Page -->
  <testcase name="Step_08_Verify_Rolling_Week_UI" time="0.0" classname="com.qait.mindtap.tests.NG_30181.TC04_Instructor_Launch_the_Course">
    <skipped/>
  </testcase> <!-- Step_08_Verify_Rolling_Week_UI -->
  <testcase name="Step_07_user_LogOut" time="0.0" classname="com.qait.mindtap.tests.NG_30181.TC04_Instructor_Launch_the_Course">
    <skipped/>
  </testcase> <!-- Step_07_user_LogOut -->
</testsuite> <!-- Command line test 1c86f75c-0f30-4d3b-b641-54929a3ee0c9 -->
