<html>
<head>
<title>TestNG:  Command line test eb4dba4c-93d8-411a-9310-e4307bca4cd5</title>
<link href="../testng.css" rel="stylesheet" type="text/css" />
<link href="../my-testng.css" rel="stylesheet" type="text/css" />

<style type="text/css">
.log { display: none;} 
.stack-trace { display: none;} 
</style>
<script type="text/javascript">
<!--
function flip(e) {
  current = e.style.display;
  if (current == 'block') {
    e.style.display = 'none';
    return 0;
  }
  else {
    e.style.display = 'block';
    return 1;
  }
}

function toggleBox(szDivId, elem, msg1, msg2)
{
  var res = -1;  if (document.getElementById) {
    res = flip(document.getElementById(szDivId));
  }
  else if (document.all) {
    // this is the way old msie versions work
    res = flip(document.all[szDivId]);
  }
  if(elem) {
    if(res == 0) elem.innerHTML = msg1; else elem.innerHTML = msg2;
  }

}

function toggleAllBoxes() {
  if (document.getElementsByTagName) {
    d = document.getElementsByTagName('div');
    for (i = 0; i < d.length; i++) {
      if (d[i].className == 'log') {
        flip(d[i]);
      }
    }
  }
}

// -->
</script>

</head>
<body>
<h2 align='center'>Command line test eb4dba4c-93d8-411a-9310-e4307bca4cd5</h2><table border='1' align="center">
<tr>
<td>Tests passed/Failed/Skipped:</td><td>5/1/3</td>
</tr><tr>
<td>Started on:</td><td>Tue Oct 13 12:45:36 IST 2015</td>
</tr>
<tr><td>Total time:</td><td>100 seconds (100883 ms)</td>
</tr><tr>
<td>Included groups:</td><td></td>
</tr><tr>
<td>Excluded groups:</td><td></td>
</tr>
</table><p/>
<small><i>(Hover the method name to see the test class name)</i></small><p/>
<table width='100%' border='1' class='invocation-failed'>
<tr><td colspan='4' align='center'><b>FAILED TESTS</b></td></tr>
<tr><td><b>Test method</b></td>
<td width="30%"><b>Exception</b></td>
<td width="10%"><b>Time (seconds)</b></td>
<td><b>Instance</b></td>
</tr>
<tr>
<td title='com.qait.mindtap.tests.NG_30181.TC04_Instructor_Launch_the_Course.Step_06_Verify_Expand_Collapse_Functionality()'><b>Step_06_Verify_Expand_Collapse_Functionality</b><br>Test class: com.qait.mindtap.tests.NG_30181.TC04_Instructor_Launch_the_Course<br/>
<a href="#Output-1340183" onClick='toggleBox("Output-1340183", this, "Show output", "Hide output");'>Show output</a>

<a href="#Output-1340183" onClick="toggleAllBoxes();">Show all outputs</a>
<div class='log' id="Output-1340183">
[ASSERT PASS]: element expand_collapse is displayed.<br/>
</div>
</td>
<td><div><pre>org.openqa.selenium.WebDriverException: unknown error: Element is not clickable at point (805, 135). Other element would receive the click: &lt;paper-icon-button class=&quot;toggle style-scope cl-rolling-week x-scope paper-icon-button-0 expanded&quot; role=&quot;button&quot; tabindex=&quot;0&quot; aria-disabled=&quot;false&quot;&gt;...&lt;/paper-icon-button&gt;
  (Session info: chrome=45.0.2454.101)
  (Driver info: chromedriver=2.9.248315,platform=Windows NT 6.2 x86_64) (WARNING: The server did not provide any stacktrace information)
Command duration or timeout: 62 milliseconds
Build info: version: &apos;2.46.0&apos;, revision: &apos;87c69e2&apos;, time: &apos;2015-06-04 16:16:47&apos;
System info: host: &apos;mindtaptest06&apos;, ip: &apos;10.161.126.78&apos;, os.name: &apos;Windows 8&apos;, os.arch: &apos;amd64&apos;, os.version: &apos;6.2&apos;, java.version: &apos;1.7.0_17&apos;
Session ID: 6edf282f1911caeb5d4421dd470a14f1
Driver info: org.openqa.selenium.chrome.ChromeDriver
Capabilities [{platform=WIN8, acceptSslCerts=true, javascriptEnabled=true, browserName=chrome, chrome={userDataDir=C:\Users\qaadmin\AppData\Local\Temp\scoped_dir1548_6083}, rotatable=false, locationContextEnabled=true, version=45.0.2454.101, takesHeapSnapshot=true, cssSelectorsEnabled=true, databaseEnabled=false, handlesAlerts=true, browserConnectionEnabled=false, webStorageEnabled=true, nativeEvents=true, applicationCacheEnabled=false, takesScreenshot=true}]
Command duration or timeout: 1.56 seconds
Build info: version: &apos;2.46.0&apos;, revision: &apos;61506a4624b13675f24581e453592342b7485d71&apos;, time: &apos;2015-06-04 10:22:50&apos;
System info: host: &apos;LNDA0021&apos;, ip: &apos;10.161.239.74&apos;, os.name: &apos;Windows 7&apos;, os.arch: &apos;x86&apos;, os.version: &apos;6.1&apos;, java.version: &apos;1.8.0_51&apos;
Driver info: org.openqa.selenium.remote.RemoteWebDriver
Capabilities [{applicationCacheEnabled=false, rotatable=false, chrome={userDataDir=C:\Users\qaadmin\AppData\Local\Temp\scoped_dir1548_6083}, takesHeapSnapshot=true, databaseEnabled=false, handlesAlerts=true, version=45.0.2454.101, platform=WIN8, browserConnectionEnabled=false, nativeEvents=true, acceptSslCerts=true, webdriver.remote.sessionid=7996a267-57c7-4065-8451-1085b1fffd20, locationContextEnabled=true, webStorageEnabled=true, browserName=chrome, takesScreenshot=true, javascriptEnabled=true, cssSelectorsEnabled=true}]
Session ID: 7996a267-57c7-4065-8451-1085b1fffd20
	at org.openqa.selenium.remote.ErrorHandler.createThrowable(ErrorHandler.java:204)
	at org.openqa.selenium.remote.ErrorHandler.throwIfResponseFailed(ErrorHandler.java:156)
	at org.openqa.selenium.remote.RemoteWebDriver.execute(RemoteWebDriver.java:605)
	at org.openqa.selenium.remote.RemoteWebElement.execute(RemoteWebElement.java:269)
	at org.openqa.selenium.remote.RemoteWebElement.click(RemoteWebElement.java:80)
	at com.qait.mindtap.keywords.WeekWidgetActions.functionalityExpandCollapse(WeekWidgetActions.java:65)
	at com.qait.mindtap.tests.NG_30181.TC04_Instructor_Launch_the_Course.Step_06_Verify_Expand_Collapse_Functionality(TC04_Instructor_Launch_the_Course.java:68)
Caused by: org.openqa.selenium.remote.ScreenshotException: Screen shot has been taken
Build info: version: &apos;2.46.0&apos;, revision: &apos;61506a4624b13675f24581e453592342b7485d71&apos;, time: &apos;2015-06-04 10:22:50&apos;
System info: host: &apos;LNDA0021&apos;, ip: &apos;10.161.239.74&apos;, os.name: &apos;Windows 7&apos;, os.arch: &apos;x86&apos;, os.version: &apos;6.1&apos;, java.version: &apos;1.8.0_51&apos;
Driver info: driver.version: RemoteWebDriver
	at org.openqa.selenium.remote.ErrorHandler.throwIfResponseFailed(ErrorHandler.java:136)
	... 33 more
Caused by: org.openqa.selenium.WebDriverException: unknown error: Element is not clickable at point (805, 135). Other element would receive the click: &lt;paper-icon-button class=&quot;toggle style-scope cl-rolling-week x-scope paper-icon-button-0 expanded&quot; role=&quot;button&quot; tabindex=&quot;0&quot; aria-disabled=&quot;false&quot;&gt;...&lt;/paper-icon-button&gt;
  (Session info: chrome=45.0.2454.101)
  (Driver info: chromedriver=2.9.248315,platform=Windows NT 6.2 x86_64) (WARNING: The server did not provide any stacktrace information)
Command duration or timeout: 62 milliseconds
Build info: version: &apos;2.46.0&apos;, revision: &apos;87c69e2&apos;, time: &apos;2015-06-04 16:16:47&apos;
System info: host: &apos;mindtaptest06&apos;, ip: &apos;10.161.126.78&apos;, os.name: &apos;Windows 8&apos;, os.arch: &apos;amd64&apos;, os.version: &apos;6.2&apos;, java.version: &apos;1.7.0_17&apos;
Session ID: 6edf282f1911caeb5d4421dd470a14f1
Driver info: org.openqa.selenium.chrome.ChromeDriver
Capabilities [{platform=WIN8, acceptSslCerts=true, javascriptEnabled=true, browserName=chrome, chrome={userDataDir=C:\Users\qaadmin\AppData\Local\Temp\scoped_dir1548_6083}, rotatable=false, locationContextEnabled=true, version=45.0.2454.101, takesHeapSnapshot=true, cssSelectorsEnabled=true, databaseEnabled=false, handlesAlerts=true, browserConnectionEnabled=false, webStorageEnabled=true, nativeEvents=true, applicationCacheEnabled=false, takesScreenshot=true}]
Build info: version: &apos;2.46.0&apos;, revision: &apos;61506a4624b13675f24581e453592342b7485d71&apos;, time: &apos;2015-06-04 10:22:50&apos;
System info: host: &apos;LNDA0021&apos;, ip: &apos;10.161.239.74&apos;, os.name: &apos;Windows 7&apos;, os.arch: &apos;x86&apos;, os.version: &apos;6.1&apos;, java.version: &apos;1.8.0_51&apos;
Driver info: driver.version: RemoteWebDriver
	at org.openqa.selenium.remote.ErrorHandler.createThrowable(ErrorHandler.java:204)
	at org.openqa.selenium.remote.ErrorHandler.throwIfResponseFailed(ErrorHandler.java:156)
	at org.openqa.selenium.remote.RemoteWebDriver.execute(RemoteWebDriver.java:605)
	at org.openqa.selenium.remote.RemoteWebElement.execute(RemoteWebElement.java:269)
	at org.openqa.selenium.remote.RemoteWebElement.click(RemoteWebElement.java:80)
	at org.openqa.selenium.support.events.EventFiringWebDriver$EventFiringWebElement$1.invoke(EventFiringWebDriver.java:332)
	at com.sun.proxy.$Proxy2.click(Unknown Source)
	at org.openqa.selenium.support.events.EventFiringWebDriver$EventFiringWebElement.click(EventFiringWebDriver.java:345)
	at org.openqa.selenium.remote.server.KnownElements$1.invoke(KnownElements.java:64)
	at com.sun.proxy.$Proxy3.click(Unknown Source)
	at org.openqa.selenium.remote.server.handler.ClickElement.call(ClickElement.java:30)
	at org.openqa.selenium.remote.server.handler.ClickElement.call(ClickElement.java:1)
	at java.util.concurrent.FutureTask$Sync.innerRun(Unknown Source)
	at java.util.concurrent.FutureTask.run(Unknown Source)
	at org.openqa.selenium.remote.server.DefaultSession$1.run(DefaultSession.java:176)
	at java.util.concurrent.ThreadPoolExecutor.runWorker(Unknown Source)
	at java.util.concurrent.ThreadPoolExecutor$Worker.run(Unknown Source)
	at java.lang.Thread.run(Unknown Source)
... Removed 42 stack frames</pre></div><a href='#' onClick='toggleBox("stack-trace1340183", this, "Click to show all stack frames", "Click to hide stack frames")'>Click to show all stack frames</a>
<div class='stack-trace' id='stack-trace1340183'><pre>org.openqa.selenium.WebDriverException: unknown error: Element is not clickable at point (805, 135). Other element would receive the click: &lt;paper-icon-button class=&quot;toggle style-scope cl-rolling-week x-scope paper-icon-button-0 expanded&quot; role=&quot;button&quot; tabindex=&quot;0&quot; aria-disabled=&quot;false&quot;&gt;...&lt;/paper-icon-button&gt;
  (Session info: chrome=45.0.2454.101)
  (Driver info: chromedriver=2.9.248315,platform=Windows NT 6.2 x86_64) (WARNING: The server did not provide any stacktrace information)
Command duration or timeout: 62 milliseconds
Build info: version: &apos;2.46.0&apos;, revision: &apos;87c69e2&apos;, time: &apos;2015-06-04 16:16:47&apos;
System info: host: &apos;mindtaptest06&apos;, ip: &apos;10.161.126.78&apos;, os.name: &apos;Windows 8&apos;, os.arch: &apos;amd64&apos;, os.version: &apos;6.2&apos;, java.version: &apos;1.7.0_17&apos;
Session ID: 6edf282f1911caeb5d4421dd470a14f1
Driver info: org.openqa.selenium.chrome.ChromeDriver
Capabilities [{platform=WIN8, acceptSslCerts=true, javascriptEnabled=true, browserName=chrome, chrome={userDataDir=C:\Users\qaadmin\AppData\Local\Temp\scoped_dir1548_6083}, rotatable=false, locationContextEnabled=true, version=45.0.2454.101, takesHeapSnapshot=true, cssSelectorsEnabled=true, databaseEnabled=false, handlesAlerts=true, browserConnectionEnabled=false, webStorageEnabled=true, nativeEvents=true, applicationCacheEnabled=false, takesScreenshot=true}]
Command duration or timeout: 1.56 seconds
Build info: version: &apos;2.46.0&apos;, revision: &apos;61506a4624b13675f24581e453592342b7485d71&apos;, time: &apos;2015-06-04 10:22:50&apos;
System info: host: &apos;LNDA0021&apos;, ip: &apos;10.161.239.74&apos;, os.name: &apos;Windows 7&apos;, os.arch: &apos;x86&apos;, os.version: &apos;6.1&apos;, java.version: &apos;1.8.0_51&apos;
Driver info: org.openqa.selenium.remote.RemoteWebDriver
Capabilities [{applicationCacheEnabled=false, rotatable=false, chrome={userDataDir=C:\Users\qaadmin\AppData\Local\Temp\scoped_dir1548_6083}, takesHeapSnapshot=true, databaseEnabled=false, handlesAlerts=true, version=45.0.2454.101, platform=WIN8, browserConnectionEnabled=false, nativeEvents=true, acceptSslCerts=true, webdriver.remote.sessionid=7996a267-57c7-4065-8451-1085b1fffd20, locationContextEnabled=true, webStorageEnabled=true, browserName=chrome, takesScreenshot=true, javascriptEnabled=true, cssSelectorsEnabled=true}]
Session ID: 7996a267-57c7-4065-8451-1085b1fffd20
	at sun.reflect.NativeConstructorAccessorImpl.newInstance0(Native Method)
	at sun.reflect.NativeConstructorAccessorImpl.newInstance(NativeConstructorAccessorImpl.java:62)
	at sun.reflect.DelegatingConstructorAccessorImpl.newInstance(DelegatingConstructorAccessorImpl.java:45)
	at java.lang.reflect.Constructor.newInstance(Constructor.java:422)
	at org.openqa.selenium.remote.ErrorHandler.createThrowable(ErrorHandler.java:204)
	at org.openqa.selenium.remote.ErrorHandler.throwIfResponseFailed(ErrorHandler.java:156)
	at org.openqa.selenium.remote.RemoteWebDriver.execute(RemoteWebDriver.java:605)
	at org.openqa.selenium.remote.RemoteWebElement.execute(RemoteWebElement.java:269)
	at org.openqa.selenium.remote.RemoteWebElement.click(RemoteWebElement.java:80)
	at com.qait.mindtap.keywords.WeekWidgetActions.functionalityExpandCollapse(WeekWidgetActions.java:65)
	at com.qait.mindtap.tests.NG_30181.TC04_Instructor_Launch_the_Course.Step_06_Verify_Expand_Collapse_Functionality(TC04_Instructor_Launch_the_Course.java:68)
	at sun.reflect.NativeMethodAccessorImpl.invoke0(Native Method)
	at sun.reflect.NativeMethodAccessorImpl.invoke(NativeMethodAccessorImpl.java:62)
	at sun.reflect.DelegatingMethodAccessorImpl.invoke(DelegatingMethodAccessorImpl.java:43)
	at java.lang.reflect.Method.invoke(Method.java:497)
	at org.testng.internal.MethodInvocationHelper.invokeMethod(MethodInvocationHelper.java:85)
	at org.testng.internal.Invoker.invokeMethod(Invoker.java:659)
	at org.testng.internal.Invoker.invokeTestMethod(Invoker.java:845)
	at org.testng.internal.Invoker.invokeTestMethods(Invoker.java:1153)
	at org.testng.internal.TestMethodWorker.invokeTestMethods(TestMethodWorker.java:125)
	at org.testng.internal.TestMethodWorker.run(TestMethodWorker.java:108)
	at org.testng.TestRunner.privateRun(TestRunner.java:771)
	at org.testng.TestRunner.run(TestRunner.java:621)
	at org.testng.SuiteRunner.runTest(SuiteRunner.java:357)
	at org.testng.SuiteRunner.runSequentially(SuiteRunner.java:352)
	at org.testng.SuiteRunner.privateRun(SuiteRunner.java:310)
	at org.testng.SuiteRunner.run(SuiteRunner.java:259)
	at org.testng.SuiteRunnerWorker.runSuite(SuiteRunnerWorker.java:52)
	at org.testng.SuiteRunnerWorker.run(SuiteRunnerWorker.java:86)
	at org.testng.TestNG.runSuitesSequentially(TestNG.java:1199)
	at org.testng.TestNG.runSuitesLocally(TestNG.java:1124)
	at org.testng.TestNG.run(TestNG.java:1032)
	at org.apache.maven.surefire.testng.TestNGExecutor.run(TestNGExecutor.java:91)
	at org.apache.maven.surefire.testng.TestNGDirectoryTestSuite.executeSingleClass(TestNGDirectoryTestSuite.java:128)
	at org.apache.maven.surefire.testng.TestNGDirectoryTestSuite.execute(TestNGDirectoryTestSuite.java:112)
	at org.apache.maven.surefire.testng.TestNGProvider.invoke(TestNGProvider.java:113)
	at org.apache.maven.surefire.booter.ForkedBooter.invokeProviderInSameClassLoader(ForkedBooter.java:200)
	at org.apache.maven.surefire.booter.ForkedBooter.runSuitesInProcess(ForkedBooter.java:153)
	at org.apache.maven.surefire.booter.ForkedBooter.main(ForkedBooter.java:103)
Caused by: org.openqa.selenium.remote.ScreenshotException: Screen shot has been taken
Build info: version: &apos;2.46.0&apos;, revision: &apos;61506a4624b13675f24581e453592342b7485d71&apos;, time: &apos;2015-06-04 10:22:50&apos;
System info: host: &apos;LNDA0021&apos;, ip: &apos;10.161.239.74&apos;, os.name: &apos;Windows 7&apos;, os.arch: &apos;x86&apos;, os.version: &apos;6.1&apos;, java.version: &apos;1.8.0_51&apos;
Driver info: driver.version: RemoteWebDriver
	at org.openqa.selenium.remote.ErrorHandler.throwIfResponseFailed(ErrorHandler.java:136)
	... 33 more
Caused by: org.openqa.selenium.WebDriverException: unknown error: Element is not clickable at point (805, 135). Other element would receive the click: &lt;paper-icon-button class=&quot;toggle style-scope cl-rolling-week x-scope paper-icon-button-0 expanded&quot; role=&quot;button&quot; tabindex=&quot;0&quot; aria-disabled=&quot;false&quot;&gt;...&lt;/paper-icon-button&gt;
  (Session info: chrome=45.0.2454.101)
  (Driver info: chromedriver=2.9.248315,platform=Windows NT 6.2 x86_64) (WARNING: The server did not provide any stacktrace information)
Command duration or timeout: 62 milliseconds
Build info: version: &apos;2.46.0&apos;, revision: &apos;87c69e2&apos;, time: &apos;2015-06-04 16:16:47&apos;
System info: host: &apos;mindtaptest06&apos;, ip: &apos;10.161.126.78&apos;, os.name: &apos;Windows 8&apos;, os.arch: &apos;amd64&apos;, os.version: &apos;6.2&apos;, java.version: &apos;1.7.0_17&apos;
Session ID: 6edf282f1911caeb5d4421dd470a14f1
Driver info: org.openqa.selenium.chrome.ChromeDriver
Capabilities [{platform=WIN8, acceptSslCerts=true, javascriptEnabled=true, browserName=chrome, chrome={userDataDir=C:\Users\qaadmin\AppData\Local\Temp\scoped_dir1548_6083}, rotatable=false, locationContextEnabled=true, version=45.0.2454.101, takesHeapSnapshot=true, cssSelectorsEnabled=true, databaseEnabled=false, handlesAlerts=true, browserConnectionEnabled=false, webStorageEnabled=true, nativeEvents=true, applicationCacheEnabled=false, takesScreenshot=true}]
Build info: version: &apos;2.46.0&apos;, revision: &apos;61506a4624b13675f24581e453592342b7485d71&apos;, time: &apos;2015-06-04 10:22:50&apos;
System info: host: &apos;LNDA0021&apos;, ip: &apos;10.161.239.74&apos;, os.name: &apos;Windows 7&apos;, os.arch: &apos;x86&apos;, os.version: &apos;6.1&apos;, java.version: &apos;1.8.0_51&apos;
Driver info: driver.version: RemoteWebDriver
	at sun.reflect.NativeConstructorAccessorImpl.newInstance0(Native Method)
	at sun.reflect.NativeConstructorAccessorImpl.newInstance(Unknown Source)
	at sun.reflect.DelegatingConstructorAccessorImpl.newInstance(Unknown Source)
	at java.lang.reflect.Constructor.newInstance(Unknown Source)
	at org.openqa.selenium.remote.ErrorHandler.createThrowable(ErrorHandler.java:204)
	at org.openqa.selenium.remote.ErrorHandler.throwIfResponseFailed(ErrorHandler.java:156)
	at org.openqa.selenium.remote.RemoteWebDriver.execute(RemoteWebDriver.java:605)
	at org.openqa.selenium.remote.RemoteWebElement.execute(RemoteWebElement.java:269)
	at org.openqa.selenium.remote.RemoteWebElement.click(RemoteWebElement.java:80)
	at sun.reflect.GeneratedMethodAccessor27.invoke(Unknown Source)
	at sun.reflect.DelegatingMethodAccessorImpl.invoke(Unknown Source)
	at java.lang.reflect.Method.invoke(Unknown Source)
	at org.openqa.selenium.support.events.EventFiringWebDriver$EventFiringWebElement$1.invoke(EventFiringWebDriver.java:332)
	at com.sun.proxy.$Proxy2.click(Unknown Source)
	at org.openqa.selenium.support.events.EventFiringWebDriver$EventFiringWebElement.click(EventFiringWebDriver.java:345)
	at sun.reflect.GeneratedMethodAccessor27.invoke(Unknown Source)
	at sun.reflect.DelegatingMethodAccessorImpl.invoke(Unknown Source)
	at java.lang.reflect.Method.invoke(Unknown Source)
	at org.openqa.selenium.remote.server.KnownElements$1.invoke(KnownElements.java:64)
	at com.sun.proxy.$Proxy3.click(Unknown Source)
	at org.openqa.selenium.remote.server.handler.ClickElement.call(ClickElement.java:30)
	at org.openqa.selenium.remote.server.handler.ClickElement.call(ClickElement.java:1)
	at java.util.concurrent.FutureTask$Sync.innerRun(Unknown Source)
	at java.util.concurrent.FutureTask.run(Unknown Source)
	at org.openqa.selenium.remote.server.DefaultSession$1.run(DefaultSession.java:176)
	at java.util.concurrent.ThreadPoolExecutor.runWorker(Unknown Source)
	at java.util.concurrent.ThreadPoolExecutor$Worker.run(Unknown Source)
	at java.lang.Thread.run(Unknown Source)
</pre></div></td>
<td>3</td>
<td>com.qait.mindtap.tests.NG_30181.TC04_Instructor_Launch_the_Course@17f6480</td></tr>
</table><p>
<table width='100%' border='1' class='invocation-passed'>
<tr><td colspan='4' align='center'><b>PASSED TESTS</b></td></tr>
<tr><td><b>Test method</b></td>
<td width="30%"><b>Exception</b></td>
<td width="10%"><b>Time (seconds)</b></td>
<td><b>Instance</b></td>
</tr>
<tr>
<td title='com.qait.mindtap.tests.NG_30181.TC04_Instructor_Launch_the_Course.Step_01_Instructor_Logs_in_to_the_Application()'><b>Step_01_Instructor_Logs_in_to_the_Application</b><br>Test class: com.qait.mindtap.tests.NG_30181.TC04_Instructor_Launch_the_Course<br/>
<a href="#Output-5851665" onClick='toggleBox("Output-5851665", this, "Show output", "Hide output");'>Show output</a>

<a href="#Output-5851665" onClick="toggleAllBoxes();">Show all outputs</a>
<div class='log' id="Output-5851665">
[ASSERT PASS]: PageTitle for NG-30181-LoginPage contains: 'Cengage Learning - Login'.<br/>
[INFO]: log into the application using credentials 'kajal.inst@qaittest.com / A111111'<br/>
[ASSERT PASS]: PageTitle for NG-30181-InstructorPage contains: 'Instructor SSO - Instructor Resource Center'.<br/>
</div>
</td>
<td></td>
<td>8</td>
<td>com.qait.mindtap.tests.NG_30181.TC04_Instructor_Launch_the_Course@17f6480</td></tr>
<tr>
<td title='com.qait.mindtap.tests.NG_30181.TC04_Instructor_Launch_the_Course.Step_02_Instructor_Manages_Course_From_SSO()'><b>Step_02_Instructor_Manages_Course_From_SSO</b><br>Test class: com.qait.mindtap.tests.NG_30181.TC04_Instructor_Launch_the_Course<br/>
<a href="#Output-13067009" onClick='toggleBox("Output-13067009", this, "Show output", "Hide output");'>Show output</a>

<a href="#Output-13067009" onClick="toggleAllBoxes();">Show all outputs</a>
<div class='log' id="Output-13067009">
[ASSERT PASS]: element pageTitle with text Instructor Resource Center is displayed.<br/>
[ASSERT PASS]: element courseOperation with text Manage Course is displayed.<br/>
</div>
</td>
<td></td>
<td>6</td>
<td>com.qait.mindtap.tests.NG_30181.TC04_Instructor_Launch_the_Course@17f6480</td></tr>
<tr>
<td title='com.qait.mindtap.tests.NG_30181.TC04_Instructor_Launch_the_Course.Step_03_Instructor_Enrols_TA_IN_Course()'><b>Step_03_Instructor_Enrols_TA_IN_Course</b><br>Test class: com.qait.mindtap.tests.NG_30181.TC04_Instructor_Launch_the_Course<br/>
<a href="#Output-23304318" onClick='toggleBox("Output-23304318", this, "Show output", "Hide output");'>Show output</a>

<a href="#Output-23304318" onClick="toggleAllBoxes();">Show all outputs</a>
<div class='log' id="Output-23304318">
[ASSERT PASS]: element btnAddInstructorTA is displayed.<br/>
[ASSERT PASS]: element inputEmailId is displayed.<br/>
[ASSERT PASS]: element btnAdd is displayed.<br/>
[ASSERT PASS]: element courseLink with text Mayank Test Book-Automated Mindtap13Oct_12:2:11 is displayed.<br/>
</div>
</td>
<td></td>
<td>20</td>
<td>com.qait.mindtap.tests.NG_30181.TC04_Instructor_Launch_the_Course@17f6480</td></tr>
<tr>
<td title='com.qait.mindtap.tests.NG_30181.TC04_Instructor_Launch_the_Course.Step_04_verify_Spalsh_Page_Dispalys_Automatically()'><b>Step_04_verify_Spalsh_Page_Dispalys_Automatically</b><br>Test class: com.qait.mindtap.tests.NG_30181.TC04_Instructor_Launch_the_Course</td>
<td></td>
<td>0</td>
<td>com.qait.mindtap.tests.NG_30181.TC04_Instructor_Launch_the_Course@17f6480</td></tr>
<tr>
<td title='com.qait.mindtap.tests.NG_30181.TC04_Instructor_Launch_the_Course.Step_05_Verify_Weeks_CurrentWeekIcon_Displays_Along_Month_and_Date()'><b>Step_05_Verify_Weeks_CurrentWeekIcon_Displays_Along_Month_and_Date</b><br>Test class: com.qait.mindtap.tests.NG_30181.TC04_Instructor_Launch_the_Course<br/>
<a href="#Output-10395576" onClick='toggleBox("Output-10395576", this, "Show output", "Hide output");'>Show output</a>

<a href="#Output-10395576" onClick="toggleAllBoxes();">Show all outputs</a>
<div class='log' id="Output-10395576">
[ASSERT PASS]: element currentWeekIcon is displayed.<br/>
[ASSERT PASS]: Current Week icon is displayed<br/>
[ASSERT PASS]: element textWeek is displayed.<br/>
[ASSERT PASS]: Week is Displayed along with countWEEK 1<br/>
[ASSERT PASS]: element monthDate is displayed.<br/>
[ASSERT PASS]: Oct Month is displayed<br/>
[ASSERT PASS]: along with date 12<br/>
</div>
</td>
<td></td>
<td>49</td>
<td>com.qait.mindtap.tests.NG_30181.TC04_Instructor_Launch_the_Course@17f6480</td></tr>
</table><p>
<table width='100%' border='1' class='invocation-skipped'>
<tr><td colspan='4' align='center'><b>SKIPPED TESTS</b></td></tr>
<tr><td><b>Test method</b></td>
<td width="30%"><b>Exception</b></td>
<td width="10%"><b>Time (seconds)</b></td>
<td><b>Instance</b></td>
</tr>
<tr>
<td title='com.qait.mindtap.tests.NG_30181.TC04_Instructor_Launch_the_Course.Step_07_user_LogOut()'><b>Step_07_user_LogOut</b><br>Test class: com.qait.mindtap.tests.NG_30181.TC04_Instructor_Launch_the_Course</td>
<td><div><pre>java.lang.Throwable: Method TC04_Instructor_Launch_the_Course.Step_07_user_LogOut()[pri:0, instance:com.qait.mindtap.tests.NG_30181.TC04_Instructor_Launch_the_Course@17f6480] depends on not successfully finished methods
... Removed 21 stack frames</pre></div><a href='#' onClick='toggleBox("stack-trace26005746", this, "Click to show all stack frames", "Click to hide stack frames")'>Click to show all stack frames</a>
<div class='stack-trace' id='stack-trace26005746'><pre>java.lang.Throwable: Method TC04_Instructor_Launch_the_Course.Step_07_user_LogOut()[pri:0, instance:com.qait.mindtap.tests.NG_30181.TC04_Instructor_Launch_the_Course@17f6480] depends on not successfully finished methods
	at org.testng.internal.Invoker.invokeTestMethods(Invoker.java:1063)
	at org.testng.internal.TestMethodWorker.invokeTestMethods(TestMethodWorker.java:125)
	at org.testng.internal.TestMethodWorker.run(TestMethodWorker.java:108)
	at org.testng.TestRunner.privateRun(TestRunner.java:771)
	at org.testng.TestRunner.run(TestRunner.java:621)
	at org.testng.SuiteRunner.runTest(SuiteRunner.java:357)
	at org.testng.SuiteRunner.runSequentially(SuiteRunner.java:352)
	at org.testng.SuiteRunner.privateRun(SuiteRunner.java:310)
	at org.testng.SuiteRunner.run(SuiteRunner.java:259)
	at org.testng.SuiteRunnerWorker.runSuite(SuiteRunnerWorker.java:52)
	at org.testng.SuiteRunnerWorker.run(SuiteRunnerWorker.java:86)
	at org.testng.TestNG.runSuitesSequentially(TestNG.java:1199)
	at org.testng.TestNG.runSuitesLocally(TestNG.java:1124)
	at org.testng.TestNG.run(TestNG.java:1032)
	at org.apache.maven.surefire.testng.TestNGExecutor.run(TestNGExecutor.java:91)
	at org.apache.maven.surefire.testng.TestNGDirectoryTestSuite.executeSingleClass(TestNGDirectoryTestSuite.java:128)
	at org.apache.maven.surefire.testng.TestNGDirectoryTestSuite.execute(TestNGDirectoryTestSuite.java:112)
	at org.apache.maven.surefire.testng.TestNGProvider.invoke(TestNGProvider.java:113)
	at org.apache.maven.surefire.booter.ForkedBooter.invokeProviderInSameClassLoader(ForkedBooter.java:200)
	at org.apache.maven.surefire.booter.ForkedBooter.runSuitesInProcess(ForkedBooter.java:153)
	at org.apache.maven.surefire.booter.ForkedBooter.main(ForkedBooter.java:103)
</pre></div></td>
<td>0</td>
<td>null</td></tr>
<tr>
<td title='com.qait.mindtap.tests.NG_30181.TC04_Instructor_Launch_the_Course.Step_07_verify_Splash_Page()'><b>Step_07_verify_Splash_Page</b><br>Test class: com.qait.mindtap.tests.NG_30181.TC04_Instructor_Launch_the_Course</td>
<td><div><pre>java.lang.Throwable: Method TC04_Instructor_Launch_the_Course.Step_07_verify_Splash_Page()[pri:0, instance:com.qait.mindtap.tests.NG_30181.TC04_Instructor_Launch_the_Course@17f6480] depends on not successfully finished methods
... Removed 21 stack frames</pre></div><a href='#' onClick='toggleBox("stack-trace13117403", this, "Click to show all stack frames", "Click to hide stack frames")'>Click to show all stack frames</a>
<div class='stack-trace' id='stack-trace13117403'><pre>java.lang.Throwable: Method TC04_Instructor_Launch_the_Course.Step_07_verify_Splash_Page()[pri:0, instance:com.qait.mindtap.tests.NG_30181.TC04_Instructor_Launch_the_Course@17f6480] depends on not successfully finished methods
	at org.testng.internal.Invoker.invokeTestMethods(Invoker.java:1063)
	at org.testng.internal.TestMethodWorker.invokeTestMethods(TestMethodWorker.java:125)
	at org.testng.internal.TestMethodWorker.run(TestMethodWorker.java:108)
	at org.testng.TestRunner.privateRun(TestRunner.java:771)
	at org.testng.TestRunner.run(TestRunner.java:621)
	at org.testng.SuiteRunner.runTest(SuiteRunner.java:357)
	at org.testng.SuiteRunner.runSequentially(SuiteRunner.java:352)
	at org.testng.SuiteRunner.privateRun(SuiteRunner.java:310)
	at org.testng.SuiteRunner.run(SuiteRunner.java:259)
	at org.testng.SuiteRunnerWorker.runSuite(SuiteRunnerWorker.java:52)
	at org.testng.SuiteRunnerWorker.run(SuiteRunnerWorker.java:86)
	at org.testng.TestNG.runSuitesSequentially(TestNG.java:1199)
	at org.testng.TestNG.runSuitesLocally(TestNG.java:1124)
	at org.testng.TestNG.run(TestNG.java:1032)
	at org.apache.maven.surefire.testng.TestNGExecutor.run(TestNGExecutor.java:91)
	at org.apache.maven.surefire.testng.TestNGDirectoryTestSuite.executeSingleClass(TestNGDirectoryTestSuite.java:128)
	at org.apache.maven.surefire.testng.TestNGDirectoryTestSuite.execute(TestNGDirectoryTestSuite.java:112)
	at org.apache.maven.surefire.testng.TestNGProvider.invoke(TestNGProvider.java:113)
	at org.apache.maven.surefire.booter.ForkedBooter.invokeProviderInSameClassLoader(ForkedBooter.java:200)
	at org.apache.maven.surefire.booter.ForkedBooter.runSuitesInProcess(ForkedBooter.java:153)
	at org.apache.maven.surefire.booter.ForkedBooter.main(ForkedBooter.java:103)
</pre></div></td>
<td>0</td>
<td>null</td></tr>
<tr>
<td title='com.qait.mindtap.tests.NG_30181.TC04_Instructor_Launch_the_Course.Step_08_Verify_Rolling_Week_UI()'><b>Step_08_Verify_Rolling_Week_UI</b><br>Test class: com.qait.mindtap.tests.NG_30181.TC04_Instructor_Launch_the_Course</td>
<td><div><pre>java.lang.Throwable: Method TC04_Instructor_Launch_the_Course.Step_08_Verify_Rolling_Week_UI()[pri:0, instance:com.qait.mindtap.tests.NG_30181.TC04_Instructor_Launch_the_Course@17f6480] depends on not successfully finished methods
... Removed 21 stack frames</pre></div><a href='#' onClick='toggleBox("stack-trace24930502", this, "Click to show all stack frames", "Click to hide stack frames")'>Click to show all stack frames</a>
<div class='stack-trace' id='stack-trace24930502'><pre>java.lang.Throwable: Method TC04_Instructor_Launch_the_Course.Step_08_Verify_Rolling_Week_UI()[pri:0, instance:com.qait.mindtap.tests.NG_30181.TC04_Instructor_Launch_the_Course@17f6480] depends on not successfully finished methods
	at org.testng.internal.Invoker.invokeTestMethods(Invoker.java:1063)
	at org.testng.internal.TestMethodWorker.invokeTestMethods(TestMethodWorker.java:125)
	at org.testng.internal.TestMethodWorker.run(TestMethodWorker.java:108)
	at org.testng.TestRunner.privateRun(TestRunner.java:771)
	at org.testng.TestRunner.run(TestRunner.java:621)
	at org.testng.SuiteRunner.runTest(SuiteRunner.java:357)
	at org.testng.SuiteRunner.runSequentially(SuiteRunner.java:352)
	at org.testng.SuiteRunner.privateRun(SuiteRunner.java:310)
	at org.testng.SuiteRunner.run(SuiteRunner.java:259)
	at org.testng.SuiteRunnerWorker.runSuite(SuiteRunnerWorker.java:52)
	at org.testng.SuiteRunnerWorker.run(SuiteRunnerWorker.java:86)
	at org.testng.TestNG.runSuitesSequentially(TestNG.java:1199)
	at org.testng.TestNG.runSuitesLocally(TestNG.java:1124)
	at org.testng.TestNG.run(TestNG.java:1032)
	at org.apache.maven.surefire.testng.TestNGExecutor.run(TestNGExecutor.java:91)
	at org.apache.maven.surefire.testng.TestNGDirectoryTestSuite.executeSingleClass(TestNGDirectoryTestSuite.java:128)
	at org.apache.maven.surefire.testng.TestNGDirectoryTestSuite.execute(TestNGDirectoryTestSuite.java:112)
	at org.apache.maven.surefire.testng.TestNGProvider.invoke(TestNGProvider.java:113)
	at org.apache.maven.surefire.booter.ForkedBooter.invokeProviderInSameClassLoader(ForkedBooter.java:200)
	at org.apache.maven.surefire.booter.ForkedBooter.runSuitesInProcess(ForkedBooter.java:153)
	at org.apache.maven.surefire.booter.ForkedBooter.main(ForkedBooter.java:103)
</pre></div></td>
<td>0</td>
<td>null</td></tr>
</table><p>
</body>
</html>