<?xml version="1.0" encoding="UTF-8"?>
<!-- Generated by org.testng.reporters.JUnitReportReporter -->
<testsuite hostname="LNDA0021" name="com.qait.mindtap.tests.NG_30104.NG_30181_TC04_Instructor_Launch_the_Course" tests="9" failures="1" timestamp="1 Oct 2015 13:57:35 GMT" time="120.762" errors="1">
  <testcase name="Step_03_Instructor_Enrols_TA_IN_Course" time="25.681" classname="com.qait.mindtap.tests.NG_30104.NG_30181_TC04_Instructor_Launch_the_Course"/>
  <testcase name="Step_05_Verify_Weeks_CurrentWeekIcon_Displays_Along_Month_and_Date" time="27.859" classname="com.qait.mindtap.tests.NG_30104.NG_30181_TC04_Instructor_Launch_the_Course"/>
  <testcase name="Step_01_Instructor_Logs_in_to_the_Application" time="30.890" classname="com.qait.mindtap.tests.NG_30104.NG_30181_TC04_Instructor_Launch_the_Course"/>
  <testcase name="Step_07_verify_Splash_Page" time="2.752" classname="com.qait.mindtap.tests.NG_30104.NG_30181_TC04_Instructor_Launch_the_Course"/>
  <testcase name="Step_02_Instructor_Manages_Course_From_SSO" time="7.476" classname="com.qait.mindtap.tests.NG_30104.NG_30181_TC04_Instructor_Launch_the_Course"/>
  <testcase name="Step_07_Instructor_SignOut" time="0.000" classname="com.qait.mindtap.tests.NG_30104.NG_30181_TC04_Instructor_Launch_the_Course">
    <error type="java.lang.Throwable" message="Method NG_30181_TC04_Instructor_Launch_the_Course.Step_07_Instructor_SignOut()[pri:0, instance:com.qait.mindtap.tests.NG_30104.NG_30181_TC04_Instructor_Launch_the_Course@115b42e] depends on not successfully finished methods">
      <![CDATA[java.lang.Throwable: Method NG_30181_TC04_Instructor_Launch_the_Course.Step_07_Instructor_SignOut()[pri:0, instance:com.qait.mindtap.tests.NG_30104.NG_30181_TC04_Instructor_Launch_the_Course@115b42e] depends on not successfully finished methods
	at org.testng.internal.Invoker.invokeTestMethods(Invoker.java:1063)
	at org.testng.internal.TestMethodWorker.invokeTestMethods(TestMethodWorker.java:125)
	at org.testng.internal.TestMethodWorker.run(TestMethodWorker.java:108)
	at org.testng.TestRunner.privateRun(TestRunner.java:771)
	at org.testng.TestRunner.run(TestRunner.java:621)
	at org.testng.SuiteRunner.runTest(SuiteRunner.java:357)
	at org.testng.SuiteRunner.runSequentially(SuiteRunner.java:352)
	at org.testng.SuiteRunner.privateRun(SuiteRunner.java:310)
	at org.testng.SuiteRunner.run(SuiteRunner.java:259)
	at org.testng.SuiteRunnerWorker.runSuite(SuiteRunnerWorker.java:52)
	at org.testng.SuiteRunnerWorker.run(SuiteRunnerWorker.java:86)
	at org.testng.TestNG.runSuitesSequentially(TestNG.java:1199)
	at org.testng.TestNG.runSuitesLocally(TestNG.java:1124)
	at org.testng.TestNG.run(TestNG.java:1032)
	at org.apache.maven.surefire.testng.TestNGExecutor.run(TestNGExecutor.java:217)
	at org.apache.maven.surefire.testng.TestNGXmlTestSuite.execute(TestNGXmlTestSuite.java:84)
	at org.apache.maven.surefire.testng.TestNGProvider.invoke(TestNGProvider.java:92)
	at org.apache.maven.surefire.booter.ForkedBooter.invokeProviderInSameClassLoader(ForkedBooter.java:200)
	at org.apache.maven.surefire.booter.ForkedBooter.runSuitesInProcess(ForkedBooter.java:153)
	at org.apache.maven.surefire.booter.ForkedBooter.main(ForkedBooter.java:103)
]]>
    </error>
  </testcase> <!-- Step_07_Instructor_SignOut -->
  <testcase name="Step_08_Verify_Rolling_Week_UI" time="18.001" classname="com.qait.mindtap.tests.NG_30104.NG_30181_TC04_Instructor_Launch_the_Course">
    <failure type="java.lang.AssertionError" message="[ASSERT FAIL]: color of coursename is not blue expected [true] but found [false]">
      <![CDATA[java.lang.AssertionError: [ASSERT FAIL]: color of coursename is not blue expected [true] but found [false]
	at org.testng.Assert.fail(Assert.java:94)
	at org.testng.Assert.failNotEquals(Assert.java:496)
	at org.testng.Assert.assertTrue(Assert.java:42)
	at com.qait.mindtap.keywords.NG_30104.WeekWidgetActions.couresNameInBlueHeader(WeekWidgetActions.java:16)
	at com.qait.mindtap.tests.NG_30104.NG_30181_TC04_Instructor_Launch_the_Course.Step_08_Verify_Rolling_Week_UI(NG_30181_TC04_Instructor_Launch_the_Course.java:84)
	at sun.reflect.NativeMethodAccessorImpl.invoke0(Native Method)
	at sun.reflect.NativeMethodAccessorImpl.invoke(NativeMethodAccessorImpl.java:62)
	at sun.reflect.DelegatingMethodAccessorImpl.invoke(DelegatingMethodAccessorImpl.java:43)
	at java.lang.reflect.Method.invoke(Method.java:497)
	at org.testng.internal.MethodInvocationHelper.invokeMethod(MethodInvocationHelper.java:85)
	at org.testng.internal.Invoker.invokeMethod(Invoker.java:659)
	at org.testng.internal.Invoker.invokeTestMethod(Invoker.java:845)
	at org.testng.internal.Invoker.invokeTestMethods(Invoker.java:1153)
	at org.testng.internal.TestMethodWorker.invokeTestMethods(TestMethodWorker.java:125)
	at org.testng.internal.TestMethodWorker.run(TestMethodWorker.java:108)
	at org.testng.TestRunner.privateRun(TestRunner.java:771)
	at org.testng.TestRunner.run(TestRunner.java:621)
	at org.testng.SuiteRunner.runTest(SuiteRunner.java:357)
	at org.testng.SuiteRunner.runSequentially(SuiteRunner.java:352)
	at org.testng.SuiteRunner.privateRun(SuiteRunner.java:310)
	at org.testng.SuiteRunner.run(SuiteRunner.java:259)
	at org.testng.SuiteRunnerWorker.runSuite(SuiteRunnerWorker.java:52)
	at org.testng.SuiteRunnerWorker.run(SuiteRunnerWorker.java:86)
	at org.testng.TestNG.runSuitesSequentially(TestNG.java:1199)
	at org.testng.TestNG.runSuitesLocally(TestNG.java:1124)
	at org.testng.TestNG.run(TestNG.java:1032)
	at org.apache.maven.surefire.testng.TestNGExecutor.run(TestNGExecutor.java:217)
	at org.apache.maven.surefire.testng.TestNGXmlTestSuite.execute(TestNGXmlTestSuite.java:84)
	at org.apache.maven.surefire.testng.TestNGProvider.invoke(TestNGProvider.java:92)
	at org.apache.maven.surefire.booter.ForkedBooter.invokeProviderInSameClassLoader(ForkedBooter.java:200)
	at org.apache.maven.surefire.booter.ForkedBooter.runSuitesInProcess(ForkedBooter.java:153)
	at org.apache.maven.surefire.booter.ForkedBooter.main(ForkedBooter.java:103)
]]>
    </failure>
  </testcase> <!-- Step_08_Verify_Rolling_Week_UI -->
  <testcase name="Step_06_Verify_Expand_Collapse_Functionality" time="2.301" classname="com.qait.mindtap.tests.NG_30104.NG_30181_TC04_Instructor_Launch_the_Course"/>
  <testcase name="Step_04_verify_Spalsh_Page_Dispalys_Automatically" time="5.802" classname="com.qait.mindtap.tests.NG_30104.NG_30181_TC04_Instructor_Launch_the_Course"/>
</testsuite> <!-- com.qait.mindtap.tests.NG_30104.NG_30181_TC04_Instructor_Launch_the_Course -->
