<?xml version="1.0" encoding="UTF-8"?>
<!-- Generated by org.testng.reporters.JUnitReportReporter -->
<testsuite hostname="LNDA0021" name="com.qait.mindtap.tests.NG_30104.NG_30181_TC01_Admin_login_and_search_the_isbn_under_master_Tab" tests="4" failures="0" timestamp="1 Oct 2015 13:57:35 GMT" time="70.605" errors="2">
  <testcase name="Step_02_Admin_Search_Course_using_ISBN" time="1.680" classname="com.qait.mindtap.tests.NG_30104.NG_30181_TC01_Admin_login_and_search_the_isbn_under_master_Tab"/>
  <testcase name="Step_04_Admin_Logs_Out" time="0.000" classname="com.qait.mindtap.tests.NG_30104.NG_30181_TC01_Admin_login_and_search_the_isbn_under_master_Tab">
    <error type="java.lang.Throwable" message="Method NG_30181_TC01_Admin_login_and_search_the_isbn_under_master_Tab.Step_04_Admin_Logs_Out()[pri:0, instance:com.qait.mindtap.tests.NG_30104.NG_30181_TC01_Admin_login_and_search_the_isbn_under_master_Tab@cf57e3] depends on not successfully finished methods">
      <![CDATA[java.lang.Throwable: Method NG_30181_TC01_Admin_login_and_search_the_isbn_under_master_Tab.Step_04_Admin_Logs_Out()[pri:0, instance:com.qait.mindtap.tests.NG_30104.NG_30181_TC01_Admin_login_and_search_the_isbn_under_master_Tab@cf57e3] depends on not successfully finished methods
	at org.testng.internal.Invoker.invokeTestMethods(Invoker.java:1063)
	at org.testng.internal.TestMethodWorker.invokeTestMethods(TestMethodWorker.java:125)
	at org.testng.internal.TestMethodWorker.run(TestMethodWorker.java:108)
	at org.testng.TestRunner.privateRun(TestRunner.java:771)
	at org.testng.TestRunner.run(TestRunner.java:621)
	at org.testng.SuiteRunner.runTest(SuiteRunner.java:357)
	at org.testng.SuiteRunner.runSequentially(SuiteRunner.java:352)
	at org.testng.SuiteRunner.privateRun(SuiteRunner.java:310)
	at org.testng.SuiteRunner.run(SuiteRunner.java:259)
	at org.testng.SuiteRunnerWorker.runSuite(SuiteRunnerWorker.java:52)
	at org.testng.SuiteRunnerWorker.run(SuiteRunnerWorker.java:86)
	at org.testng.TestNG.runSuitesSequentially(TestNG.java:1199)
	at org.testng.TestNG.runSuitesLocally(TestNG.java:1124)
	at org.testng.TestNG.run(TestNG.java:1032)
	at org.apache.maven.surefire.testng.TestNGExecutor.run(TestNGExecutor.java:217)
	at org.apache.maven.surefire.testng.TestNGXmlTestSuite.execute(TestNGXmlTestSuite.java:84)
	at org.apache.maven.surefire.testng.TestNGProvider.invoke(TestNGProvider.java:92)
	at org.apache.maven.surefire.booter.ForkedBooter.invokeProviderInSameClassLoader(ForkedBooter.java:200)
	at org.apache.maven.surefire.booter.ForkedBooter.runSuitesInProcess(ForkedBooter.java:153)
	at org.apache.maven.surefire.booter.ForkedBooter.main(ForkedBooter.java:103)
]]>
    </error>
  </testcase> <!-- Step_04_Admin_Logs_Out -->
  <testcase name="Step_03_Admin_Verify_Course_Andesite_mode_checked" time="64.095" classname="com.qait.mindtap.tests.NG_30104.NG_30181_TC01_Admin_login_and_search_the_isbn_under_master_Tab">
    <error type="java.lang.NullPointerException">
      <![CDATA[java.lang.NullPointerException
	at org.openqa.selenium.support.ui.ExpectedConditions.elementIfVisible(ExpectedConditions.java:302)
	at org.openqa.selenium.support.ui.ExpectedConditions.access$100(ExpectedConditions.java:41)
	at org.openqa.selenium.support.ui.ExpectedConditions$10.apply(ExpectedConditions.java:288)
	at org.openqa.selenium.support.ui.ExpectedConditions$10.apply(ExpectedConditions.java:285)
	at org.openqa.selenium.support.ui.FluentWait.until(FluentWait.java:209)
	at com.qait.mindtap.automation.utils.SeleniumWait.waitForElementToBeVisible(SeleniumWait.java:53)
	at com.qait.mindtap.automation.getpageobjects.GetPage.isElementDisplayed(GetPage.java:245)
	at com.qait.mindtap.keywords.NG_30104.NG_30181_AdminPageActions.open_Course_In_Edit_Mode(NG_30181_AdminPageActions.java:45)
	at com.qait.mindtap.tests.NG_30104.NG_30181_TC01_Admin_login_and_search_the_isbn_under_master_Tab.Step_03_Admin_Verify_Course_Andesite_mode_checked(NG_30181_TC01_Admin_login_and_search_the_isbn_under_master_Tab.java:47)
	at sun.reflect.NativeMethodAccessorImpl.invoke0(Native Method)
	at sun.reflect.NativeMethodAccessorImpl.invoke(NativeMethodAccessorImpl.java:62)
	at sun.reflect.DelegatingMethodAccessorImpl.invoke(DelegatingMethodAccessorImpl.java:43)
	at java.lang.reflect.Method.invoke(Method.java:497)
	at org.testng.internal.MethodInvocationHelper.invokeMethod(MethodInvocationHelper.java:85)
	at org.testng.internal.Invoker.invokeMethod(Invoker.java:659)
	at org.testng.internal.Invoker.invokeTestMethod(Invoker.java:845)
	at org.testng.internal.Invoker.invokeTestMethods(Invoker.java:1153)
	at org.testng.internal.TestMethodWorker.invokeTestMethods(TestMethodWorker.java:125)
	at org.testng.internal.TestMethodWorker.run(TestMethodWorker.java:108)
	at org.testng.TestRunner.privateRun(TestRunner.java:771)
	at org.testng.TestRunner.run(TestRunner.java:621)
	at org.testng.SuiteRunner.runTest(SuiteRunner.java:357)
	at org.testng.SuiteRunner.runSequentially(SuiteRunner.java:352)
	at org.testng.SuiteRunner.privateRun(SuiteRunner.java:310)
	at org.testng.SuiteRunner.run(SuiteRunner.java:259)
	at org.testng.SuiteRunnerWorker.runSuite(SuiteRunnerWorker.java:52)
	at org.testng.SuiteRunnerWorker.run(SuiteRunnerWorker.java:86)
	at org.testng.TestNG.runSuitesSequentially(TestNG.java:1199)
	at org.testng.TestNG.runSuitesLocally(TestNG.java:1124)
	at org.testng.TestNG.run(TestNG.java:1032)
	at org.apache.maven.surefire.testng.TestNGExecutor.run(TestNGExecutor.java:217)
	at org.apache.maven.surefire.testng.TestNGXmlTestSuite.execute(TestNGXmlTestSuite.java:84)
	at org.apache.maven.surefire.testng.TestNGProvider.invoke(TestNGProvider.java:92)
	at org.apache.maven.surefire.booter.ForkedBooter.invokeProviderInSameClassLoader(ForkedBooter.java:200)
	at org.apache.maven.surefire.booter.ForkedBooter.runSuitesInProcess(ForkedBooter.java:153)
	at org.apache.maven.surefire.booter.ForkedBooter.main(ForkedBooter.java:103)
]]>
    </error>
  </testcase> <!-- Step_03_Admin_Verify_Course_Andesite_mode_checked -->
  <testcase name="Step_01_Admin_Logs_in_to_the_Application" time="4.830" classname="com.qait.mindtap.tests.NG_30104.NG_30181_TC01_Admin_login_and_search_the_isbn_under_master_Tab"/>
</testsuite> <!-- com.qait.mindtap.tests.NG_30104.NG_30181_TC01_Admin_login_and_search_the_isbn_under_master_Tab -->
